2024-01-29T10:28:12+00:00 CRITICAL Uncaught RuntimeException: Det gick inte att göra anspråk på åtgärder. Databasfel: Table 'handelstore.wp_actionscheduler_actions' doesn't exist. in /var/www/html/handelstore/wp-content/plugins/woocommerce/packages/action-scheduler/classes/data-stores/ActionScheduler_DBStore.php:942
Stack trace:
#0 /var/www/html/handelstore/wp-content/plugins/woocommerce/packages/action-scheduler/classes/data-stores/ActionScheduler_DBStore.php(799): ActionScheduler_DBStore->claim_actions()
#1 /var/www/html/handelstore/wp-content/plugins/woocommerce/packages/action-scheduler/classes/data-stores/ActionScheduler_HybridStore.php(221): ActionScheduler_DBStore->stake_claim()
#2 /var/www/html/handelstore/wp-content/plugins/woocommerce/packages/action-scheduler/classes/ActionScheduler_QueueRunner.php(160): ActionScheduler_HybridStore->stake_claim()
#3 /var/www/html/handelstore/wp-content/plugins/woocommerce/packages/action-scheduler/classes/ActionScheduler_QueueRunner.php(139): ActionScheduler_QueueRunner->do_batch()
#4 /var/www/html/handelstore/wp-includes/class-wp-hook.php(324): ActionScheduler_QueueRunner->run()
#5 /var/www/html/handelstore/wp-includes/class-wp-hook.php(348): WP_Hook->apply_filters()
#6 /var/www/html/handelstore/wp-includes/plugin.php(565): WP_Hook->do_action()
#7 /var/www/html/handelstore/wp-cron.php(191): do_action_ref_array()
#8 {main}
  thrown i /var/www/html/handelstore/wp-content/plugins/woocommerce/packages/action-scheduler/classes/data-stores/ActionScheduler_DBStore.php på rad 942

2024-01-29T10:40:52+00:00 CRITICAL Uncaught RuntimeException: Det gick inte att göra anspråk på åtgärder. Databasfel: Table 'handelstore.wp_actionscheduler_actions' doesn't exist. in /var/www/html/handelstore/wp-content/plugins/woocommerce/packages/action-scheduler/classes/data-stores/ActionScheduler_DBStore.php:942
Stack trace:
#0 /var/www/html/handelstore/wp-content/plugins/woocommerce/packages/action-scheduler/classes/data-stores/ActionScheduler_DBStore.php(799): ActionScheduler_DBStore->claim_actions()
#1 /var/www/html/handelstore/wp-content/plugins/woocommerce/packages/action-scheduler/classes/data-stores/ActionScheduler_HybridStore.php(221): ActionScheduler_DBStore->stake_claim()
#2 /var/www/html/handelstore/wp-content/plugins/woocommerce/packages/action-scheduler/classes/ActionScheduler_QueueRunner.php(160): ActionScheduler_HybridStore->stake_claim()
#3 /var/www/html/handelstore/wp-content/plugins/woocommerce/packages/action-scheduler/classes/ActionScheduler_QueueRunner.php(139): ActionScheduler_QueueRunner->do_batch()
#4 /var/www/html/handelstore/wp-includes/class-wp-hook.php(324): ActionScheduler_QueueRunner->run()
#5 /var/www/html/handelstore/wp-includes/class-wp-hook.php(348): WP_Hook->apply_filters()
#6 /var/www/html/handelstore/wp-includes/plugin.php(565): WP_Hook->do_action()
#7 /var/www/html/handelstore/wp-cron.php(191): do_action_ref_array()
#8 {main}
  thrown i /var/www/html/handelstore/wp-content/plugins/woocommerce/packages/action-scheduler/classes/data-stores/ActionScheduler_DBStore.php på rad 942

2024-01-29T10:41:58+00:00 CRITICAL Uncaught RuntimeException: Det gick inte att göra anspråk på åtgärder. Databasfel: Table 'handelstore.wp_actionscheduler_actions' doesn't exist. in /var/www/html/handelstore/wp-content/plugins/woocommerce/packages/action-scheduler/classes/data-stores/ActionScheduler_DBStore.php:942
Stack trace:
#0 /var/www/html/handelstore/wp-content/plugins/woocommerce/packages/action-scheduler/classes/data-stores/ActionScheduler_DBStore.php(799): ActionScheduler_DBStore->claim_actions()
#1 /var/www/html/handelstore/wp-content/plugins/woocommerce/packages/action-scheduler/classes/data-stores/ActionScheduler_HybridStore.php(221): ActionScheduler_DBStore->stake_claim()
#2 /var/www/html/handelstore/wp-content/plugins/woocommerce/packages/action-scheduler/classes/ActionScheduler_QueueRunner.php(160): ActionScheduler_HybridStore->stake_claim()
#3 /var/www/html/handelstore/wp-content/plugins/woocommerce/packages/action-scheduler/classes/ActionScheduler_QueueRunner.php(139): ActionScheduler_QueueRunner->do_batch()
#4 /var/www/html/handelstore/wp-includes/class-wp-hook.php(324): ActionScheduler_QueueRunner->run()
#5 /var/www/html/handelstore/wp-includes/class-wp-hook.php(348): WP_Hook->apply_filters()
#6 /var/www/html/handelstore/wp-includes/plugin.php(565): WP_Hook->do_action()
#7 /var/www/html/handelstore/wp-cron.php(191): do_action_ref_array()
#8 {main}
  thrown i /var/www/html/handelstore/wp-content/plugins/woocommerce/packages/action-scheduler/classes/data-stores/ActionScheduler_DBStore.php på rad 942

2024-01-29T10:52:05+00:00 CRITICAL Uncaught RuntimeException: Det gick inte att göra anspråk på åtgärder. Databasfel: Table 'handelstore.wp_actionscheduler_actions' doesn't exist. in /var/www/html/handelstore/wp-content/plugins/woocommerce/packages/action-scheduler/classes/data-stores/ActionScheduler_DBStore.php:942
Stack trace:
#0 /var/www/html/handelstore/wp-content/plugins/woocommerce/packages/action-scheduler/classes/data-stores/ActionScheduler_DBStore.php(799): ActionScheduler_DBStore->claim_actions()
#1 /var/www/html/handelstore/wp-content/plugins/woocommerce/packages/action-scheduler/classes/data-stores/ActionScheduler_HybridStore.php(221): ActionScheduler_DBStore->stake_claim()
#2 /var/www/html/handelstore/wp-content/plugins/woocommerce/packages/action-scheduler/classes/ActionScheduler_QueueRunner.php(160): ActionScheduler_HybridStore->stake_claim()
#3 /var/www/html/handelstore/wp-content/plugins/woocommerce/packages/action-scheduler/classes/ActionScheduler_QueueRunner.php(139): ActionScheduler_QueueRunner->do_batch()
#4 /var/www/html/handelstore/wp-includes/class-wp-hook.php(324): ActionScheduler_QueueRunner->run()
#5 /var/www/html/handelstore/wp-includes/class-wp-hook.php(348): WP_Hook->apply_filters()
#6 /var/www/html/handelstore/wp-includes/plugin.php(565): WP_Hook->do_action()
#7 /var/www/html/handelstore/wp-cron.php(191): do_action_ref_array()
#8 {main}
  thrown i /var/www/html/handelstore/wp-content/plugins/woocommerce/packages/action-scheduler/classes/data-stores/ActionScheduler_DBStore.php på rad 942

2024-01-29T10:53:06+00:00 CRITICAL Uncaught RuntimeException: Det gick inte att göra anspråk på åtgärder. Databasfel: Table 'handelstore.wp_actionscheduler_actions' doesn't exist. in /var/www/html/handelstore/wp-content/plugins/woocommerce/packages/action-scheduler/classes/data-stores/ActionScheduler_DBStore.php:942
Stack trace:
#0 /var/www/html/handelstore/wp-content/plugins/woocommerce/packages/action-scheduler/classes/data-stores/ActionScheduler_DBStore.php(799): ActionScheduler_DBStore->claim_actions()
#1 /var/www/html/handelstore/wp-content/plugins/woocommerce/packages/action-scheduler/classes/data-stores/ActionScheduler_HybridStore.php(221): ActionScheduler_DBStore->stake_claim()
#2 /var/www/html/handelstore/wp-content/plugins/woocommerce/packages/action-scheduler/classes/ActionScheduler_QueueRunner.php(160): ActionScheduler_HybridStore->stake_claim()
#3 /var/www/html/handelstore/wp-content/plugins/woocommerce/packages/action-scheduler/classes/ActionScheduler_QueueRunner.php(139): ActionScheduler_QueueRunner->do_batch()
#4 /var/www/html/handelstore/wp-includes/class-wp-hook.php(324): ActionScheduler_QueueRunner->run()
#5 /var/www/html/handelstore/wp-includes/class-wp-hook.php(348): WP_Hook->apply_filters()
#6 /var/www/html/handelstore/wp-includes/plugin.php(565): WP_Hook->do_action()
#7 /var/www/html/handelstore/wp-cron.php(191): do_action_ref_array()
#8 {main}
  thrown i /var/www/html/handelstore/wp-content/plugins/woocommerce/packages/action-scheduler/classes/data-stores/ActionScheduler_DBStore.php på rad 942

2024-01-29T10:58:28+00:00 CRITICAL Uncaught RuntimeException: Det gick inte att göra anspråk på åtgärder. Databasfel: Table 'handelstore.wp_actionscheduler_actions' doesn't exist. in /var/www/html/handelstore/wp-content/plugins/woocommerce/packages/action-scheduler/classes/data-stores/ActionScheduler_DBStore.php:942
Stack trace:
#0 /var/www/html/handelstore/wp-content/plugins/woocommerce/packages/action-scheduler/classes/data-stores/ActionScheduler_DBStore.php(799): ActionScheduler_DBStore->claim_actions()
#1 /var/www/html/handelstore/wp-content/plugins/woocommerce/packages/action-scheduler/classes/data-stores/ActionScheduler_HybridStore.php(221): ActionScheduler_DBStore->stake_claim()
#2 /var/www/html/handelstore/wp-content/plugins/woocommerce/packages/action-scheduler/classes/ActionScheduler_QueueRunner.php(160): ActionScheduler_HybridStore->stake_claim()
#3 /var/www/html/handelstore/wp-content/plugins/woocommerce/packages/action-scheduler/classes/ActionScheduler_QueueRunner.php(139): ActionScheduler_QueueRunner->do_batch()
#4 /var/www/html/handelstore/wp-includes/class-wp-hook.php(324): ActionScheduler_QueueRunner->run()
#5 /var/www/html/handelstore/wp-includes/class-wp-hook.php(348): WP_Hook->apply_filters()
#6 /var/www/html/handelstore/wp-includes/plugin.php(565): WP_Hook->do_action()
#7 /var/www/html/handelstore/wp-cron.php(191): do_action_ref_array()
#8 {main}
  thrown i /var/www/html/handelstore/wp-content/plugins/woocommerce/packages/action-scheduler/classes/data-stores/ActionScheduler_DBStore.php på rad 942

2024-01-29T11:01:16+00:00 CRITICAL Uncaught RuntimeException: Det gick inte att göra anspråk på åtgärder. Databasfel: Table 'handelstore.wp_actionscheduler_actions' doesn't exist. in /var/www/html/handelstore/wp-content/plugins/woocommerce/packages/action-scheduler/classes/data-stores/ActionScheduler_DBStore.php:942
Stack trace:
#0 /var/www/html/handelstore/wp-content/plugins/woocommerce/packages/action-scheduler/classes/data-stores/ActionScheduler_DBStore.php(799): ActionScheduler_DBStore->claim_actions()
#1 /var/www/html/handelstore/wp-content/plugins/woocommerce/packages/action-scheduler/classes/data-stores/ActionScheduler_HybridStore.php(221): ActionScheduler_DBStore->stake_claim()
#2 /var/www/html/handelstore/wp-content/plugins/woocommerce/packages/action-scheduler/classes/ActionScheduler_QueueRunner.php(160): ActionScheduler_HybridStore->stake_claim()
#3 /var/www/html/handelstore/wp-content/plugins/woocommerce/packages/action-scheduler/classes/ActionScheduler_QueueRunner.php(139): ActionScheduler_QueueRunner->do_batch()
#4 /var/www/html/handelstore/wp-includes/class-wp-hook.php(324): ActionScheduler_QueueRunner->run()
#5 /var/www/html/handelstore/wp-includes/class-wp-hook.php(348): WP_Hook->apply_filters()
#6 /var/www/html/handelstore/wp-includes/plugin.php(565): WP_Hook->do_action()
#7 /var/www/html/handelstore/wp-cron.php(191): do_action_ref_array()
#8 {main}
  thrown i /var/www/html/handelstore/wp-content/plugins/woocommerce/packages/action-scheduler/classes/data-stores/ActionScheduler_DBStore.php på rad 942

2024-01-29T11:03:03+00:00 CRITICAL Uncaught RuntimeException: Det gick inte att göra anspråk på åtgärder. Databasfel: Table 'handelstore.wp_actionscheduler_actions' doesn't exist. in /var/www/html/handelstore/wp-content/plugins/woocommerce/packages/action-scheduler/classes/data-stores/ActionScheduler_DBStore.php:942
Stack trace:
#0 /var/www/html/handelstore/wp-content/plugins/woocommerce/packages/action-scheduler/classes/data-stores/ActionScheduler_DBStore.php(799): ActionScheduler_DBStore->claim_actions()
#1 /var/www/html/handelstore/wp-content/plugins/woocommerce/packages/action-scheduler/classes/data-stores/ActionScheduler_HybridStore.php(221): ActionScheduler_DBStore->stake_claim()
#2 /var/www/html/handelstore/wp-content/plugins/woocommerce/packages/action-scheduler/classes/ActionScheduler_QueueRunner.php(160): ActionScheduler_HybridStore->stake_claim()
#3 /var/www/html/handelstore/wp-content/plugins/woocommerce/packages/action-scheduler/classes/ActionScheduler_QueueRunner.php(139): ActionScheduler_QueueRunner->do_batch()
#4 /var/www/html/handelstore/wp-includes/class-wp-hook.php(324): ActionScheduler_QueueRunner->run()
#5 /var/www/html/handelstore/wp-includes/class-wp-hook.php(348): WP_Hook->apply_filters()
#6 /var/www/html/handelstore/wp-includes/plugin.php(565): WP_Hook->do_action()
#7 /var/www/html/handelstore/wp-cron.php(191): do_action_ref_array()
#8 {main}
  thrown i /var/www/html/handelstore/wp-content/plugins/woocommerce/packages/action-scheduler/classes/data-stores/ActionScheduler_DBStore.php på rad 942

2024-01-29T11:04:24+00:00 CRITICAL Uncaught RuntimeException: Det gick inte att göra anspråk på åtgärder. Databasfel: Table 'handelstore.wp_actionscheduler_actions' doesn't exist. in /var/www/html/handelstore/wp-content/plugins/woocommerce/packages/action-scheduler/classes/data-stores/ActionScheduler_DBStore.php:942
Stack trace:
#0 /var/www/html/handelstore/wp-content/plugins/woocommerce/packages/action-scheduler/classes/data-stores/ActionScheduler_DBStore.php(799): ActionScheduler_DBStore->claim_actions()
#1 /var/www/html/handelstore/wp-content/plugins/woocommerce/packages/action-scheduler/classes/data-stores/ActionScheduler_HybridStore.php(221): ActionScheduler_DBStore->stake_claim()
#2 /var/www/html/handelstore/wp-content/plugins/woocommerce/packages/action-scheduler/classes/ActionScheduler_QueueRunner.php(160): ActionScheduler_HybridStore->stake_claim()
#3 /var/www/html/handelstore/wp-content/plugins/woocommerce/packages/action-scheduler/classes/ActionScheduler_QueueRunner.php(139): ActionScheduler_QueueRunner->do_batch()
#4 /var/www/html/handelstore/wp-includes/class-wp-hook.php(324): ActionScheduler_QueueRunner->run()
#5 /var/www/html/handelstore/wp-includes/class-wp-hook.php(348): WP_Hook->apply_filters()
#6 /var/www/html/handelstore/wp-includes/plugin.php(565): WP_Hook->do_action()
#7 /var/www/html/handelstore/wp-cron.php(191): do_action_ref_array()
#8 {main}
  thrown i /var/www/html/handelstore/wp-content/plugins/woocommerce/packages/action-scheduler/classes/data-stores/ActionScheduler_DBStore.php på rad 942

2024-01-29T11:05:33+00:00 CRITICAL Uncaught RuntimeException: Det gick inte att göra anspråk på åtgärder. Databasfel: Table 'handelstore.wp_actionscheduler_actions' doesn't exist. in /var/www/html/handelstore/wp-content/plugins/woocommerce/packages/action-scheduler/classes/data-stores/ActionScheduler_DBStore.php:942
Stack trace:
#0 /var/www/html/handelstore/wp-content/plugins/woocommerce/packages/action-scheduler/classes/data-stores/ActionScheduler_DBStore.php(799): ActionScheduler_DBStore->claim_actions()
#1 /var/www/html/handelstore/wp-content/plugins/woocommerce/packages/action-scheduler/classes/data-stores/ActionScheduler_HybridStore.php(221): ActionScheduler_DBStore->stake_claim()
#2 /var/www/html/handelstore/wp-content/plugins/woocommerce/packages/action-scheduler/classes/ActionScheduler_QueueRunner.php(160): ActionScheduler_HybridStore->stake_claim()
#3 /var/www/html/handelstore/wp-content/plugins/woocommerce/packages/action-scheduler/classes/ActionScheduler_QueueRunner.php(139): ActionScheduler_QueueRunner->do_batch()
#4 /var/www/html/handelstore/wp-includes/class-wp-hook.php(324): ActionScheduler_QueueRunner->run()
#5 /var/www/html/handelstore/wp-includes/class-wp-hook.php(348): WP_Hook->apply_filters()
#6 /var/www/html/handelstore/wp-includes/plugin.php(565): WP_Hook->do_action()
#7 /var/www/html/handelstore/wp-cron.php(191): do_action_ref_array()
#8 {main}
  thrown i /var/www/html/handelstore/wp-content/plugins/woocommerce/packages/action-scheduler/classes/data-stores/ActionScheduler_DBStore.php på rad 942

2024-01-29T11:06:36+00:00 CRITICAL Uncaught RuntimeException: Det gick inte att göra anspråk på åtgärder. Databasfel: Table 'handelstore.wp_actionscheduler_actions' doesn't exist. in /var/www/html/handelstore/wp-content/plugins/woocommerce/packages/action-scheduler/classes/data-stores/ActionScheduler_DBStore.php:942
Stack trace:
#0 /var/www/html/handelstore/wp-content/plugins/woocommerce/packages/action-scheduler/classes/data-stores/ActionScheduler_DBStore.php(799): ActionScheduler_DBStore->claim_actions()
#1 /var/www/html/handelstore/wp-content/plugins/woocommerce/packages/action-scheduler/classes/data-stores/ActionScheduler_HybridStore.php(221): ActionScheduler_DBStore->stake_claim()
#2 /var/www/html/handelstore/wp-content/plugins/woocommerce/packages/action-scheduler/classes/ActionScheduler_QueueRunner.php(160): ActionScheduler_HybridStore->stake_claim()
#3 /var/www/html/handelstore/wp-content/plugins/woocommerce/packages/action-scheduler/classes/ActionScheduler_QueueRunner.php(139): ActionScheduler_QueueRunner->do_batch()
#4 /var/www/html/handelstore/wp-includes/class-wp-hook.php(324): ActionScheduler_QueueRunner->run()
#5 /var/www/html/handelstore/wp-includes/class-wp-hook.php(348): WP_Hook->apply_filters()
#6 /var/www/html/handelstore/wp-includes/plugin.php(565): WP_Hook->do_action()
#7 /var/www/html/handelstore/wp-cron.php(191): do_action_ref_array()
#8 {main}
  thrown i /var/www/html/handelstore/wp-content/plugins/woocommerce/packages/action-scheduler/classes/data-stores/ActionScheduler_DBStore.php på rad 942

2024-01-29T11:19:30+00:00 CRITICAL Uncaught RuntimeException: Det gick inte att göra anspråk på åtgärder. Databasfel: Table 'handelstore.wp_actionscheduler_actions' doesn't exist. in /var/www/html/handelstore/wp-content/plugins/woocommerce/packages/action-scheduler/classes/data-stores/ActionScheduler_DBStore.php:942
Stack trace:
#0 /var/www/html/handelstore/wp-content/plugins/woocommerce/packages/action-scheduler/classes/data-stores/ActionScheduler_DBStore.php(799): ActionScheduler_DBStore->claim_actions()
#1 /var/www/html/handelstore/wp-content/plugins/woocommerce/packages/action-scheduler/classes/data-stores/ActionScheduler_HybridStore.php(221): ActionScheduler_DBStore->stake_claim()
#2 /var/www/html/handelstore/wp-content/plugins/woocommerce/packages/action-scheduler/classes/ActionScheduler_QueueRunner.php(160): ActionScheduler_HybridStore->stake_claim()
#3 /var/www/html/handelstore/wp-content/plugins/woocommerce/packages/action-scheduler/classes/ActionScheduler_QueueRunner.php(139): ActionScheduler_QueueRunner->do_batch()
#4 /var/www/html/handelstore/wp-includes/class-wp-hook.php(324): ActionScheduler_QueueRunner->run()
#5 /var/www/html/handelstore/wp-includes/class-wp-hook.php(348): WP_Hook->apply_filters()
#6 /var/www/html/handelstore/wp-includes/plugin.php(565): WP_Hook->do_action()
#7 /var/www/html/handelstore/wp-cron.php(191): do_action_ref_array()
#8 {main}
  thrown i /var/www/html/handelstore/wp-content/plugins/woocommerce/packages/action-scheduler/classes/data-stores/ActionScheduler_DBStore.php på rad 942

2024-01-29T11:20:38+00:00 CRITICAL Uncaught RuntimeException: Det gick inte att göra anspråk på åtgärder. Databasfel: Table 'handelstore.wp_actionscheduler_actions' doesn't exist. in /var/www/html/handelstore/wp-content/plugins/woocommerce/packages/action-scheduler/classes/data-stores/ActionScheduler_DBStore.php:942
Stack trace:
#0 /var/www/html/handelstore/wp-content/plugins/woocommerce/packages/action-scheduler/classes/data-stores/ActionScheduler_DBStore.php(799): ActionScheduler_DBStore->claim_actions()
#1 /var/www/html/handelstore/wp-content/plugins/woocommerce/packages/action-scheduler/classes/data-stores/ActionScheduler_HybridStore.php(221): ActionScheduler_DBStore->stake_claim()
#2 /var/www/html/handelstore/wp-content/plugins/woocommerce/packages/action-scheduler/classes/ActionScheduler_QueueRunner.php(160): ActionScheduler_HybridStore->stake_claim()
#3 /var/www/html/handelstore/wp-content/plugins/woocommerce/packages/action-scheduler/classes/ActionScheduler_QueueRunner.php(139): ActionScheduler_QueueRunner->do_batch()
#4 /var/www/html/handelstore/wp-includes/class-wp-hook.php(324): ActionScheduler_QueueRunner->run()
#5 /var/www/html/handelstore/wp-includes/class-wp-hook.php(348): WP_Hook->apply_filters()
#6 /var/www/html/handelstore/wp-includes/plugin.php(565): WP_Hook->do_action()
#7 /var/www/html/handelstore/wp-cron.php(191): do_action_ref_array()
#8 {main}
  thrown i /var/www/html/handelstore/wp-content/plugins/woocommerce/packages/action-scheduler/classes/data-stores/ActionScheduler_DBStore.php på rad 942

2024-01-29T11:22:30+00:00 CRITICAL Uncaught RuntimeException: Det gick inte att göra anspråk på åtgärder. Databasfel: Table 'handelstore.wp_actionscheduler_actions' doesn't exist. in /var/www/html/handelstore/wp-content/plugins/woocommerce/packages/action-scheduler/classes/data-stores/ActionScheduler_DBStore.php:942
Stack trace:
#0 /var/www/html/handelstore/wp-content/plugins/woocommerce/packages/action-scheduler/classes/data-stores/ActionScheduler_DBStore.php(799): ActionScheduler_DBStore->claim_actions()
#1 /var/www/html/handelstore/wp-content/plugins/woocommerce/packages/action-scheduler/classes/data-stores/ActionScheduler_HybridStore.php(221): ActionScheduler_DBStore->stake_claim()
#2 /var/www/html/handelstore/wp-content/plugins/woocommerce/packages/action-scheduler/classes/ActionScheduler_QueueRunner.php(160): ActionScheduler_HybridStore->stake_claim()
#3 /var/www/html/handelstore/wp-content/plugins/woocommerce/packages/action-scheduler/classes/ActionScheduler_QueueRunner.php(139): ActionScheduler_QueueRunner->do_batch()
#4 /var/www/html/handelstore/wp-includes/class-wp-hook.php(324): ActionScheduler_QueueRunner->run()
#5 /var/www/html/handelstore/wp-includes/class-wp-hook.php(348): WP_Hook->apply_filters()
#6 /var/www/html/handelstore/wp-includes/plugin.php(565): WP_Hook->do_action()
#7 /var/www/html/handelstore/wp-cron.php(191): do_action_ref_array()
#8 {main}
  thrown i /var/www/html/handelstore/wp-content/plugins/woocommerce/packages/action-scheduler/classes/data-stores/ActionScheduler_DBStore.php på rad 942

2024-01-29T11:38:04+00:00 CRITICAL Uncaught RuntimeException: Det gick inte att göra anspråk på åtgärder. Databasfel: Table 'handelstore.wp_actionscheduler_actions' doesn't exist. in /var/www/html/handelstore/wp-content/plugins/woocommerce/packages/action-scheduler/classes/data-stores/ActionScheduler_DBStore.php:942
Stack trace:
#0 /var/www/html/handelstore/wp-content/plugins/woocommerce/packages/action-scheduler/classes/data-stores/ActionScheduler_DBStore.php(799): ActionScheduler_DBStore->claim_actions()
#1 /var/www/html/handelstore/wp-content/plugins/woocommerce/packages/action-scheduler/classes/data-stores/ActionScheduler_HybridStore.php(221): ActionScheduler_DBStore->stake_claim()
#2 /var/www/html/handelstore/wp-content/plugins/woocommerce/packages/action-scheduler/classes/ActionScheduler_QueueRunner.php(160): ActionScheduler_HybridStore->stake_claim()
#3 /var/www/html/handelstore/wp-content/plugins/woocommerce/packages/action-scheduler/classes/ActionScheduler_QueueRunner.php(139): ActionScheduler_QueueRunner->do_batch()
#4 /var/www/html/handelstore/wp-includes/class-wp-hook.php(324): ActionScheduler_QueueRunner->run()
#5 /var/www/html/handelstore/wp-includes/class-wp-hook.php(348): WP_Hook->apply_filters()
#6 /var/www/html/handelstore/wp-includes/plugin.php(565): WP_Hook->do_action()
#7 /var/www/html/handelstore/wp-cron.php(191): do_action_ref_array()
#8 {main}
  thrown i /var/www/html/handelstore/wp-content/plugins/woocommerce/packages/action-scheduler/classes/data-stores/ActionScheduler_DBStore.php på rad 942

2024-01-29T12:12:48+00:00 CRITICAL Uncaught RuntimeException: Det gick inte att göra anspråk på åtgärder. Databasfel: Table 'handelstore.wp_actionscheduler_actions' doesn't exist. in /var/www/html/handelstore/wp-content/plugins/woocommerce/packages/action-scheduler/classes/data-stores/ActionScheduler_DBStore.php:942
Stack trace:
#0 /var/www/html/handelstore/wp-content/plugins/woocommerce/packages/action-scheduler/classes/data-stores/ActionScheduler_DBStore.php(799): ActionScheduler_DBStore->claim_actions()
#1 /var/www/html/handelstore/wp-content/plugins/woocommerce/packages/action-scheduler/classes/data-stores/ActionScheduler_HybridStore.php(221): ActionScheduler_DBStore->stake_claim()
#2 /var/www/html/handelstore/wp-content/plugins/woocommerce/packages/action-scheduler/classes/ActionScheduler_QueueRunner.php(160): ActionScheduler_HybridStore->stake_claim()
#3 /var/www/html/handelstore/wp-content/plugins/woocommerce/packages/action-scheduler/classes/ActionScheduler_QueueRunner.php(139): ActionScheduler_QueueRunner->do_batch()
#4 /var/www/html/handelstore/wp-includes/class-wp-hook.php(324): ActionScheduler_QueueRunner->run()
#5 /var/www/html/handelstore/wp-includes/class-wp-hook.php(348): WP_Hook->apply_filters()
#6 /var/www/html/handelstore/wp-includes/plugin.php(565): WP_Hook->do_action()
#7 /var/www/html/handelstore/wp-cron.php(191): do_action_ref_array()
#8 {main}
  thrown i /var/www/html/handelstore/wp-content/plugins/woocommerce/packages/action-scheduler/classes/data-stores/ActionScheduler_DBStore.php på rad 942

2024-01-29T12:14:52+00:00 CRITICAL Uncaught RuntimeException: Det gick inte att göra anspråk på åtgärder. Databasfel: Table 'handelstore.wp_actionscheduler_actions' doesn't exist. in /var/www/html/handelstore/wp-content/plugins/woocommerce/packages/action-scheduler/classes/data-stores/ActionScheduler_DBStore.php:942
Stack trace:
#0 /var/www/html/handelstore/wp-content/plugins/woocommerce/packages/action-scheduler/classes/data-stores/ActionScheduler_DBStore.php(799): ActionScheduler_DBStore->claim_actions()
#1 /var/www/html/handelstore/wp-content/plugins/woocommerce/packages/action-scheduler/classes/data-stores/ActionScheduler_HybridStore.php(221): ActionScheduler_DBStore->stake_claim()
#2 /var/www/html/handelstore/wp-content/plugins/woocommerce/packages/action-scheduler/classes/ActionScheduler_QueueRunner.php(160): ActionScheduler_HybridStore->stake_claim()
#3 /var/www/html/handelstore/wp-content/plugins/woocommerce/packages/action-scheduler/classes/ActionScheduler_QueueRunner.php(139): ActionScheduler_QueueRunner->do_batch()
#4 /var/www/html/handelstore/wp-includes/class-wp-hook.php(324): ActionScheduler_QueueRunner->run()
#5 /var/www/html/handelstore/wp-includes/class-wp-hook.php(348): WP_Hook->apply_filters()
#6 /var/www/html/handelstore/wp-includes/plugin.php(565): WP_Hook->do_action()
#7 /var/www/html/handelstore/wp-cron.php(191): do_action_ref_array()
#8 {main}
  thrown i /var/www/html/handelstore/wp-content/plugins/woocommerce/packages/action-scheduler/classes/data-stores/ActionScheduler_DBStore.php på rad 942

2024-01-29T12:15:53+00:00 CRITICAL Uncaught RuntimeException: Det gick inte att göra anspråk på åtgärder. Databasfel: Table 'handelstore.wp_actionscheduler_actions' doesn't exist. in /var/www/html/handelstore/wp-content/plugins/woocommerce/packages/action-scheduler/classes/data-stores/ActionScheduler_DBStore.php:942
Stack trace:
#0 /var/www/html/handelstore/wp-content/plugins/woocommerce/packages/action-scheduler/classes/data-stores/ActionScheduler_DBStore.php(799): ActionScheduler_DBStore->claim_actions()
#1 /var/www/html/handelstore/wp-content/plugins/woocommerce/packages/action-scheduler/classes/data-stores/ActionScheduler_HybridStore.php(221): ActionScheduler_DBStore->stake_claim()
#2 /var/www/html/handelstore/wp-content/plugins/woocommerce/packages/action-scheduler/classes/ActionScheduler_QueueRunner.php(160): ActionScheduler_HybridStore->stake_claim()
#3 /var/www/html/handelstore/wp-content/plugins/woocommerce/packages/action-scheduler/classes/ActionScheduler_QueueRunner.php(139): ActionScheduler_QueueRunner->do_batch()
#4 /var/www/html/handelstore/wp-includes/class-wp-hook.php(324): ActionScheduler_QueueRunner->run()
#5 /var/www/html/handelstore/wp-includes/class-wp-hook.php(348): WP_Hook->apply_filters()
#6 /var/www/html/handelstore/wp-includes/plugin.php(565): WP_Hook->do_action()
#7 /var/www/html/handelstore/wp-cron.php(191): do_action_ref_array()
#8 {main}
  thrown i /var/www/html/handelstore/wp-content/plugins/woocommerce/packages/action-scheduler/classes/data-stores/ActionScheduler_DBStore.php på rad 942

2024-01-29T12:17:24+00:00 CRITICAL Uncaught RuntimeException: Det gick inte att göra anspråk på åtgärder. Databasfel: Table 'handelstore.wp_actionscheduler_actions' doesn't exist. in /var/www/html/handelstore/wp-content/plugins/woocommerce/packages/action-scheduler/classes/data-stores/ActionScheduler_DBStore.php:942
Stack trace:
#0 /var/www/html/handelstore/wp-content/plugins/woocommerce/packages/action-scheduler/classes/data-stores/ActionScheduler_DBStore.php(799): ActionScheduler_DBStore->claim_actions()
#1 /var/www/html/handelstore/wp-content/plugins/woocommerce/packages/action-scheduler/classes/data-stores/ActionScheduler_HybridStore.php(221): ActionScheduler_DBStore->stake_claim()
#2 /var/www/html/handelstore/wp-content/plugins/woocommerce/packages/action-scheduler/classes/ActionScheduler_QueueRunner.php(160): ActionScheduler_HybridStore->stake_claim()
#3 /var/www/html/handelstore/wp-content/plugins/woocommerce/packages/action-scheduler/classes/ActionScheduler_QueueRunner.php(139): ActionScheduler_QueueRunner->do_batch()
#4 /var/www/html/handelstore/wp-includes/class-wp-hook.php(324): ActionScheduler_QueueRunner->run()
#5 /var/www/html/handelstore/wp-includes/class-wp-hook.php(348): WP_Hook->apply_filters()
#6 /var/www/html/handelstore/wp-includes/plugin.php(565): WP_Hook->do_action()
#7 /var/www/html/handelstore/wp-cron.php(191): do_action_ref_array()
#8 {main}
  thrown i /var/www/html/handelstore/wp-content/plugins/woocommerce/packages/action-scheduler/classes/data-stores/ActionScheduler_DBStore.php på rad 942

2024-01-29T12:18:39+00:00 CRITICAL Uncaught RuntimeException: Det gick inte att göra anspråk på åtgärder. Databasfel: Table 'handelstore.wp_actionscheduler_actions' doesn't exist. in /var/www/html/handelstore/wp-content/plugins/woocommerce/packages/action-scheduler/classes/data-stores/ActionScheduler_DBStore.php:942
Stack trace:
#0 /var/www/html/handelstore/wp-content/plugins/woocommerce/packages/action-scheduler/classes/data-stores/ActionScheduler_DBStore.php(799): ActionScheduler_DBStore->claim_actions()
#1 /var/www/html/handelstore/wp-content/plugins/woocommerce/packages/action-scheduler/classes/data-stores/ActionScheduler_HybridStore.php(221): ActionScheduler_DBStore->stake_claim()
#2 /var/www/html/handelstore/wp-content/plugins/woocommerce/packages/action-scheduler/classes/ActionScheduler_QueueRunner.php(160): ActionScheduler_HybridStore->stake_claim()
#3 /var/www/html/handelstore/wp-content/plugins/woocommerce/packages/action-scheduler/classes/ActionScheduler_QueueRunner.php(139): ActionScheduler_QueueRunner->do_batch()
#4 /var/www/html/handelstore/wp-includes/class-wp-hook.php(324): ActionScheduler_QueueRunner->run()
#5 /var/www/html/handelstore/wp-includes/class-wp-hook.php(348): WP_Hook->apply_filters()
#6 /var/www/html/handelstore/wp-includes/plugin.php(565): WP_Hook->do_action()
#7 /var/www/html/handelstore/wp-cron.php(191): do_action_ref_array()
#8 {main}
  thrown i /var/www/html/handelstore/wp-content/plugins/woocommerce/packages/action-scheduler/classes/data-stores/ActionScheduler_DBStore.php på rad 942

2024-01-29T12:21:02+00:00 CRITICAL Uncaught RuntimeException: Det gick inte att göra anspråk på åtgärder. Databasfel: Table 'handelstore.wp_actionscheduler_actions' doesn't exist. in /var/www/html/handelstore/wp-content/plugins/woocommerce/packages/action-scheduler/classes/data-stores/ActionScheduler_DBStore.php:942
Stack trace:
#0 /var/www/html/handelstore/wp-content/plugins/woocommerce/packages/action-scheduler/classes/data-stores/ActionScheduler_DBStore.php(799): ActionScheduler_DBStore->claim_actions()
#1 /var/www/html/handelstore/wp-content/plugins/woocommerce/packages/action-scheduler/classes/data-stores/ActionScheduler_HybridStore.php(221): ActionScheduler_DBStore->stake_claim()
#2 /var/www/html/handelstore/wp-content/plugins/woocommerce/packages/action-scheduler/classes/ActionScheduler_QueueRunner.php(160): ActionScheduler_HybridStore->stake_claim()
#3 /var/www/html/handelstore/wp-content/plugins/woocommerce/packages/action-scheduler/classes/ActionScheduler_QueueRunner.php(139): ActionScheduler_QueueRunner->do_batch()
#4 /var/www/html/handelstore/wp-includes/class-wp-hook.php(324): ActionScheduler_QueueRunner->run()
#5 /var/www/html/handelstore/wp-includes/class-wp-hook.php(348): WP_Hook->apply_filters()
#6 /var/www/html/handelstore/wp-includes/plugin.php(565): WP_Hook->do_action()
#7 /var/www/html/handelstore/wp-cron.php(191): do_action_ref_array()
#8 {main}
  thrown i /var/www/html/handelstore/wp-content/plugins/woocommerce/packages/action-scheduler/classes/data-stores/ActionScheduler_DBStore.php på rad 942

2024-01-29T12:22:57+00:00 CRITICAL Uncaught RuntimeException: Det gick inte att göra anspråk på åtgärder. Databasfel: Table 'handelstore.wp_actionscheduler_actions' doesn't exist. in /var/www/html/handelstore/wp-content/plugins/woocommerce/packages/action-scheduler/classes/data-stores/ActionScheduler_DBStore.php:942
Stack trace:
#0 /var/www/html/handelstore/wp-content/plugins/woocommerce/packages/action-scheduler/classes/data-stores/ActionScheduler_DBStore.php(799): ActionScheduler_DBStore->claim_actions()
#1 /var/www/html/handelstore/wp-content/plugins/woocommerce/packages/action-scheduler/classes/data-stores/ActionScheduler_HybridStore.php(221): ActionScheduler_DBStore->stake_claim()
#2 /var/www/html/handelstore/wp-content/plugins/woocommerce/packages/action-scheduler/classes/ActionScheduler_QueueRunner.php(160): ActionScheduler_HybridStore->stake_claim()
#3 /var/www/html/handelstore/wp-content/plugins/woocommerce/packages/action-scheduler/classes/ActionScheduler_QueueRunner.php(139): ActionScheduler_QueueRunner->do_batch()
#4 /var/www/html/handelstore/wp-includes/class-wp-hook.php(324): ActionScheduler_QueueRunner->run()
#5 /var/www/html/handelstore/wp-includes/class-wp-hook.php(348): WP_Hook->apply_filters()
#6 /var/www/html/handelstore/wp-includes/plugin.php(565): WP_Hook->do_action()
#7 /var/www/html/handelstore/wp-cron.php(191): do_action_ref_array()
#8 {main}
  thrown i /var/www/html/handelstore/wp-content/plugins/woocommerce/packages/action-scheduler/classes/data-stores/ActionScheduler_DBStore.php på rad 942

2024-01-29T12:24:13+00:00 CRITICAL Uncaught RuntimeException: Det gick inte att göra anspråk på åtgärder. Databasfel: Table 'handelstore.wp_actionscheduler_actions' doesn't exist. in /var/www/html/handelstore/wp-content/plugins/woocommerce/packages/action-scheduler/classes/data-stores/ActionScheduler_DBStore.php:942
Stack trace:
#0 /var/www/html/handelstore/wp-content/plugins/woocommerce/packages/action-scheduler/classes/data-stores/ActionScheduler_DBStore.php(799): ActionScheduler_DBStore->claim_actions()
#1 /var/www/html/handelstore/wp-content/plugins/woocommerce/packages/action-scheduler/classes/data-stores/ActionScheduler_HybridStore.php(221): ActionScheduler_DBStore->stake_claim()
#2 /var/www/html/handelstore/wp-content/plugins/woocommerce/packages/action-scheduler/classes/ActionScheduler_QueueRunner.php(160): ActionScheduler_HybridStore->stake_claim()
#3 /var/www/html/handelstore/wp-content/plugins/woocommerce/packages/action-scheduler/classes/ActionScheduler_QueueRunner.php(139): ActionScheduler_QueueRunner->do_batch()
#4 /var/www/html/handelstore/wp-includes/class-wp-hook.php(324): ActionScheduler_QueueRunner->run()
#5 /var/www/html/handelstore/wp-includes/class-wp-hook.php(348): WP_Hook->apply_filters()
#6 /var/www/html/handelstore/wp-includes/plugin.php(565): WP_Hook->do_action()
#7 /var/www/html/handelstore/wp-cron.php(191): do_action_ref_array()
#8 {main}
  thrown i /var/www/html/handelstore/wp-content/plugins/woocommerce/packages/action-scheduler/classes/data-stores/ActionScheduler_DBStore.php på rad 942

2024-01-29T12:25:17+00:00 CRITICAL Uncaught RuntimeException: Det gick inte att göra anspråk på åtgärder. Databasfel: Table 'handelstore.wp_actionscheduler_actions' doesn't exist. in /var/www/html/handelstore/wp-content/plugins/woocommerce/packages/action-scheduler/classes/data-stores/ActionScheduler_DBStore.php:942
Stack trace:
#0 /var/www/html/handelstore/wp-content/plugins/woocommerce/packages/action-scheduler/classes/data-stores/ActionScheduler_DBStore.php(799): ActionScheduler_DBStore->claim_actions()
#1 /var/www/html/handelstore/wp-content/plugins/woocommerce/packages/action-scheduler/classes/data-stores/ActionScheduler_HybridStore.php(221): ActionScheduler_DBStore->stake_claim()
#2 /var/www/html/handelstore/wp-content/plugins/woocommerce/packages/action-scheduler/classes/ActionScheduler_QueueRunner.php(160): ActionScheduler_HybridStore->stake_claim()
#3 /var/www/html/handelstore/wp-content/plugins/woocommerce/packages/action-scheduler/classes/ActionScheduler_QueueRunner.php(139): ActionScheduler_QueueRunner->do_batch()
#4 /var/www/html/handelstore/wp-includes/class-wp-hook.php(324): ActionScheduler_QueueRunner->run()
#5 /var/www/html/handelstore/wp-includes/class-wp-hook.php(348): WP_Hook->apply_filters()
#6 /var/www/html/handelstore/wp-includes/plugin.php(565): WP_Hook->do_action()
#7 /var/www/html/handelstore/wp-cron.php(191): do_action_ref_array()
#8 {main}
  thrown i /var/www/html/handelstore/wp-content/plugins/woocommerce/packages/action-scheduler/classes/data-stores/ActionScheduler_DBStore.php på rad 942

2024-01-29T13:21:35+00:00 CRITICAL Uncaught RuntimeException: Det gick inte att göra anspråk på åtgärder. Databasfel: Table 'handelstore.wp_actionscheduler_actions' doesn't exist. in /var/www/html/handelstore/wp-content/plugins/woocommerce/packages/action-scheduler/classes/data-stores/ActionScheduler_DBStore.php:942
Stack trace:
#0 /var/www/html/handelstore/wp-content/plugins/woocommerce/packages/action-scheduler/classes/data-stores/ActionScheduler_DBStore.php(799): ActionScheduler_DBStore->claim_actions()
#1 /var/www/html/handelstore/wp-content/plugins/woocommerce/packages/action-scheduler/classes/data-stores/ActionScheduler_HybridStore.php(221): ActionScheduler_DBStore->stake_claim()
#2 /var/www/html/handelstore/wp-content/plugins/woocommerce/packages/action-scheduler/classes/ActionScheduler_QueueRunner.php(160): ActionScheduler_HybridStore->stake_claim()
#3 /var/www/html/handelstore/wp-content/plugins/woocommerce/packages/action-scheduler/classes/ActionScheduler_QueueRunner.php(139): ActionScheduler_QueueRunner->do_batch()
#4 /var/www/html/handelstore/wp-includes/class-wp-hook.php(324): ActionScheduler_QueueRunner->run()
#5 /var/www/html/handelstore/wp-includes/class-wp-hook.php(348): WP_Hook->apply_filters()
#6 /var/www/html/handelstore/wp-includes/plugin.php(565): WP_Hook->do_action()
#7 /var/www/html/handelstore/wp-cron.php(191): do_action_ref_array()
#8 {main}
  thrown i /var/www/html/handelstore/wp-content/plugins/woocommerce/packages/action-scheduler/classes/data-stores/ActionScheduler_DBStore.php på rad 942

2024-01-29T13:24:20+00:00 CRITICAL Uncaught RuntimeException: Det gick inte att göra anspråk på åtgärder. Databasfel: Table 'handelstore.wp_actionscheduler_actions' doesn't exist. in /var/www/html/handelstore/wp-content/plugins/woocommerce/packages/action-scheduler/classes/data-stores/ActionScheduler_DBStore.php:942
Stack trace:
#0 /var/www/html/handelstore/wp-content/plugins/woocommerce/packages/action-scheduler/classes/data-stores/ActionScheduler_DBStore.php(799): ActionScheduler_DBStore->claim_actions()
#1 /var/www/html/handelstore/wp-content/plugins/woocommerce/packages/action-scheduler/classes/data-stores/ActionScheduler_HybridStore.php(221): ActionScheduler_DBStore->stake_claim()
#2 /var/www/html/handelstore/wp-content/plugins/woocommerce/packages/action-scheduler/classes/ActionScheduler_QueueRunner.php(160): ActionScheduler_HybridStore->stake_claim()
#3 /var/www/html/handelstore/wp-content/plugins/woocommerce/packages/action-scheduler/classes/ActionScheduler_QueueRunner.php(139): ActionScheduler_QueueRunner->do_batch()
#4 /var/www/html/handelstore/wp-includes/class-wp-hook.php(324): ActionScheduler_QueueRunner->run()
#5 /var/www/html/handelstore/wp-includes/class-wp-hook.php(348): WP_Hook->apply_filters()
#6 /var/www/html/handelstore/wp-includes/plugin.php(565): WP_Hook->do_action()
#7 /var/www/html/handelstore/wp-cron.php(191): do_action_ref_array()
#8 {main}
  thrown i /var/www/html/handelstore/wp-content/plugins/woocommerce/packages/action-scheduler/classes/data-stores/ActionScheduler_DBStore.php på rad 942

2024-01-29T13:25:53+00:00 CRITICAL Uncaught RuntimeException: Det gick inte att göra anspråk på åtgärder. Databasfel: Table 'handelstore.wp_actionscheduler_actions' doesn't exist. in /var/www/html/handelstore/wp-content/plugins/woocommerce/packages/action-scheduler/classes/data-stores/ActionScheduler_DBStore.php:942
Stack trace:
#0 /var/www/html/handelstore/wp-content/plugins/woocommerce/packages/action-scheduler/classes/data-stores/ActionScheduler_DBStore.php(799): ActionScheduler_DBStore->claim_actions()
#1 /var/www/html/handelstore/wp-content/plugins/woocommerce/packages/action-scheduler/classes/data-stores/ActionScheduler_HybridStore.php(221): ActionScheduler_DBStore->stake_claim()
#2 /var/www/html/handelstore/wp-content/plugins/woocommerce/packages/action-scheduler/classes/ActionScheduler_QueueRunner.php(160): ActionScheduler_HybridStore->stake_claim()
#3 /var/www/html/handelstore/wp-content/plugins/woocommerce/packages/action-scheduler/classes/ActionScheduler_QueueRunner.php(139): ActionScheduler_QueueRunner->do_batch()
#4 /var/www/html/handelstore/wp-includes/class-wp-hook.php(324): ActionScheduler_QueueRunner->run()
#5 /var/www/html/handelstore/wp-includes/class-wp-hook.php(348): WP_Hook->apply_filters()
#6 /var/www/html/handelstore/wp-includes/plugin.php(565): WP_Hook->do_action()
#7 /var/www/html/handelstore/wp-cron.php(191): do_action_ref_array()
#8 {main}
  thrown i /var/www/html/handelstore/wp-content/plugins/woocommerce/packages/action-scheduler/classes/data-stores/ActionScheduler_DBStore.php på rad 942

2024-01-29T13:34:03+00:00 CRITICAL Uncaught RuntimeException: Det gick inte att göra anspråk på åtgärder. Databasfel: Table 'handelstore.wp_actionscheduler_actions' doesn't exist. in /var/www/html/handelstore/wp-content/plugins/woocommerce/packages/action-scheduler/classes/data-stores/ActionScheduler_DBStore.php:942
Stack trace:
#0 /var/www/html/handelstore/wp-content/plugins/woocommerce/packages/action-scheduler/classes/data-stores/ActionScheduler_DBStore.php(799): ActionScheduler_DBStore->claim_actions()
#1 /var/www/html/handelstore/wp-content/plugins/woocommerce/packages/action-scheduler/classes/data-stores/ActionScheduler_HybridStore.php(221): ActionScheduler_DBStore->stake_claim()
#2 /var/www/html/handelstore/wp-content/plugins/woocommerce/packages/action-scheduler/classes/ActionScheduler_QueueRunner.php(160): ActionScheduler_HybridStore->stake_claim()
#3 /var/www/html/handelstore/wp-content/plugins/woocommerce/packages/action-scheduler/classes/ActionScheduler_QueueRunner.php(139): ActionScheduler_QueueRunner->do_batch()
#4 /var/www/html/handelstore/wp-includes/class-wp-hook.php(324): ActionScheduler_QueueRunner->run()
#5 /var/www/html/handelstore/wp-includes/class-wp-hook.php(348): WP_Hook->apply_filters()
#6 /var/www/html/handelstore/wp-includes/plugin.php(565): WP_Hook->do_action()
#7 /var/www/html/handelstore/wp-cron.php(191): do_action_ref_array()
#8 {main}
  thrown i /var/www/html/handelstore/wp-content/plugins/woocommerce/packages/action-scheduler/classes/data-stores/ActionScheduler_DBStore.php på rad 942

