2024-01-31T10:34:35+00:00 CRITICAL Uncaught RuntimeException: Det gick inte att göra anspråk på åtgärder. Databasfel: Table 'handelstore.wp_actionscheduler_actions' doesn't exist. in /var/www/html/handelstore/wp-content/plugins/woocommerce/packages/action-scheduler/classes/data-stores/ActionScheduler_DBStore.php:942
Stack trace:
#0 /var/www/html/handelstore/wp-content/plugins/woocommerce/packages/action-scheduler/classes/data-stores/ActionScheduler_DBStore.php(799): ActionScheduler_DBStore->claim_actions()
#1 /var/www/html/handelstore/wp-content/plugins/woocommerce/packages/action-scheduler/classes/data-stores/ActionScheduler_HybridStore.php(221): ActionScheduler_DBStore->stake_claim()
#2 /var/www/html/handelstore/wp-content/plugins/woocommerce/packages/action-scheduler/classes/ActionScheduler_QueueRunner.php(160): ActionScheduler_HybridStore->stake_claim()
#3 /var/www/html/handelstore/wp-content/plugins/woocommerce/packages/action-scheduler/classes/ActionScheduler_QueueRunner.php(139): ActionScheduler_QueueRunner->do_batch()
#4 /var/www/html/handelstore/wp-includes/class-wp-hook.php(324): ActionScheduler_QueueRunner->run()
#5 /var/www/html/handelstore/wp-includes/class-wp-hook.php(348): WP_Hook->apply_filters()
#6 /var/www/html/handelstore/wp-includes/plugin.php(565): WP_Hook->do_action()
#7 /var/www/html/handelstore/wp-cron.php(191): do_action_ref_array()
#8 {main}
  thrown i /var/www/html/handelstore/wp-content/plugins/woocommerce/packages/action-scheduler/classes/data-stores/ActionScheduler_DBStore.php på rad 942

2024-01-31T10:35:45+00:00 CRITICAL Uncaught RuntimeException: Det gick inte att göra anspråk på åtgärder. Databasfel: Table 'handelstore.wp_actionscheduler_actions' doesn't exist. in /var/www/html/handelstore/wp-content/plugins/woocommerce/packages/action-scheduler/classes/data-stores/ActionScheduler_DBStore.php:942
Stack trace:
#0 /var/www/html/handelstore/wp-content/plugins/woocommerce/packages/action-scheduler/classes/data-stores/ActionScheduler_DBStore.php(799): ActionScheduler_DBStore->claim_actions()
#1 /var/www/html/handelstore/wp-content/plugins/woocommerce/packages/action-scheduler/classes/data-stores/ActionScheduler_HybridStore.php(221): ActionScheduler_DBStore->stake_claim()
#2 /var/www/html/handelstore/wp-content/plugins/woocommerce/packages/action-scheduler/classes/ActionScheduler_QueueRunner.php(160): ActionScheduler_HybridStore->stake_claim()
#3 /var/www/html/handelstore/wp-content/plugins/woocommerce/packages/action-scheduler/classes/ActionScheduler_QueueRunner.php(139): ActionScheduler_QueueRunner->do_batch()
#4 /var/www/html/handelstore/wp-includes/class-wp-hook.php(324): ActionScheduler_QueueRunner->run()
#5 /var/www/html/handelstore/wp-includes/class-wp-hook.php(348): WP_Hook->apply_filters()
#6 /var/www/html/handelstore/wp-includes/plugin.php(565): WP_Hook->do_action()
#7 /var/www/html/handelstore/wp-cron.php(191): do_action_ref_array()
#8 {main}
  thrown i /var/www/html/handelstore/wp-content/plugins/woocommerce/packages/action-scheduler/classes/data-stores/ActionScheduler_DBStore.php på rad 942

2024-01-31T10:40:03+00:00 CRITICAL Uncaught RuntimeException: Det gick inte att göra anspråk på åtgärder. Databasfel: Table 'handelstore.wp_actionscheduler_actions' doesn't exist. in /var/www/html/handelstore/wp-content/plugins/woocommerce/packages/action-scheduler/classes/data-stores/ActionScheduler_DBStore.php:942
Stack trace:
#0 /var/www/html/handelstore/wp-content/plugins/woocommerce/packages/action-scheduler/classes/data-stores/ActionScheduler_DBStore.php(799): ActionScheduler_DBStore->claim_actions()
#1 /var/www/html/handelstore/wp-content/plugins/woocommerce/packages/action-scheduler/classes/data-stores/ActionScheduler_HybridStore.php(221): ActionScheduler_DBStore->stake_claim()
#2 /var/www/html/handelstore/wp-content/plugins/woocommerce/packages/action-scheduler/classes/ActionScheduler_QueueRunner.php(160): ActionScheduler_HybridStore->stake_claim()
#3 /var/www/html/handelstore/wp-content/plugins/woocommerce/packages/action-scheduler/classes/ActionScheduler_QueueRunner.php(139): ActionScheduler_QueueRunner->do_batch()
#4 /var/www/html/handelstore/wp-includes/class-wp-hook.php(324): ActionScheduler_QueueRunner->run()
#5 /var/www/html/handelstore/wp-includes/class-wp-hook.php(348): WP_Hook->apply_filters()
#6 /var/www/html/handelstore/wp-includes/plugin.php(565): WP_Hook->do_action()
#7 /var/www/html/handelstore/wp-cron.php(191): do_action_ref_array()
#8 {main}
  thrown i /var/www/html/handelstore/wp-content/plugins/woocommerce/packages/action-scheduler/classes/data-stores/ActionScheduler_DBStore.php på rad 942

2024-01-31T10:42:04+00:00 CRITICAL Uncaught RuntimeException: Det gick inte att göra anspråk på åtgärder. Databasfel: Table 'handelstore.wp_actionscheduler_actions' doesn't exist. in /var/www/html/handelstore/wp-content/plugins/woocommerce/packages/action-scheduler/classes/data-stores/ActionScheduler_DBStore.php:942
Stack trace:
#0 /var/www/html/handelstore/wp-content/plugins/woocommerce/packages/action-scheduler/classes/data-stores/ActionScheduler_DBStore.php(799): ActionScheduler_DBStore->claim_actions()
#1 /var/www/html/handelstore/wp-content/plugins/woocommerce/packages/action-scheduler/classes/data-stores/ActionScheduler_HybridStore.php(221): ActionScheduler_DBStore->stake_claim()
#2 /var/www/html/handelstore/wp-content/plugins/woocommerce/packages/action-scheduler/classes/ActionScheduler_QueueRunner.php(160): ActionScheduler_HybridStore->stake_claim()
#3 /var/www/html/handelstore/wp-content/plugins/woocommerce/packages/action-scheduler/classes/ActionScheduler_QueueRunner.php(139): ActionScheduler_QueueRunner->do_batch()
#4 /var/www/html/handelstore/wp-includes/class-wp-hook.php(324): ActionScheduler_QueueRunner->run()
#5 /var/www/html/handelstore/wp-includes/class-wp-hook.php(348): WP_Hook->apply_filters()
#6 /var/www/html/handelstore/wp-includes/plugin.php(565): WP_Hook->do_action()
#7 /var/www/html/handelstore/wp-cron.php(191): do_action_ref_array()
#8 {main}
  thrown i /var/www/html/handelstore/wp-content/plugins/woocommerce/packages/action-scheduler/classes/data-stores/ActionScheduler_DBStore.php på rad 942

2024-01-31T10:43:41+00:00 CRITICAL Uncaught RuntimeException: Det gick inte att göra anspråk på åtgärder. Databasfel: Table 'handelstore.wp_actionscheduler_actions' doesn't exist. in /var/www/html/handelstore/wp-content/plugins/woocommerce/packages/action-scheduler/classes/data-stores/ActionScheduler_DBStore.php:942
Stack trace:
#0 /var/www/html/handelstore/wp-content/plugins/woocommerce/packages/action-scheduler/classes/data-stores/ActionScheduler_DBStore.php(799): ActionScheduler_DBStore->claim_actions()
#1 /var/www/html/handelstore/wp-content/plugins/woocommerce/packages/action-scheduler/classes/data-stores/ActionScheduler_HybridStore.php(221): ActionScheduler_DBStore->stake_claim()
#2 /var/www/html/handelstore/wp-content/plugins/woocommerce/packages/action-scheduler/classes/ActionScheduler_QueueRunner.php(160): ActionScheduler_HybridStore->stake_claim()
#3 /var/www/html/handelstore/wp-content/plugins/woocommerce/packages/action-scheduler/classes/ActionScheduler_QueueRunner.php(139): ActionScheduler_QueueRunner->do_batch()
#4 /var/www/html/handelstore/wp-includes/class-wp-hook.php(324): ActionScheduler_QueueRunner->run()
#5 /var/www/html/handelstore/wp-includes/class-wp-hook.php(348): WP_Hook->apply_filters()
#6 /var/www/html/handelstore/wp-includes/plugin.php(565): WP_Hook->do_action()
#7 /var/www/html/handelstore/wp-cron.php(191): do_action_ref_array()
#8 {main}
  thrown i /var/www/html/handelstore/wp-content/plugins/woocommerce/packages/action-scheduler/classes/data-stores/ActionScheduler_DBStore.php på rad 942

2024-01-31T10:46:42+00:00 CRITICAL Uncaught RuntimeException: Det gick inte att göra anspråk på åtgärder. Databasfel: Table 'handelstore.wp_actionscheduler_actions' doesn't exist. in /var/www/html/handelstore/wp-content/plugins/woocommerce/packages/action-scheduler/classes/data-stores/ActionScheduler_DBStore.php:942
Stack trace:
#0 /var/www/html/handelstore/wp-content/plugins/woocommerce/packages/action-scheduler/classes/data-stores/ActionScheduler_DBStore.php(799): ActionScheduler_DBStore->claim_actions()
#1 /var/www/html/handelstore/wp-content/plugins/woocommerce/packages/action-scheduler/classes/data-stores/ActionScheduler_HybridStore.php(221): ActionScheduler_DBStore->stake_claim()
#2 /var/www/html/handelstore/wp-content/plugins/woocommerce/packages/action-scheduler/classes/ActionScheduler_QueueRunner.php(160): ActionScheduler_HybridStore->stake_claim()
#3 /var/www/html/handelstore/wp-content/plugins/woocommerce/packages/action-scheduler/classes/ActionScheduler_QueueRunner.php(139): ActionScheduler_QueueRunner->do_batch()
#4 /var/www/html/handelstore/wp-includes/class-wp-hook.php(324): ActionScheduler_QueueRunner->run()
#5 /var/www/html/handelstore/wp-includes/class-wp-hook.php(348): WP_Hook->apply_filters()
#6 /var/www/html/handelstore/wp-includes/plugin.php(565): WP_Hook->do_action()
#7 /var/www/html/handelstore/wp-cron.php(191): do_action_ref_array()
#8 {main}
  thrown i /var/www/html/handelstore/wp-content/plugins/woocommerce/packages/action-scheduler/classes/data-stores/ActionScheduler_DBStore.php på rad 942

2024-01-31T11:07:34+00:00 CRITICAL Uncaught RuntimeException: Det gick inte att göra anspråk på åtgärder. Databasfel: Table 'handelstore.wp_actionscheduler_actions' doesn't exist. in /var/www/html/handelstore/wp-content/plugins/woocommerce/packages/action-scheduler/classes/data-stores/ActionScheduler_DBStore.php:942
Stack trace:
#0 /var/www/html/handelstore/wp-content/plugins/woocommerce/packages/action-scheduler/classes/data-stores/ActionScheduler_DBStore.php(799): ActionScheduler_DBStore->claim_actions()
#1 /var/www/html/handelstore/wp-content/plugins/woocommerce/packages/action-scheduler/classes/data-stores/ActionScheduler_HybridStore.php(221): ActionScheduler_DBStore->stake_claim()
#2 /var/www/html/handelstore/wp-content/plugins/woocommerce/packages/action-scheduler/classes/ActionScheduler_QueueRunner.php(160): ActionScheduler_HybridStore->stake_claim()
#3 /var/www/html/handelstore/wp-content/plugins/woocommerce/packages/action-scheduler/classes/ActionScheduler_QueueRunner.php(139): ActionScheduler_QueueRunner->do_batch()
#4 /var/www/html/handelstore/wp-includes/class-wp-hook.php(324): ActionScheduler_QueueRunner->run()
#5 /var/www/html/handelstore/wp-includes/class-wp-hook.php(348): WP_Hook->apply_filters()
#6 /var/www/html/handelstore/wp-includes/plugin.php(565): WP_Hook->do_action()
#7 /var/www/html/handelstore/wp-cron.php(191): do_action_ref_array()
#8 {main}
  thrown i /var/www/html/handelstore/wp-content/plugins/woocommerce/packages/action-scheduler/classes/data-stores/ActionScheduler_DBStore.php på rad 942

2024-01-31T11:09:39+00:00 CRITICAL Uncaught RuntimeException: Det gick inte att göra anspråk på åtgärder. Databasfel: Table 'handelstore.wp_actionscheduler_actions' doesn't exist. in /var/www/html/handelstore/wp-content/plugins/woocommerce/packages/action-scheduler/classes/data-stores/ActionScheduler_DBStore.php:942
Stack trace:
#0 /var/www/html/handelstore/wp-content/plugins/woocommerce/packages/action-scheduler/classes/data-stores/ActionScheduler_DBStore.php(799): ActionScheduler_DBStore->claim_actions()
#1 /var/www/html/handelstore/wp-content/plugins/woocommerce/packages/action-scheduler/classes/data-stores/ActionScheduler_HybridStore.php(221): ActionScheduler_DBStore->stake_claim()
#2 /var/www/html/handelstore/wp-content/plugins/woocommerce/packages/action-scheduler/classes/ActionScheduler_QueueRunner.php(160): ActionScheduler_HybridStore->stake_claim()
#3 /var/www/html/handelstore/wp-content/plugins/woocommerce/packages/action-scheduler/classes/ActionScheduler_QueueRunner.php(139): ActionScheduler_QueueRunner->do_batch()
#4 /var/www/html/handelstore/wp-includes/class-wp-hook.php(324): ActionScheduler_QueueRunner->run()
#5 /var/www/html/handelstore/wp-includes/class-wp-hook.php(348): WP_Hook->apply_filters()
#6 /var/www/html/handelstore/wp-includes/plugin.php(565): WP_Hook->do_action()
#7 /var/www/html/handelstore/wp-cron.php(191): do_action_ref_array()
#8 {main}
  thrown i /var/www/html/handelstore/wp-content/plugins/woocommerce/packages/action-scheduler/classes/data-stores/ActionScheduler_DBStore.php på rad 942

2024-01-31T11:11:40+00:00 CRITICAL Uncaught RuntimeException: Det gick inte att göra anspråk på åtgärder. Databasfel: Table 'handelstore.wp_actionscheduler_actions' doesn't exist. in /var/www/html/handelstore/wp-content/plugins/woocommerce/packages/action-scheduler/classes/data-stores/ActionScheduler_DBStore.php:942
Stack trace:
#0 /var/www/html/handelstore/wp-content/plugins/woocommerce/packages/action-scheduler/classes/data-stores/ActionScheduler_DBStore.php(799): ActionScheduler_DBStore->claim_actions()
#1 /var/www/html/handelstore/wp-content/plugins/woocommerce/packages/action-scheduler/classes/data-stores/ActionScheduler_HybridStore.php(221): ActionScheduler_DBStore->stake_claim()
#2 /var/www/html/handelstore/wp-content/plugins/woocommerce/packages/action-scheduler/classes/ActionScheduler_QueueRunner.php(160): ActionScheduler_HybridStore->stake_claim()
#3 /var/www/html/handelstore/wp-content/plugins/woocommerce/packages/action-scheduler/classes/ActionScheduler_QueueRunner.php(139): ActionScheduler_QueueRunner->do_batch()
#4 /var/www/html/handelstore/wp-includes/class-wp-hook.php(324): ActionScheduler_QueueRunner->run()
#5 /var/www/html/handelstore/wp-includes/class-wp-hook.php(348): WP_Hook->apply_filters()
#6 /var/www/html/handelstore/wp-includes/plugin.php(565): WP_Hook->do_action()
#7 /var/www/html/handelstore/wp-cron.php(191): do_action_ref_array()
#8 {main}
  thrown i /var/www/html/handelstore/wp-content/plugins/woocommerce/packages/action-scheduler/classes/data-stores/ActionScheduler_DBStore.php på rad 942

2024-01-31T11:14:41+00:00 CRITICAL Uncaught RuntimeException: Det gick inte att göra anspråk på åtgärder. Databasfel: Table 'handelstore.wp_actionscheduler_actions' doesn't exist. in /var/www/html/handelstore/wp-content/plugins/woocommerce/packages/action-scheduler/classes/data-stores/ActionScheduler_DBStore.php:942
Stack trace:
#0 /var/www/html/handelstore/wp-content/plugins/woocommerce/packages/action-scheduler/classes/data-stores/ActionScheduler_DBStore.php(799): ActionScheduler_DBStore->claim_actions()
#1 /var/www/html/handelstore/wp-content/plugins/woocommerce/packages/action-scheduler/classes/data-stores/ActionScheduler_HybridStore.php(221): ActionScheduler_DBStore->stake_claim()
#2 /var/www/html/handelstore/wp-content/plugins/woocommerce/packages/action-scheduler/classes/ActionScheduler_QueueRunner.php(160): ActionScheduler_HybridStore->stake_claim()
#3 /var/www/html/handelstore/wp-content/plugins/woocommerce/packages/action-scheduler/classes/ActionScheduler_QueueRunner.php(139): ActionScheduler_QueueRunner->do_batch()
#4 /var/www/html/handelstore/wp-includes/class-wp-hook.php(324): ActionScheduler_QueueRunner->run()
#5 /var/www/html/handelstore/wp-includes/class-wp-hook.php(348): WP_Hook->apply_filters()
#6 /var/www/html/handelstore/wp-includes/plugin.php(565): WP_Hook->do_action()
#7 /var/www/html/handelstore/wp-cron.php(191): do_action_ref_array()
#8 {main}
  thrown i /var/www/html/handelstore/wp-content/plugins/woocommerce/packages/action-scheduler/classes/data-stores/ActionScheduler_DBStore.php på rad 942

2024-01-31T11:16:41+00:00 CRITICAL Uncaught RuntimeException: Det gick inte att göra anspråk på åtgärder. Databasfel: Table 'handelstore.wp_actionscheduler_actions' doesn't exist. in /var/www/html/handelstore/wp-content/plugins/woocommerce/packages/action-scheduler/classes/data-stores/ActionScheduler_DBStore.php:942
Stack trace:
#0 /var/www/html/handelstore/wp-content/plugins/woocommerce/packages/action-scheduler/classes/data-stores/ActionScheduler_DBStore.php(799): ActionScheduler_DBStore->claim_actions()
#1 /var/www/html/handelstore/wp-content/plugins/woocommerce/packages/action-scheduler/classes/data-stores/ActionScheduler_HybridStore.php(221): ActionScheduler_DBStore->stake_claim()
#2 /var/www/html/handelstore/wp-content/plugins/woocommerce/packages/action-scheduler/classes/ActionScheduler_QueueRunner.php(160): ActionScheduler_HybridStore->stake_claim()
#3 /var/www/html/handelstore/wp-content/plugins/woocommerce/packages/action-scheduler/classes/ActionScheduler_QueueRunner.php(139): ActionScheduler_QueueRunner->do_batch()
#4 /var/www/html/handelstore/wp-includes/class-wp-hook.php(324): ActionScheduler_QueueRunner->run()
#5 /var/www/html/handelstore/wp-includes/class-wp-hook.php(348): WP_Hook->apply_filters()
#6 /var/www/html/handelstore/wp-includes/plugin.php(565): WP_Hook->do_action()
#7 /var/www/html/handelstore/wp-cron.php(191): do_action_ref_array()
#8 {main}
  thrown i /var/www/html/handelstore/wp-content/plugins/woocommerce/packages/action-scheduler/classes/data-stores/ActionScheduler_DBStore.php på rad 942

2024-01-31T11:18:30+00:00 CRITICAL Uncaught RuntimeException: Det gick inte att göra anspråk på åtgärder. Databasfel: Table 'handelstore.wp_actionscheduler_actions' doesn't exist. in /var/www/html/handelstore/wp-content/plugins/woocommerce/packages/action-scheduler/classes/data-stores/ActionScheduler_DBStore.php:942
Stack trace:
#0 /var/www/html/handelstore/wp-content/plugins/woocommerce/packages/action-scheduler/classes/data-stores/ActionScheduler_DBStore.php(799): ActionScheduler_DBStore->claim_actions()
#1 /var/www/html/handelstore/wp-content/plugins/woocommerce/packages/action-scheduler/classes/data-stores/ActionScheduler_HybridStore.php(221): ActionScheduler_DBStore->stake_claim()
#2 /var/www/html/handelstore/wp-content/plugins/woocommerce/packages/action-scheduler/classes/ActionScheduler_QueueRunner.php(160): ActionScheduler_HybridStore->stake_claim()
#3 /var/www/html/handelstore/wp-content/plugins/woocommerce/packages/action-scheduler/classes/ActionScheduler_QueueRunner.php(139): ActionScheduler_QueueRunner->do_batch()
#4 /var/www/html/handelstore/wp-includes/class-wp-hook.php(324): ActionScheduler_QueueRunner->run()
#5 /var/www/html/handelstore/wp-includes/class-wp-hook.php(348): WP_Hook->apply_filters()
#6 /var/www/html/handelstore/wp-includes/plugin.php(565): WP_Hook->do_action()
#7 /var/www/html/handelstore/wp-cron.php(191): do_action_ref_array()
#8 {main}
  thrown i /var/www/html/handelstore/wp-content/plugins/woocommerce/packages/action-scheduler/classes/data-stores/ActionScheduler_DBStore.php på rad 942

2024-01-31T11:19:30+00:00 CRITICAL Uncaught RuntimeException: Det gick inte att göra anspråk på åtgärder. Databasfel: Table 'handelstore.wp_actionscheduler_actions' doesn't exist. in /var/www/html/handelstore/wp-content/plugins/woocommerce/packages/action-scheduler/classes/data-stores/ActionScheduler_DBStore.php:942
Stack trace:
#0 /var/www/html/handelstore/wp-content/plugins/woocommerce/packages/action-scheduler/classes/data-stores/ActionScheduler_DBStore.php(799): ActionScheduler_DBStore->claim_actions()
#1 /var/www/html/handelstore/wp-content/plugins/woocommerce/packages/action-scheduler/classes/data-stores/ActionScheduler_HybridStore.php(221): ActionScheduler_DBStore->stake_claim()
#2 /var/www/html/handelstore/wp-content/plugins/woocommerce/packages/action-scheduler/classes/ActionScheduler_QueueRunner.php(160): ActionScheduler_HybridStore->stake_claim()
#3 /var/www/html/handelstore/wp-content/plugins/woocommerce/packages/action-scheduler/classes/ActionScheduler_QueueRunner.php(139): ActionScheduler_QueueRunner->do_batch()
#4 /var/www/html/handelstore/wp-includes/class-wp-hook.php(324): ActionScheduler_QueueRunner->run()
#5 /var/www/html/handelstore/wp-includes/class-wp-hook.php(348): WP_Hook->apply_filters()
#6 /var/www/html/handelstore/wp-includes/plugin.php(565): WP_Hook->do_action()
#7 /var/www/html/handelstore/wp-cron.php(191): do_action_ref_array()
#8 {main}
  thrown i /var/www/html/handelstore/wp-content/plugins/woocommerce/packages/action-scheduler/classes/data-stores/ActionScheduler_DBStore.php på rad 942

2024-01-31T11:21:31+00:00 CRITICAL Uncaught RuntimeException: Det gick inte att göra anspråk på åtgärder. Databasfel: Table 'handelstore.wp_actionscheduler_actions' doesn't exist. in /var/www/html/handelstore/wp-content/plugins/woocommerce/packages/action-scheduler/classes/data-stores/ActionScheduler_DBStore.php:942
Stack trace:
#0 /var/www/html/handelstore/wp-content/plugins/woocommerce/packages/action-scheduler/classes/data-stores/ActionScheduler_DBStore.php(799): ActionScheduler_DBStore->claim_actions()
#1 /var/www/html/handelstore/wp-content/plugins/woocommerce/packages/action-scheduler/classes/data-stores/ActionScheduler_HybridStore.php(221): ActionScheduler_DBStore->stake_claim()
#2 /var/www/html/handelstore/wp-content/plugins/woocommerce/packages/action-scheduler/classes/ActionScheduler_QueueRunner.php(160): ActionScheduler_HybridStore->stake_claim()
#3 /var/www/html/handelstore/wp-content/plugins/woocommerce/packages/action-scheduler/classes/ActionScheduler_QueueRunner.php(139): ActionScheduler_QueueRunner->do_batch()
#4 /var/www/html/handelstore/wp-includes/class-wp-hook.php(324): ActionScheduler_QueueRunner->run()
#5 /var/www/html/handelstore/wp-includes/class-wp-hook.php(348): WP_Hook->apply_filters()
#6 /var/www/html/handelstore/wp-includes/plugin.php(565): WP_Hook->do_action()
#7 /var/www/html/handelstore/wp-cron.php(191): do_action_ref_array()
#8 {main}
  thrown i /var/www/html/handelstore/wp-content/plugins/woocommerce/packages/action-scheduler/classes/data-stores/ActionScheduler_DBStore.php på rad 942

2024-01-31T11:22:31+00:00 CRITICAL Uncaught RuntimeException: Det gick inte att göra anspråk på åtgärder. Databasfel: Table 'handelstore.wp_actionscheduler_actions' doesn't exist. in /var/www/html/handelstore/wp-content/plugins/woocommerce/packages/action-scheduler/classes/data-stores/ActionScheduler_DBStore.php:942
Stack trace:
#0 /var/www/html/handelstore/wp-content/plugins/woocommerce/packages/action-scheduler/classes/data-stores/ActionScheduler_DBStore.php(799): ActionScheduler_DBStore->claim_actions()
#1 /var/www/html/handelstore/wp-content/plugins/woocommerce/packages/action-scheduler/classes/data-stores/ActionScheduler_HybridStore.php(221): ActionScheduler_DBStore->stake_claim()
#2 /var/www/html/handelstore/wp-content/plugins/woocommerce/packages/action-scheduler/classes/ActionScheduler_QueueRunner.php(160): ActionScheduler_HybridStore->stake_claim()
#3 /var/www/html/handelstore/wp-content/plugins/woocommerce/packages/action-scheduler/classes/ActionScheduler_QueueRunner.php(139): ActionScheduler_QueueRunner->do_batch()
#4 /var/www/html/handelstore/wp-includes/class-wp-hook.php(324): ActionScheduler_QueueRunner->run()
#5 /var/www/html/handelstore/wp-includes/class-wp-hook.php(348): WP_Hook->apply_filters()
#6 /var/www/html/handelstore/wp-includes/plugin.php(565): WP_Hook->do_action()
#7 /var/www/html/handelstore/wp-cron.php(191): do_action_ref_array()
#8 {main}
  thrown i /var/www/html/handelstore/wp-content/plugins/woocommerce/packages/action-scheduler/classes/data-stores/ActionScheduler_DBStore.php på rad 942

2024-01-31T11:24:32+00:00 CRITICAL Uncaught RuntimeException: Det gick inte att göra anspråk på åtgärder. Databasfel: Table 'handelstore.wp_actionscheduler_actions' doesn't exist. in /var/www/html/handelstore/wp-content/plugins/woocommerce/packages/action-scheduler/classes/data-stores/ActionScheduler_DBStore.php:942
Stack trace:
#0 /var/www/html/handelstore/wp-content/plugins/woocommerce/packages/action-scheduler/classes/data-stores/ActionScheduler_DBStore.php(799): ActionScheduler_DBStore->claim_actions()
#1 /var/www/html/handelstore/wp-content/plugins/woocommerce/packages/action-scheduler/classes/data-stores/ActionScheduler_HybridStore.php(221): ActionScheduler_DBStore->stake_claim()
#2 /var/www/html/handelstore/wp-content/plugins/woocommerce/packages/action-scheduler/classes/ActionScheduler_QueueRunner.php(160): ActionScheduler_HybridStore->stake_claim()
#3 /var/www/html/handelstore/wp-content/plugins/woocommerce/packages/action-scheduler/classes/ActionScheduler_QueueRunner.php(139): ActionScheduler_QueueRunner->do_batch()
#4 /var/www/html/handelstore/wp-includes/class-wp-hook.php(324): ActionScheduler_QueueRunner->run()
#5 /var/www/html/handelstore/wp-includes/class-wp-hook.php(348): WP_Hook->apply_filters()
#6 /var/www/html/handelstore/wp-includes/plugin.php(565): WP_Hook->do_action()
#7 /var/www/html/handelstore/wp-cron.php(191): do_action_ref_array()
#8 {main}
  thrown i /var/www/html/handelstore/wp-content/plugins/woocommerce/packages/action-scheduler/classes/data-stores/ActionScheduler_DBStore.php på rad 942

2024-01-31T11:25:34+00:00 CRITICAL Uncaught RuntimeException: Det gick inte att göra anspråk på åtgärder. Databasfel: Table 'handelstore.wp_actionscheduler_actions' doesn't exist. in /var/www/html/handelstore/wp-content/plugins/woocommerce/packages/action-scheduler/classes/data-stores/ActionScheduler_DBStore.php:942
Stack trace:
#0 /var/www/html/handelstore/wp-content/plugins/woocommerce/packages/action-scheduler/classes/data-stores/ActionScheduler_DBStore.php(799): ActionScheduler_DBStore->claim_actions()
#1 /var/www/html/handelstore/wp-content/plugins/woocommerce/packages/action-scheduler/classes/data-stores/ActionScheduler_HybridStore.php(221): ActionScheduler_DBStore->stake_claim()
#2 /var/www/html/handelstore/wp-content/plugins/woocommerce/packages/action-scheduler/classes/ActionScheduler_QueueRunner.php(160): ActionScheduler_HybridStore->stake_claim()
#3 /var/www/html/handelstore/wp-content/plugins/woocommerce/packages/action-scheduler/classes/ActionScheduler_QueueRunner.php(139): ActionScheduler_QueueRunner->do_batch()
#4 /var/www/html/handelstore/wp-includes/class-wp-hook.php(324): ActionScheduler_QueueRunner->run()
#5 /var/www/html/handelstore/wp-includes/class-wp-hook.php(348): WP_Hook->apply_filters()
#6 /var/www/html/handelstore/wp-includes/plugin.php(565): WP_Hook->do_action()
#7 /var/www/html/handelstore/wp-cron.php(191): do_action_ref_array()
#8 {main}
  thrown i /var/www/html/handelstore/wp-content/plugins/woocommerce/packages/action-scheduler/classes/data-stores/ActionScheduler_DBStore.php på rad 942

2024-01-31T11:26:54+00:00 CRITICAL Uncaught RuntimeException: Det gick inte att göra anspråk på åtgärder. Databasfel: Table 'handelstore.wp_actionscheduler_actions' doesn't exist. in /var/www/html/handelstore/wp-content/plugins/woocommerce/packages/action-scheduler/classes/data-stores/ActionScheduler_DBStore.php:942
Stack trace:
#0 /var/www/html/handelstore/wp-content/plugins/woocommerce/packages/action-scheduler/classes/data-stores/ActionScheduler_DBStore.php(799): ActionScheduler_DBStore->claim_actions()
#1 /var/www/html/handelstore/wp-content/plugins/woocommerce/packages/action-scheduler/classes/data-stores/ActionScheduler_HybridStore.php(221): ActionScheduler_DBStore->stake_claim()
#2 /var/www/html/handelstore/wp-content/plugins/woocommerce/packages/action-scheduler/classes/ActionScheduler_QueueRunner.php(160): ActionScheduler_HybridStore->stake_claim()
#3 /var/www/html/handelstore/wp-content/plugins/woocommerce/packages/action-scheduler/classes/ActionScheduler_QueueRunner.php(139): ActionScheduler_QueueRunner->do_batch()
#4 /var/www/html/handelstore/wp-includes/class-wp-hook.php(324): ActionScheduler_QueueRunner->run()
#5 /var/www/html/handelstore/wp-includes/class-wp-hook.php(348): WP_Hook->apply_filters()
#6 /var/www/html/handelstore/wp-includes/plugin.php(565): WP_Hook->do_action()
#7 /var/www/html/handelstore/wp-cron.php(191): do_action_ref_array()
#8 {main}
  thrown i /var/www/html/handelstore/wp-content/plugins/woocommerce/packages/action-scheduler/classes/data-stores/ActionScheduler_DBStore.php på rad 942

2024-01-31T11:27:55+00:00 CRITICAL Uncaught RuntimeException: Det gick inte att göra anspråk på åtgärder. Databasfel: Table 'handelstore.wp_actionscheduler_actions' doesn't exist. in /var/www/html/handelstore/wp-content/plugins/woocommerce/packages/action-scheduler/classes/data-stores/ActionScheduler_DBStore.php:942
Stack trace:
#0 /var/www/html/handelstore/wp-content/plugins/woocommerce/packages/action-scheduler/classes/data-stores/ActionScheduler_DBStore.php(799): ActionScheduler_DBStore->claim_actions()
#1 /var/www/html/handelstore/wp-content/plugins/woocommerce/packages/action-scheduler/classes/data-stores/ActionScheduler_HybridStore.php(221): ActionScheduler_DBStore->stake_claim()
#2 /var/www/html/handelstore/wp-content/plugins/woocommerce/packages/action-scheduler/classes/ActionScheduler_QueueRunner.php(160): ActionScheduler_HybridStore->stake_claim()
#3 /var/www/html/handelstore/wp-content/plugins/woocommerce/packages/action-scheduler/classes/ActionScheduler_QueueRunner.php(139): ActionScheduler_QueueRunner->do_batch()
#4 /var/www/html/handelstore/wp-includes/class-wp-hook.php(324): ActionScheduler_QueueRunner->run()
#5 /var/www/html/handelstore/wp-includes/class-wp-hook.php(348): WP_Hook->apply_filters()
#6 /var/www/html/handelstore/wp-includes/plugin.php(565): WP_Hook->do_action()
#7 /var/www/html/handelstore/wp-cron.php(191): do_action_ref_array()
#8 {main}
  thrown i /var/www/html/handelstore/wp-content/plugins/woocommerce/packages/action-scheduler/classes/data-stores/ActionScheduler_DBStore.php på rad 942

2024-01-31T11:30:32+00:00 CRITICAL Uncaught RuntimeException: Det gick inte att göra anspråk på åtgärder. Databasfel: Table 'handelstore.wp_actionscheduler_actions' doesn't exist. in /var/www/html/handelstore/wp-content/plugins/woocommerce/packages/action-scheduler/classes/data-stores/ActionScheduler_DBStore.php:942
Stack trace:
#0 /var/www/html/handelstore/wp-content/plugins/woocommerce/packages/action-scheduler/classes/data-stores/ActionScheduler_DBStore.php(799): ActionScheduler_DBStore->claim_actions()
#1 /var/www/html/handelstore/wp-content/plugins/woocommerce/packages/action-scheduler/classes/data-stores/ActionScheduler_HybridStore.php(221): ActionScheduler_DBStore->stake_claim()
#2 /var/www/html/handelstore/wp-content/plugins/woocommerce/packages/action-scheduler/classes/ActionScheduler_QueueRunner.php(160): ActionScheduler_HybridStore->stake_claim()
#3 /var/www/html/handelstore/wp-content/plugins/woocommerce/packages/action-scheduler/classes/ActionScheduler_QueueRunner.php(139): ActionScheduler_QueueRunner->do_batch()
#4 /var/www/html/handelstore/wp-includes/class-wp-hook.php(324): ActionScheduler_QueueRunner->run()
#5 /var/www/html/handelstore/wp-includes/class-wp-hook.php(348): WP_Hook->apply_filters()
#6 /var/www/html/handelstore/wp-includes/plugin.php(565): WP_Hook->do_action()
#7 /var/www/html/handelstore/wp-cron.php(191): do_action_ref_array()
#8 {main}
  thrown i /var/www/html/handelstore/wp-content/plugins/woocommerce/packages/action-scheduler/classes/data-stores/ActionScheduler_DBStore.php på rad 942

2024-01-31T11:32:07+00:00 CRITICAL Uncaught RuntimeException: Det gick inte att göra anspråk på åtgärder. Databasfel: Table 'handelstore.wp_actionscheduler_actions' doesn't exist. in /var/www/html/handelstore/wp-content/plugins/woocommerce/packages/action-scheduler/classes/data-stores/ActionScheduler_DBStore.php:942
Stack trace:
#0 /var/www/html/handelstore/wp-content/plugins/woocommerce/packages/action-scheduler/classes/data-stores/ActionScheduler_DBStore.php(799): ActionScheduler_DBStore->claim_actions()
#1 /var/www/html/handelstore/wp-content/plugins/woocommerce/packages/action-scheduler/classes/data-stores/ActionScheduler_HybridStore.php(221): ActionScheduler_DBStore->stake_claim()
#2 /var/www/html/handelstore/wp-content/plugins/woocommerce/packages/action-scheduler/classes/ActionScheduler_QueueRunner.php(160): ActionScheduler_HybridStore->stake_claim()
#3 /var/www/html/handelstore/wp-content/plugins/woocommerce/packages/action-scheduler/classes/ActionScheduler_QueueRunner.php(139): ActionScheduler_QueueRunner->do_batch()
#4 /var/www/html/handelstore/wp-includes/class-wp-hook.php(324): ActionScheduler_QueueRunner->run()
#5 /var/www/html/handelstore/wp-includes/class-wp-hook.php(348): WP_Hook->apply_filters()
#6 /var/www/html/handelstore/wp-includes/plugin.php(565): WP_Hook->do_action()
#7 /var/www/html/handelstore/wp-cron.php(191): do_action_ref_array()
#8 {main}
  thrown i /var/www/html/handelstore/wp-content/plugins/woocommerce/packages/action-scheduler/classes/data-stores/ActionScheduler_DBStore.php på rad 942

2024-01-31T11:37:04+00:00 CRITICAL Uncaught RuntimeException: Det gick inte att göra anspråk på åtgärder. Databasfel: Table 'handelstore.wp_actionscheduler_actions' doesn't exist. in /var/www/html/handelstore/wp-content/plugins/woocommerce/packages/action-scheduler/classes/data-stores/ActionScheduler_DBStore.php:942
Stack trace:
#0 /var/www/html/handelstore/wp-content/plugins/woocommerce/packages/action-scheduler/classes/data-stores/ActionScheduler_DBStore.php(799): ActionScheduler_DBStore->claim_actions()
#1 /var/www/html/handelstore/wp-content/plugins/woocommerce/packages/action-scheduler/classes/data-stores/ActionScheduler_HybridStore.php(221): ActionScheduler_DBStore->stake_claim()
#2 /var/www/html/handelstore/wp-content/plugins/woocommerce/packages/action-scheduler/classes/ActionScheduler_QueueRunner.php(160): ActionScheduler_HybridStore->stake_claim()
#3 /var/www/html/handelstore/wp-content/plugins/woocommerce/packages/action-scheduler/classes/ActionScheduler_QueueRunner.php(139): ActionScheduler_QueueRunner->do_batch()
#4 /var/www/html/handelstore/wp-includes/class-wp-hook.php(324): ActionScheduler_QueueRunner->run()
#5 /var/www/html/handelstore/wp-includes/class-wp-hook.php(348): WP_Hook->apply_filters()
#6 /var/www/html/handelstore/wp-includes/plugin.php(565): WP_Hook->do_action()
#7 /var/www/html/handelstore/wp-cron.php(191): do_action_ref_array()
#8 {main}
  thrown i /var/www/html/handelstore/wp-content/plugins/woocommerce/packages/action-scheduler/classes/data-stores/ActionScheduler_DBStore.php på rad 942

2024-01-31T11:39:37+00:00 CRITICAL Uncaught RuntimeException: Det gick inte att göra anspråk på åtgärder. Databasfel: Table 'handelstore.wp_actionscheduler_actions' doesn't exist. in /var/www/html/handelstore/wp-content/plugins/woocommerce/packages/action-scheduler/classes/data-stores/ActionScheduler_DBStore.php:942
Stack trace:
#0 /var/www/html/handelstore/wp-content/plugins/woocommerce/packages/action-scheduler/classes/data-stores/ActionScheduler_DBStore.php(799): ActionScheduler_DBStore->claim_actions()
#1 /var/www/html/handelstore/wp-content/plugins/woocommerce/packages/action-scheduler/classes/data-stores/ActionScheduler_HybridStore.php(221): ActionScheduler_DBStore->stake_claim()
#2 /var/www/html/handelstore/wp-content/plugins/woocommerce/packages/action-scheduler/classes/ActionScheduler_QueueRunner.php(160): ActionScheduler_HybridStore->stake_claim()
#3 /var/www/html/handelstore/wp-content/plugins/woocommerce/packages/action-scheduler/classes/ActionScheduler_QueueRunner.php(139): ActionScheduler_QueueRunner->do_batch()
#4 /var/www/html/handelstore/wp-includes/class-wp-hook.php(324): ActionScheduler_QueueRunner->run()
#5 /var/www/html/handelstore/wp-includes/class-wp-hook.php(348): WP_Hook->apply_filters()
#6 /var/www/html/handelstore/wp-includes/plugin.php(565): WP_Hook->do_action()
#7 /var/www/html/handelstore/wp-cron.php(191): do_action_ref_array()
#8 {main}
  thrown i /var/www/html/handelstore/wp-content/plugins/woocommerce/packages/action-scheduler/classes/data-stores/ActionScheduler_DBStore.php på rad 942

2024-01-31T11:40:37+00:00 CRITICAL Uncaught RuntimeException: Det gick inte att göra anspråk på åtgärder. Databasfel: Table 'handelstore.wp_actionscheduler_actions' doesn't exist. in /var/www/html/handelstore/wp-content/plugins/woocommerce/packages/action-scheduler/classes/data-stores/ActionScheduler_DBStore.php:942
Stack trace:
#0 /var/www/html/handelstore/wp-content/plugins/woocommerce/packages/action-scheduler/classes/data-stores/ActionScheduler_DBStore.php(799): ActionScheduler_DBStore->claim_actions()
#1 /var/www/html/handelstore/wp-content/plugins/woocommerce/packages/action-scheduler/classes/data-stores/ActionScheduler_HybridStore.php(221): ActionScheduler_DBStore->stake_claim()
#2 /var/www/html/handelstore/wp-content/plugins/woocommerce/packages/action-scheduler/classes/ActionScheduler_QueueRunner.php(160): ActionScheduler_HybridStore->stake_claim()
#3 /var/www/html/handelstore/wp-content/plugins/woocommerce/packages/action-scheduler/classes/ActionScheduler_QueueRunner.php(139): ActionScheduler_QueueRunner->do_batch()
#4 /var/www/html/handelstore/wp-includes/class-wp-hook.php(324): ActionScheduler_QueueRunner->run()
#5 /var/www/html/handelstore/wp-includes/class-wp-hook.php(348): WP_Hook->apply_filters()
#6 /var/www/html/handelstore/wp-includes/plugin.php(565): WP_Hook->do_action()
#7 /var/www/html/handelstore/wp-cron.php(191): do_action_ref_array()
#8 {main}
  thrown i /var/www/html/handelstore/wp-content/plugins/woocommerce/packages/action-scheduler/classes/data-stores/ActionScheduler_DBStore.php på rad 942

2024-01-31T11:41:52+00:00 CRITICAL Uncaught RuntimeException: Det gick inte att göra anspråk på åtgärder. Databasfel: Table 'handelstore.wp_actionscheduler_actions' doesn't exist. in /var/www/html/handelstore/wp-content/plugins/woocommerce/packages/action-scheduler/classes/data-stores/ActionScheduler_DBStore.php:942
Stack trace:
#0 /var/www/html/handelstore/wp-content/plugins/woocommerce/packages/action-scheduler/classes/data-stores/ActionScheduler_DBStore.php(799): ActionScheduler_DBStore->claim_actions()
#1 /var/www/html/handelstore/wp-content/plugins/woocommerce/packages/action-scheduler/classes/data-stores/ActionScheduler_HybridStore.php(221): ActionScheduler_DBStore->stake_claim()
#2 /var/www/html/handelstore/wp-content/plugins/woocommerce/packages/action-scheduler/classes/ActionScheduler_QueueRunner.php(160): ActionScheduler_HybridStore->stake_claim()
#3 /var/www/html/handelstore/wp-content/plugins/woocommerce/packages/action-scheduler/classes/ActionScheduler_QueueRunner.php(139): ActionScheduler_QueueRunner->do_batch()
#4 /var/www/html/handelstore/wp-includes/class-wp-hook.php(324): ActionScheduler_QueueRunner->run()
#5 /var/www/html/handelstore/wp-includes/class-wp-hook.php(348): WP_Hook->apply_filters()
#6 /var/www/html/handelstore/wp-includes/plugin.php(565): WP_Hook->do_action()
#7 /var/www/html/handelstore/wp-cron.php(191): do_action_ref_array()
#8 {main}
  thrown i /var/www/html/handelstore/wp-content/plugins/woocommerce/packages/action-scheduler/classes/data-stores/ActionScheduler_DBStore.php på rad 942

2024-01-31T11:43:09+00:00 CRITICAL Uncaught RuntimeException: Det gick inte att göra anspråk på åtgärder. Databasfel: Table 'handelstore.wp_actionscheduler_actions' doesn't exist. in /var/www/html/handelstore/wp-content/plugins/woocommerce/packages/action-scheduler/classes/data-stores/ActionScheduler_DBStore.php:942
Stack trace:
#0 /var/www/html/handelstore/wp-content/plugins/woocommerce/packages/action-scheduler/classes/data-stores/ActionScheduler_DBStore.php(799): ActionScheduler_DBStore->claim_actions()
#1 /var/www/html/handelstore/wp-content/plugins/woocommerce/packages/action-scheduler/classes/data-stores/ActionScheduler_HybridStore.php(221): ActionScheduler_DBStore->stake_claim()
#2 /var/www/html/handelstore/wp-content/plugins/woocommerce/packages/action-scheduler/classes/ActionScheduler_QueueRunner.php(160): ActionScheduler_HybridStore->stake_claim()
#3 /var/www/html/handelstore/wp-content/plugins/woocommerce/packages/action-scheduler/classes/ActionScheduler_QueueRunner.php(139): ActionScheduler_QueueRunner->do_batch()
#4 /var/www/html/handelstore/wp-includes/class-wp-hook.php(324): ActionScheduler_QueueRunner->run()
#5 /var/www/html/handelstore/wp-includes/class-wp-hook.php(348): WP_Hook->apply_filters()
#6 /var/www/html/handelstore/wp-includes/plugin.php(565): WP_Hook->do_action()
#7 /var/www/html/handelstore/wp-cron.php(191): do_action_ref_array()
#8 {main}
  thrown i /var/www/html/handelstore/wp-content/plugins/woocommerce/packages/action-scheduler/classes/data-stores/ActionScheduler_DBStore.php på rad 942

2024-01-31T11:44:38+00:00 CRITICAL Uncaught RuntimeException: Det gick inte att göra anspråk på åtgärder. Databasfel: Table 'handelstore.wp_actionscheduler_actions' doesn't exist. in /var/www/html/handelstore/wp-content/plugins/woocommerce/packages/action-scheduler/classes/data-stores/ActionScheduler_DBStore.php:942
Stack trace:
#0 /var/www/html/handelstore/wp-content/plugins/woocommerce/packages/action-scheduler/classes/data-stores/ActionScheduler_DBStore.php(799): ActionScheduler_DBStore->claim_actions()
#1 /var/www/html/handelstore/wp-content/plugins/woocommerce/packages/action-scheduler/classes/data-stores/ActionScheduler_HybridStore.php(221): ActionScheduler_DBStore->stake_claim()
#2 /var/www/html/handelstore/wp-content/plugins/woocommerce/packages/action-scheduler/classes/ActionScheduler_QueueRunner.php(160): ActionScheduler_HybridStore->stake_claim()
#3 /var/www/html/handelstore/wp-content/plugins/woocommerce/packages/action-scheduler/classes/ActionScheduler_QueueRunner.php(139): ActionScheduler_QueueRunner->do_batch()
#4 /var/www/html/handelstore/wp-includes/class-wp-hook.php(324): ActionScheduler_QueueRunner->run()
#5 /var/www/html/handelstore/wp-includes/class-wp-hook.php(348): WP_Hook->apply_filters()
#6 /var/www/html/handelstore/wp-includes/plugin.php(565): WP_Hook->do_action()
#7 /var/www/html/handelstore/wp-cron.php(191): do_action_ref_array()
#8 {main}
  thrown i /var/www/html/handelstore/wp-content/plugins/woocommerce/packages/action-scheduler/classes/data-stores/ActionScheduler_DBStore.php på rad 942

2024-01-31T11:46:38+00:00 CRITICAL Uncaught RuntimeException: Det gick inte att göra anspråk på åtgärder. Databasfel: Table 'handelstore.wp_actionscheduler_actions' doesn't exist. in /var/www/html/handelstore/wp-content/plugins/woocommerce/packages/action-scheduler/classes/data-stores/ActionScheduler_DBStore.php:942
Stack trace:
#0 /var/www/html/handelstore/wp-content/plugins/woocommerce/packages/action-scheduler/classes/data-stores/ActionScheduler_DBStore.php(799): ActionScheduler_DBStore->claim_actions()
#1 /var/www/html/handelstore/wp-content/plugins/woocommerce/packages/action-scheduler/classes/data-stores/ActionScheduler_HybridStore.php(221): ActionScheduler_DBStore->stake_claim()
#2 /var/www/html/handelstore/wp-content/plugins/woocommerce/packages/action-scheduler/classes/ActionScheduler_QueueRunner.php(160): ActionScheduler_HybridStore->stake_claim()
#3 /var/www/html/handelstore/wp-content/plugins/woocommerce/packages/action-scheduler/classes/ActionScheduler_QueueRunner.php(139): ActionScheduler_QueueRunner->do_batch()
#4 /var/www/html/handelstore/wp-includes/class-wp-hook.php(324): ActionScheduler_QueueRunner->run()
#5 /var/www/html/handelstore/wp-includes/class-wp-hook.php(348): WP_Hook->apply_filters()
#6 /var/www/html/handelstore/wp-includes/plugin.php(565): WP_Hook->do_action()
#7 /var/www/html/handelstore/wp-cron.php(191): do_action_ref_array()
#8 {main}
  thrown i /var/www/html/handelstore/wp-content/plugins/woocommerce/packages/action-scheduler/classes/data-stores/ActionScheduler_DBStore.php på rad 942

2024-01-31T11:48:38+00:00 CRITICAL Uncaught RuntimeException: Det gick inte att göra anspråk på åtgärder. Databasfel: Table 'handelstore.wp_actionscheduler_actions' doesn't exist. in /var/www/html/handelstore/wp-content/plugins/woocommerce/packages/action-scheduler/classes/data-stores/ActionScheduler_DBStore.php:942
Stack trace:
#0 /var/www/html/handelstore/wp-content/plugins/woocommerce/packages/action-scheduler/classes/data-stores/ActionScheduler_DBStore.php(799): ActionScheduler_DBStore->claim_actions()
#1 /var/www/html/handelstore/wp-content/plugins/woocommerce/packages/action-scheduler/classes/data-stores/ActionScheduler_HybridStore.php(221): ActionScheduler_DBStore->stake_claim()
#2 /var/www/html/handelstore/wp-content/plugins/woocommerce/packages/action-scheduler/classes/ActionScheduler_QueueRunner.php(160): ActionScheduler_HybridStore->stake_claim()
#3 /var/www/html/handelstore/wp-content/plugins/woocommerce/packages/action-scheduler/classes/ActionScheduler_QueueRunner.php(139): ActionScheduler_QueueRunner->do_batch()
#4 /var/www/html/handelstore/wp-includes/class-wp-hook.php(324): ActionScheduler_QueueRunner->run()
#5 /var/www/html/handelstore/wp-includes/class-wp-hook.php(348): WP_Hook->apply_filters()
#6 /var/www/html/handelstore/wp-includes/plugin.php(565): WP_Hook->do_action()
#7 /var/www/html/handelstore/wp-cron.php(191): do_action_ref_array()
#8 {main}
  thrown i /var/www/html/handelstore/wp-content/plugins/woocommerce/packages/action-scheduler/classes/data-stores/ActionScheduler_DBStore.php på rad 942

2024-01-31T11:49:46+00:00 CRITICAL Uncaught RuntimeException: Det gick inte att göra anspråk på åtgärder. Databasfel: Table 'handelstore.wp_actionscheduler_actions' doesn't exist. in /var/www/html/handelstore/wp-content/plugins/woocommerce/packages/action-scheduler/classes/data-stores/ActionScheduler_DBStore.php:942
Stack trace:
#0 /var/www/html/handelstore/wp-content/plugins/woocommerce/packages/action-scheduler/classes/data-stores/ActionScheduler_DBStore.php(799): ActionScheduler_DBStore->claim_actions()
#1 /var/www/html/handelstore/wp-content/plugins/woocommerce/packages/action-scheduler/classes/data-stores/ActionScheduler_HybridStore.php(221): ActionScheduler_DBStore->stake_claim()
#2 /var/www/html/handelstore/wp-content/plugins/woocommerce/packages/action-scheduler/classes/ActionScheduler_QueueRunner.php(160): ActionScheduler_HybridStore->stake_claim()
#3 /var/www/html/handelstore/wp-content/plugins/woocommerce/packages/action-scheduler/classes/ActionScheduler_QueueRunner.php(139): ActionScheduler_QueueRunner->do_batch()
#4 /var/www/html/handelstore/wp-includes/class-wp-hook.php(324): ActionScheduler_QueueRunner->run()
#5 /var/www/html/handelstore/wp-includes/class-wp-hook.php(348): WP_Hook->apply_filters()
#6 /var/www/html/handelstore/wp-includes/plugin.php(565): WP_Hook->do_action()
#7 /var/www/html/handelstore/wp-cron.php(191): do_action_ref_array()
#8 {main}
  thrown i /var/www/html/handelstore/wp-content/plugins/woocommerce/packages/action-scheduler/classes/data-stores/ActionScheduler_DBStore.php på rad 942

2024-01-31T11:50:58+00:00 CRITICAL Uncaught RuntimeException: Det gick inte att göra anspråk på åtgärder. Databasfel: Table 'handelstore.wp_actionscheduler_actions' doesn't exist. in /var/www/html/handelstore/wp-content/plugins/woocommerce/packages/action-scheduler/classes/data-stores/ActionScheduler_DBStore.php:942
Stack trace:
#0 /var/www/html/handelstore/wp-content/plugins/woocommerce/packages/action-scheduler/classes/data-stores/ActionScheduler_DBStore.php(799): ActionScheduler_DBStore->claim_actions()
#1 /var/www/html/handelstore/wp-content/plugins/woocommerce/packages/action-scheduler/classes/data-stores/ActionScheduler_HybridStore.php(221): ActionScheduler_DBStore->stake_claim()
#2 /var/www/html/handelstore/wp-content/plugins/woocommerce/packages/action-scheduler/classes/ActionScheduler_QueueRunner.php(160): ActionScheduler_HybridStore->stake_claim()
#3 /var/www/html/handelstore/wp-content/plugins/woocommerce/packages/action-scheduler/classes/ActionScheduler_QueueRunner.php(139): ActionScheduler_QueueRunner->do_batch()
#4 /var/www/html/handelstore/wp-includes/class-wp-hook.php(324): ActionScheduler_QueueRunner->run()
#5 /var/www/html/handelstore/wp-includes/class-wp-hook.php(348): WP_Hook->apply_filters()
#6 /var/www/html/handelstore/wp-includes/plugin.php(565): WP_Hook->do_action()
#7 /var/www/html/handelstore/wp-cron.php(191): do_action_ref_array()
#8 {main}
  thrown i /var/www/html/handelstore/wp-content/plugins/woocommerce/packages/action-scheduler/classes/data-stores/ActionScheduler_DBStore.php på rad 942

2024-01-31T11:51:58+00:00 CRITICAL Uncaught RuntimeException: Det gick inte att göra anspråk på åtgärder. Databasfel: Table 'handelstore.wp_actionscheduler_actions' doesn't exist. in /var/www/html/handelstore/wp-content/plugins/woocommerce/packages/action-scheduler/classes/data-stores/ActionScheduler_DBStore.php:942
Stack trace:
#0 /var/www/html/handelstore/wp-content/plugins/woocommerce/packages/action-scheduler/classes/data-stores/ActionScheduler_DBStore.php(799): ActionScheduler_DBStore->claim_actions()
#1 /var/www/html/handelstore/wp-content/plugins/woocommerce/packages/action-scheduler/classes/data-stores/ActionScheduler_HybridStore.php(221): ActionScheduler_DBStore->stake_claim()
#2 /var/www/html/handelstore/wp-content/plugins/woocommerce/packages/action-scheduler/classes/ActionScheduler_QueueRunner.php(160): ActionScheduler_HybridStore->stake_claim()
#3 /var/www/html/handelstore/wp-content/plugins/woocommerce/packages/action-scheduler/classes/ActionScheduler_QueueRunner.php(139): ActionScheduler_QueueRunner->do_batch()
#4 /var/www/html/handelstore/wp-includes/class-wp-hook.php(324): ActionScheduler_QueueRunner->run()
#5 /var/www/html/handelstore/wp-includes/class-wp-hook.php(348): WP_Hook->apply_filters()
#6 /var/www/html/handelstore/wp-includes/plugin.php(565): WP_Hook->do_action()
#7 /var/www/html/handelstore/wp-cron.php(191): do_action_ref_array()
#8 {main}
  thrown i /var/www/html/handelstore/wp-content/plugins/woocommerce/packages/action-scheduler/classes/data-stores/ActionScheduler_DBStore.php på rad 942

2024-01-31T11:54:35+00:00 CRITICAL Uncaught RuntimeException: Det gick inte att göra anspråk på åtgärder. Databasfel: Table 'handelstore.wp_actionscheduler_actions' doesn't exist. in /var/www/html/handelstore/wp-content/plugins/woocommerce/packages/action-scheduler/classes/data-stores/ActionScheduler_DBStore.php:942
Stack trace:
#0 /var/www/html/handelstore/wp-content/plugins/woocommerce/packages/action-scheduler/classes/data-stores/ActionScheduler_DBStore.php(799): ActionScheduler_DBStore->claim_actions()
#1 /var/www/html/handelstore/wp-content/plugins/woocommerce/packages/action-scheduler/classes/data-stores/ActionScheduler_HybridStore.php(221): ActionScheduler_DBStore->stake_claim()
#2 /var/www/html/handelstore/wp-content/plugins/woocommerce/packages/action-scheduler/classes/ActionScheduler_QueueRunner.php(160): ActionScheduler_HybridStore->stake_claim()
#3 /var/www/html/handelstore/wp-content/plugins/woocommerce/packages/action-scheduler/classes/ActionScheduler_QueueRunner.php(139): ActionScheduler_QueueRunner->do_batch()
#4 /var/www/html/handelstore/wp-includes/class-wp-hook.php(324): ActionScheduler_QueueRunner->run()
#5 /var/www/html/handelstore/wp-includes/class-wp-hook.php(348): WP_Hook->apply_filters()
#6 /var/www/html/handelstore/wp-includes/plugin.php(565): WP_Hook->do_action()
#7 /var/www/html/handelstore/wp-cron.php(191): do_action_ref_array()
#8 {main}
  thrown i /var/www/html/handelstore/wp-content/plugins/woocommerce/packages/action-scheduler/classes/data-stores/ActionScheduler_DBStore.php på rad 942

2024-01-31T11:55:36+00:00 CRITICAL Uncaught RuntimeException: Det gick inte att göra anspråk på åtgärder. Databasfel: Table 'handelstore.wp_actionscheduler_actions' doesn't exist. in /var/www/html/handelstore/wp-content/plugins/woocommerce/packages/action-scheduler/classes/data-stores/ActionScheduler_DBStore.php:942
Stack trace:
#0 /var/www/html/handelstore/wp-content/plugins/woocommerce/packages/action-scheduler/classes/data-stores/ActionScheduler_DBStore.php(799): ActionScheduler_DBStore->claim_actions()
#1 /var/www/html/handelstore/wp-content/plugins/woocommerce/packages/action-scheduler/classes/data-stores/ActionScheduler_HybridStore.php(221): ActionScheduler_DBStore->stake_claim()
#2 /var/www/html/handelstore/wp-content/plugins/woocommerce/packages/action-scheduler/classes/ActionScheduler_QueueRunner.php(160): ActionScheduler_HybridStore->stake_claim()
#3 /var/www/html/handelstore/wp-content/plugins/woocommerce/packages/action-scheduler/classes/ActionScheduler_QueueRunner.php(139): ActionScheduler_QueueRunner->do_batch()
#4 /var/www/html/handelstore/wp-includes/class-wp-hook.php(324): ActionScheduler_QueueRunner->run()
#5 /var/www/html/handelstore/wp-includes/class-wp-hook.php(348): WP_Hook->apply_filters()
#6 /var/www/html/handelstore/wp-includes/plugin.php(565): WP_Hook->do_action()
#7 /var/www/html/handelstore/wp-cron.php(191): do_action_ref_array()
#8 {main}
  thrown i /var/www/html/handelstore/wp-content/plugins/woocommerce/packages/action-scheduler/classes/data-stores/ActionScheduler_DBStore.php på rad 942

2024-01-31T11:56:53+00:00 CRITICAL Uncaught RuntimeException: Det gick inte att göra anspråk på åtgärder. Databasfel: Table 'handelstore.wp_actionscheduler_actions' doesn't exist. in /var/www/html/handelstore/wp-content/plugins/woocommerce/packages/action-scheduler/classes/data-stores/ActionScheduler_DBStore.php:942
Stack trace:
#0 /var/www/html/handelstore/wp-content/plugins/woocommerce/packages/action-scheduler/classes/data-stores/ActionScheduler_DBStore.php(799): ActionScheduler_DBStore->claim_actions()
#1 /var/www/html/handelstore/wp-content/plugins/woocommerce/packages/action-scheduler/classes/data-stores/ActionScheduler_HybridStore.php(221): ActionScheduler_DBStore->stake_claim()
#2 /var/www/html/handelstore/wp-content/plugins/woocommerce/packages/action-scheduler/classes/ActionScheduler_QueueRunner.php(160): ActionScheduler_HybridStore->stake_claim()
#3 /var/www/html/handelstore/wp-content/plugins/woocommerce/packages/action-scheduler/classes/ActionScheduler_QueueRunner.php(139): ActionScheduler_QueueRunner->do_batch()
#4 /var/www/html/handelstore/wp-includes/class-wp-hook.php(324): ActionScheduler_QueueRunner->run()
#5 /var/www/html/handelstore/wp-includes/class-wp-hook.php(348): WP_Hook->apply_filters()
#6 /var/www/html/handelstore/wp-includes/plugin.php(565): WP_Hook->do_action()
#7 /var/www/html/handelstore/wp-cron.php(191): do_action_ref_array()
#8 {main}
  thrown i /var/www/html/handelstore/wp-content/plugins/woocommerce/packages/action-scheduler/classes/data-stores/ActionScheduler_DBStore.php på rad 942

2024-01-31T11:57:53+00:00 CRITICAL Uncaught RuntimeException: Det gick inte att göra anspråk på åtgärder. Databasfel: Table 'handelstore.wp_actionscheduler_actions' doesn't exist. in /var/www/html/handelstore/wp-content/plugins/woocommerce/packages/action-scheduler/classes/data-stores/ActionScheduler_DBStore.php:942
Stack trace:
#0 /var/www/html/handelstore/wp-content/plugins/woocommerce/packages/action-scheduler/classes/data-stores/ActionScheduler_DBStore.php(799): ActionScheduler_DBStore->claim_actions()
#1 /var/www/html/handelstore/wp-content/plugins/woocommerce/packages/action-scheduler/classes/data-stores/ActionScheduler_HybridStore.php(221): ActionScheduler_DBStore->stake_claim()
#2 /var/www/html/handelstore/wp-content/plugins/woocommerce/packages/action-scheduler/classes/ActionScheduler_QueueRunner.php(160): ActionScheduler_HybridStore->stake_claim()
#3 /var/www/html/handelstore/wp-content/plugins/woocommerce/packages/action-scheduler/classes/ActionScheduler_QueueRunner.php(139): ActionScheduler_QueueRunner->do_batch()
#4 /var/www/html/handelstore/wp-includes/class-wp-hook.php(324): ActionScheduler_QueueRunner->run()
#5 /var/www/html/handelstore/wp-includes/class-wp-hook.php(348): WP_Hook->apply_filters()
#6 /var/www/html/handelstore/wp-includes/plugin.php(565): WP_Hook->do_action()
#7 /var/www/html/handelstore/wp-cron.php(191): do_action_ref_array()
#8 {main}
  thrown i /var/www/html/handelstore/wp-content/plugins/woocommerce/packages/action-scheduler/classes/data-stores/ActionScheduler_DBStore.php på rad 942

