2024-01-30T05:44:52+00:00 CRITICAL Uncaught RuntimeException: Det gick inte att göra anspråk på åtgärder. Databasfel: Table 'handelstore.wp_actionscheduler_actions' doesn't exist. in /var/www/html/handelstore/wp-content/plugins/woocommerce/packages/action-scheduler/classes/data-stores/ActionScheduler_DBStore.php:942
Stack trace:
#0 /var/www/html/handelstore/wp-content/plugins/woocommerce/packages/action-scheduler/classes/data-stores/ActionScheduler_DBStore.php(799): ActionScheduler_DBStore->claim_actions()
#1 /var/www/html/handelstore/wp-content/plugins/woocommerce/packages/action-scheduler/classes/data-stores/ActionScheduler_HybridStore.php(221): ActionScheduler_DBStore->stake_claim()
#2 /var/www/html/handelstore/wp-content/plugins/woocommerce/packages/action-scheduler/classes/ActionScheduler_QueueRunner.php(160): ActionScheduler_HybridStore->stake_claim()
#3 /var/www/html/handelstore/wp-content/plugins/woocommerce/packages/action-scheduler/classes/ActionScheduler_QueueRunner.php(139): ActionScheduler_QueueRunner->do_batch()
#4 /var/www/html/handelstore/wp-includes/class-wp-hook.php(324): ActionScheduler_QueueRunner->run()
#5 /var/www/html/handelstore/wp-includes/class-wp-hook.php(348): WP_Hook->apply_filters()
#6 /var/www/html/handelstore/wp-includes/plugin.php(565): WP_Hook->do_action()
#7 /var/www/html/handelstore/wp-cron.php(191): do_action_ref_array()
#8 {main}
  thrown i /var/www/html/handelstore/wp-content/plugins/woocommerce/packages/action-scheduler/classes/data-stores/ActionScheduler_DBStore.php på rad 942

2024-01-30T05:50:48+00:00 CRITICAL Uncaught RuntimeException: Det gick inte att göra anspråk på åtgärder. Databasfel: Table 'handelstore.wp_actionscheduler_actions' doesn't exist. in /var/www/html/handelstore/wp-content/plugins/woocommerce/packages/action-scheduler/classes/data-stores/ActionScheduler_DBStore.php:942
Stack trace:
#0 /var/www/html/handelstore/wp-content/plugins/woocommerce/packages/action-scheduler/classes/data-stores/ActionScheduler_DBStore.php(799): ActionScheduler_DBStore->claim_actions()
#1 /var/www/html/handelstore/wp-content/plugins/woocommerce/packages/action-scheduler/classes/data-stores/ActionScheduler_HybridStore.php(221): ActionScheduler_DBStore->stake_claim()
#2 /var/www/html/handelstore/wp-content/plugins/woocommerce/packages/action-scheduler/classes/ActionScheduler_QueueRunner.php(160): ActionScheduler_HybridStore->stake_claim()
#3 /var/www/html/handelstore/wp-content/plugins/woocommerce/packages/action-scheduler/classes/ActionScheduler_QueueRunner.php(139): ActionScheduler_QueueRunner->do_batch()
#4 /var/www/html/handelstore/wp-includes/class-wp-hook.php(324): ActionScheduler_QueueRunner->run()
#5 /var/www/html/handelstore/wp-includes/class-wp-hook.php(348): WP_Hook->apply_filters()
#6 /var/www/html/handelstore/wp-includes/plugin.php(565): WP_Hook->do_action()
#7 /var/www/html/handelstore/wp-cron.php(191): do_action_ref_array()
#8 {main}
  thrown i /var/www/html/handelstore/wp-content/plugins/woocommerce/packages/action-scheduler/classes/data-stores/ActionScheduler_DBStore.php på rad 942

