2024-01-10T11:40:36+00:00 CRITICAL Uncaught ArgumentCountError: Too few arguments to function wc_get_price_to_display(), 0 passed in /var/www/html/handelstore/wp-content/themes/mpsa/page-home.php on line 230 and at least 1 expected in /var/www/html/handelstore/wp-content/plugins/woocommerce/includes/wc-product-functions.php:1120
Stack trace:
#0 /var/www/html/handelstore/wp-content/themes/mpsa/page-home.php(230): wc_get_price_to_display()
#1 /var/www/html/handelstore/wp-includes/template-loader.php(106): include('...')
#2 /var/www/html/handelstore/wp-blog-header.php(19): require_once('...')
#3 /var/www/html/handelstore/index.php(17): require('...')
#4 {main}
  thrown in /var/www/html/handelstore/wp-content/plugins/woocommerce/includes/wc-product-functions.php on line 1120

2024-01-10T11:42:05+00:00 CRITICAL Uncaught Error: Call to a member function get_price() on int in /var/www/html/handelstore/wp-content/plugins/woocommerce/includes/wc-product-functions.php:1125
Stack trace:
#0 /var/www/html/handelstore/wp-content/themes/mpsa/page-home.php(231): wc_get_price_to_display()
#1 /var/www/html/handelstore/wp-includes/template-loader.php(106): include('...')
#2 /var/www/html/handelstore/wp-blog-header.php(19): require_once('...')
#3 /var/www/html/handelstore/index.php(17): require('...')
#4 {main}
  thrown in /var/www/html/handelstore/wp-content/plugins/woocommerce/includes/wc-product-functions.php on line 1125

2024-01-10T12:05:35+00:00 CRITICAL syntax error, unexpected token "endwhile" in /var/www/html/handelstore/wp-content/themes/mpsa/page-home.php on line 254

2024-01-10T12:05:59+00:00 CRITICAL Uncaught Error: Call to undefined method WC_Product_Simple::has_gallery() in /var/www/html/handelstore/wp-content/themes/mpsa/page-home.php:195
Stack trace:
#0 /var/www/html/handelstore/wp-includes/template-loader.php(106): include()
#1 /var/www/html/handelstore/wp-blog-header.php(19): require_once('...')
#2 /var/www/html/handelstore/index.php(17): require('...')
#3 {main}
  thrown in /var/www/html/handelstore/wp-content/themes/mpsa/page-home.php on line 195

2024-01-10T12:12:03+00:00 CRITICAL Uncaught Error: Call to undefined method WC_Product_Simple::has_gallery() in /var/www/html/handelstore/wp-content/themes/mpsa/content-product.php:34
Stack trace:
#0 /var/www/html/handelstore/wp-includes/template.php(792): require()
#1 /var/www/html/handelstore/wp-content/plugins/woocommerce/includes/wc-core-functions.php(284): load_template()
#2 /var/www/html/handelstore/wp-content/themes/mpsa/page-home.php(186): wc_get_template_part()
#3 /var/www/html/handelstore/wp-includes/template-loader.php(106): include('...')
#4 /var/www/html/handelstore/wp-blog-header.php(19): require_once('...')
#5 /var/www/html/handelstore/index.php(17): require('...')
#6 {main}
  thrown in /var/www/html/handelstore/wp-content/themes/mpsa/content-product.php on line 34

2024-01-10T12:12:23+00:00 CRITICAL Uncaught Error: Call to undefined method WC_Product_Simple::has_gallery() in /var/www/html/handelstore/wp-content/themes/mpsa/content-product.php:34
Stack trace:
#0 /var/www/html/handelstore/wp-includes/template.php(792): require()
#1 /var/www/html/handelstore/wp-content/plugins/woocommerce/includes/wc-core-functions.php(284): load_template()
#2 /var/www/html/handelstore/wp-content/themes/mpsa/page-home.php(186): wc_get_template_part()
#3 /var/www/html/handelstore/wp-includes/template-loader.php(106): include('...')
#4 /var/www/html/handelstore/wp-blog-header.php(19): require_once('...')
#5 /var/www/html/handelstore/index.php(17): require('...')
#6 {main}
  thrown in /var/www/html/handelstore/wp-content/themes/mpsa/content-product.php on line 34

2024-01-10T12:15:09+00:00 CRITICAL Uncaught Error: Call to undefined method WC_Product_Simple::has_gallery() in /var/www/html/handelstore/wp-content/themes/mpsa/content-product.php:34
Stack trace:
#0 /var/www/html/handelstore/wp-includes/template.php(792): require()
#1 /var/www/html/handelstore/wp-content/plugins/woocommerce/includes/wc-core-functions.php(284): load_template()
#2 /var/www/html/handelstore/wp-content/themes/mpsa/page-home.php(186): wc_get_template_part()
#3 /var/www/html/handelstore/wp-includes/template-loader.php(106): include('...')
#4 /var/www/html/handelstore/wp-blog-header.php(19): require_once('...')
#5 /var/www/html/handelstore/index.php(17): require('...')
#6 {main}
  thrown in /var/www/html/handelstore/wp-content/themes/mpsa/content-product.php on line 34

2024-01-10T12:15:24+00:00 CRITICAL Uncaught Error: Call to undefined method WC_Product_Simple::has_gallery() in /var/www/html/handelstore/wp-content/themes/mpsa/content-product.php:34
Stack trace:
#0 /var/www/html/handelstore/wp-includes/template.php(792): require()
#1 /var/www/html/handelstore/wp-content/plugins/woocommerce/includes/wc-core-functions.php(284): load_template()
#2 /var/www/html/handelstore/wp-content/themes/mpsa/page-home.php(186): wc_get_template_part()
#3 /var/www/html/handelstore/wp-includes/template-loader.php(106): include('...')
#4 /var/www/html/handelstore/wp-blog-header.php(19): require_once('...')
#5 /var/www/html/handelstore/index.php(17): require('...')
#6 {main}
  thrown in /var/www/html/handelstore/wp-content/themes/mpsa/content-product.php on line 34

2024-01-10T12:16:48+00:00 CRITICAL Uncaught Error: Call to undefined method WC_Product_Simple::has_gallery() in /var/www/html/handelstore/wp-content/themes/mpsa/content-product.php:34
Stack trace:
#0 /var/www/html/handelstore/wp-includes/template.php(792): require()
#1 /var/www/html/handelstore/wp-content/plugins/woocommerce/includes/wc-core-functions.php(284): load_template()
#2 /var/www/html/handelstore/wp-content/themes/mpsa/page-home.php(186): wc_get_template_part()
#3 /var/www/html/handelstore/wp-includes/template-loader.php(106): include('...')
#4 /var/www/html/handelstore/wp-blog-header.php(19): require_once('...')
#5 /var/www/html/handelstore/index.php(17): require('...')
#6 {main}
  thrown in /var/www/html/handelstore/wp-content/themes/mpsa/content-product.php on line 34

