2024-01-25T05:04:09+00:00 CRITICAL Uncaught RuntimeException: Det gick inte att göra anspråk på åtgärder. Databasfel: Table 'handelstore.wp_actionscheduler_actions' doesn't exist. in /var/www/html/handelstore/wp-content/plugins/woocommerce/packages/action-scheduler/classes/data-stores/ActionScheduler_DBStore.php:942
Stack trace:
#0 /var/www/html/handelstore/wp-content/plugins/woocommerce/packages/action-scheduler/classes/data-stores/ActionScheduler_DBStore.php(799): ActionScheduler_DBStore->claim_actions()
#1 /var/www/html/handelstore/wp-content/plugins/woocommerce/packages/action-scheduler/classes/data-stores/ActionScheduler_HybridStore.php(221): ActionScheduler_DBStore->stake_claim()
#2 /var/www/html/handelstore/wp-content/plugins/woocommerce/packages/action-scheduler/classes/ActionScheduler_QueueRunner.php(160): ActionScheduler_HybridStore->stake_claim()
#3 /var/www/html/handelstore/wp-content/plugins/woocommerce/packages/action-scheduler/classes/ActionScheduler_QueueRunner.php(139): ActionScheduler_QueueRunner->do_batch()
#4 /var/www/html/handelstore/wp-includes/class-wp-hook.php(324): ActionScheduler_QueueRunner->run()
#5 /var/www/html/handelstore/wp-includes/class-wp-hook.php(348): WP_Hook->apply_filters()
#6 /var/www/html/handelstore/wp-includes/plugin.php(565): WP_Hook->do_action()
#7 /var/www/html/handelstore/wp-cron.php(191): do_action_ref_array()
#8 {main}
  thrown i /var/www/html/handelstore/wp-content/plugins/woocommerce/packages/action-scheduler/classes/data-stores/ActionScheduler_DBStore.php på rad 942

2024-01-25T08:45:21+00:00 CRITICAL Uncaught RuntimeException: Det gick inte att göra anspråk på åtgärder. Databasfel: Table 'handelstore.wp_actionscheduler_actions' doesn't exist. in /var/www/html/handelstore/wp-content/plugins/woocommerce/packages/action-scheduler/classes/data-stores/ActionScheduler_DBStore.php:942
Stack trace:
#0 /var/www/html/handelstore/wp-content/plugins/woocommerce/packages/action-scheduler/classes/data-stores/ActionScheduler_DBStore.php(799): ActionScheduler_DBStore->claim_actions()
#1 /var/www/html/handelstore/wp-content/plugins/woocommerce/packages/action-scheduler/classes/data-stores/ActionScheduler_HybridStore.php(221): ActionScheduler_DBStore->stake_claim()
#2 /var/www/html/handelstore/wp-content/plugins/woocommerce/packages/action-scheduler/classes/ActionScheduler_QueueRunner.php(160): ActionScheduler_HybridStore->stake_claim()
#3 /var/www/html/handelstore/wp-content/plugins/woocommerce/packages/action-scheduler/classes/ActionScheduler_QueueRunner.php(139): ActionScheduler_QueueRunner->do_batch()
#4 /var/www/html/handelstore/wp-includes/class-wp-hook.php(324): ActionScheduler_QueueRunner->run()
#5 /var/www/html/handelstore/wp-includes/class-wp-hook.php(348): WP_Hook->apply_filters()
#6 /var/www/html/handelstore/wp-includes/plugin.php(565): WP_Hook->do_action()
#7 /var/www/html/handelstore/wp-cron.php(191): do_action_ref_array()
#8 {main}
  thrown i /var/www/html/handelstore/wp-content/plugins/woocommerce/packages/action-scheduler/classes/data-stores/ActionScheduler_DBStore.php på rad 942

2024-01-25T09:00:43+00:00 CRITICAL Uncaught RuntimeException: Det gick inte att göra anspråk på åtgärder. Databasfel: Table 'handelstore.wp_actionscheduler_actions' doesn't exist. in /var/www/html/handelstore/wp-content/plugins/woocommerce/packages/action-scheduler/classes/data-stores/ActionScheduler_DBStore.php:942
Stack trace:
#0 /var/www/html/handelstore/wp-content/plugins/woocommerce/packages/action-scheduler/classes/data-stores/ActionScheduler_DBStore.php(799): ActionScheduler_DBStore->claim_actions()
#1 /var/www/html/handelstore/wp-content/plugins/woocommerce/packages/action-scheduler/classes/data-stores/ActionScheduler_HybridStore.php(221): ActionScheduler_DBStore->stake_claim()
#2 /var/www/html/handelstore/wp-content/plugins/woocommerce/packages/action-scheduler/classes/ActionScheduler_QueueRunner.php(160): ActionScheduler_HybridStore->stake_claim()
#3 /var/www/html/handelstore/wp-content/plugins/woocommerce/packages/action-scheduler/classes/ActionScheduler_QueueRunner.php(139): ActionScheduler_QueueRunner->do_batch()
#4 /var/www/html/handelstore/wp-includes/class-wp-hook.php(324): ActionScheduler_QueueRunner->run()
#5 /var/www/html/handelstore/wp-includes/class-wp-hook.php(348): WP_Hook->apply_filters()
#6 /var/www/html/handelstore/wp-includes/plugin.php(565): WP_Hook->do_action()
#7 /var/www/html/handelstore/wp-cron.php(191): do_action_ref_array()
#8 {main}
  thrown i /var/www/html/handelstore/wp-content/plugins/woocommerce/packages/action-scheduler/classes/data-stores/ActionScheduler_DBStore.php på rad 942

2024-01-25T09:02:07+00:00 CRITICAL Uncaught RuntimeException: Det gick inte att göra anspråk på åtgärder. Databasfel: Table 'handelstore.wp_actionscheduler_actions' doesn't exist. in /var/www/html/handelstore/wp-content/plugins/woocommerce/packages/action-scheduler/classes/data-stores/ActionScheduler_DBStore.php:942
Stack trace:
#0 /var/www/html/handelstore/wp-content/plugins/woocommerce/packages/action-scheduler/classes/data-stores/ActionScheduler_DBStore.php(799): ActionScheduler_DBStore->claim_actions()
#1 /var/www/html/handelstore/wp-content/plugins/woocommerce/packages/action-scheduler/classes/data-stores/ActionScheduler_HybridStore.php(221): ActionScheduler_DBStore->stake_claim()
#2 /var/www/html/handelstore/wp-content/plugins/woocommerce/packages/action-scheduler/classes/ActionScheduler_QueueRunner.php(160): ActionScheduler_HybridStore->stake_claim()
#3 /var/www/html/handelstore/wp-content/plugins/woocommerce/packages/action-scheduler/classes/ActionScheduler_QueueRunner.php(139): ActionScheduler_QueueRunner->do_batch()
#4 /var/www/html/handelstore/wp-includes/class-wp-hook.php(324): ActionScheduler_QueueRunner->run()
#5 /var/www/html/handelstore/wp-includes/class-wp-hook.php(348): WP_Hook->apply_filters()
#6 /var/www/html/handelstore/wp-includes/plugin.php(565): WP_Hook->do_action()
#7 /var/www/html/handelstore/wp-cron.php(191): do_action_ref_array()
#8 {main}
  thrown i /var/www/html/handelstore/wp-content/plugins/woocommerce/packages/action-scheduler/classes/data-stores/ActionScheduler_DBStore.php på rad 942

2024-01-25T09:04:08+00:00 CRITICAL Uncaught RuntimeException: Det gick inte att göra anspråk på åtgärder. Databasfel: Table 'handelstore.wp_actionscheduler_actions' doesn't exist. in /var/www/html/handelstore/wp-content/plugins/woocommerce/packages/action-scheduler/classes/data-stores/ActionScheduler_DBStore.php:942
Stack trace:
#0 /var/www/html/handelstore/wp-content/plugins/woocommerce/packages/action-scheduler/classes/data-stores/ActionScheduler_DBStore.php(799): ActionScheduler_DBStore->claim_actions()
#1 /var/www/html/handelstore/wp-content/plugins/woocommerce/packages/action-scheduler/classes/data-stores/ActionScheduler_HybridStore.php(221): ActionScheduler_DBStore->stake_claim()
#2 /var/www/html/handelstore/wp-content/plugins/woocommerce/packages/action-scheduler/classes/ActionScheduler_QueueRunner.php(160): ActionScheduler_HybridStore->stake_claim()
#3 /var/www/html/handelstore/wp-content/plugins/woocommerce/packages/action-scheduler/classes/ActionScheduler_QueueRunner.php(139): ActionScheduler_QueueRunner->do_batch()
#4 /var/www/html/handelstore/wp-includes/class-wp-hook.php(324): ActionScheduler_QueueRunner->run()
#5 /var/www/html/handelstore/wp-includes/class-wp-hook.php(348): WP_Hook->apply_filters()
#6 /var/www/html/handelstore/wp-includes/plugin.php(565): WP_Hook->do_action()
#7 /var/www/html/handelstore/wp-cron.php(191): do_action_ref_array()
#8 {main}
  thrown i /var/www/html/handelstore/wp-content/plugins/woocommerce/packages/action-scheduler/classes/data-stores/ActionScheduler_DBStore.php på rad 942

2024-01-25T09:06:09+00:00 CRITICAL Uncaught RuntimeException: Det gick inte att göra anspråk på åtgärder. Databasfel: Table 'handelstore.wp_actionscheduler_actions' doesn't exist. in /var/www/html/handelstore/wp-content/plugins/woocommerce/packages/action-scheduler/classes/data-stores/ActionScheduler_DBStore.php:942
Stack trace:
#0 /var/www/html/handelstore/wp-content/plugins/woocommerce/packages/action-scheduler/classes/data-stores/ActionScheduler_DBStore.php(799): ActionScheduler_DBStore->claim_actions()
#1 /var/www/html/handelstore/wp-content/plugins/woocommerce/packages/action-scheduler/classes/data-stores/ActionScheduler_HybridStore.php(221): ActionScheduler_DBStore->stake_claim()
#2 /var/www/html/handelstore/wp-content/plugins/woocommerce/packages/action-scheduler/classes/ActionScheduler_QueueRunner.php(160): ActionScheduler_HybridStore->stake_claim()
#3 /var/www/html/handelstore/wp-content/plugins/woocommerce/packages/action-scheduler/classes/ActionScheduler_QueueRunner.php(139): ActionScheduler_QueueRunner->do_batch()
#4 /var/www/html/handelstore/wp-includes/class-wp-hook.php(324): ActionScheduler_QueueRunner->run()
#5 /var/www/html/handelstore/wp-includes/class-wp-hook.php(348): WP_Hook->apply_filters()
#6 /var/www/html/handelstore/wp-includes/plugin.php(565): WP_Hook->do_action()
#7 /var/www/html/handelstore/wp-cron.php(191): do_action_ref_array()
#8 {main}
  thrown i /var/www/html/handelstore/wp-content/plugins/woocommerce/packages/action-scheduler/classes/data-stores/ActionScheduler_DBStore.php på rad 942

2024-01-25T09:08:10+00:00 CRITICAL Uncaught RuntimeException: Det gick inte att göra anspråk på åtgärder. Databasfel: Table 'handelstore.wp_actionscheduler_actions' doesn't exist. in /var/www/html/handelstore/wp-content/plugins/woocommerce/packages/action-scheduler/classes/data-stores/ActionScheduler_DBStore.php:942
Stack trace:
#0 /var/www/html/handelstore/wp-content/plugins/woocommerce/packages/action-scheduler/classes/data-stores/ActionScheduler_DBStore.php(799): ActionScheduler_DBStore->claim_actions()
#1 /var/www/html/handelstore/wp-content/plugins/woocommerce/packages/action-scheduler/classes/data-stores/ActionScheduler_HybridStore.php(221): ActionScheduler_DBStore->stake_claim()
#2 /var/www/html/handelstore/wp-content/plugins/woocommerce/packages/action-scheduler/classes/ActionScheduler_QueueRunner.php(160): ActionScheduler_HybridStore->stake_claim()
#3 /var/www/html/handelstore/wp-content/plugins/woocommerce/packages/action-scheduler/classes/ActionScheduler_QueueRunner.php(139): ActionScheduler_QueueRunner->do_batch()
#4 /var/www/html/handelstore/wp-includes/class-wp-hook.php(324): ActionScheduler_QueueRunner->run()
#5 /var/www/html/handelstore/wp-includes/class-wp-hook.php(348): WP_Hook->apply_filters()
#6 /var/www/html/handelstore/wp-includes/plugin.php(565): WP_Hook->do_action()
#7 /var/www/html/handelstore/wp-cron.php(191): do_action_ref_array()
#8 {main}
  thrown i /var/www/html/handelstore/wp-content/plugins/woocommerce/packages/action-scheduler/classes/data-stores/ActionScheduler_DBStore.php på rad 942

2024-01-25T09:09:11+00:00 CRITICAL Uncaught RuntimeException: Det gick inte att göra anspråk på åtgärder. Databasfel: Table 'handelstore.wp_actionscheduler_actions' doesn't exist. in /var/www/html/handelstore/wp-content/plugins/woocommerce/packages/action-scheduler/classes/data-stores/ActionScheduler_DBStore.php:942
Stack trace:
#0 /var/www/html/handelstore/wp-content/plugins/woocommerce/packages/action-scheduler/classes/data-stores/ActionScheduler_DBStore.php(799): ActionScheduler_DBStore->claim_actions()
#1 /var/www/html/handelstore/wp-content/plugins/woocommerce/packages/action-scheduler/classes/data-stores/ActionScheduler_HybridStore.php(221): ActionScheduler_DBStore->stake_claim()
#2 /var/www/html/handelstore/wp-content/plugins/woocommerce/packages/action-scheduler/classes/ActionScheduler_QueueRunner.php(160): ActionScheduler_HybridStore->stake_claim()
#3 /var/www/html/handelstore/wp-content/plugins/woocommerce/packages/action-scheduler/classes/ActionScheduler_QueueRunner.php(139): ActionScheduler_QueueRunner->do_batch()
#4 /var/www/html/handelstore/wp-includes/class-wp-hook.php(324): ActionScheduler_QueueRunner->run()
#5 /var/www/html/handelstore/wp-includes/class-wp-hook.php(348): WP_Hook->apply_filters()
#6 /var/www/html/handelstore/wp-includes/plugin.php(565): WP_Hook->do_action()
#7 /var/www/html/handelstore/wp-cron.php(191): do_action_ref_array()
#8 {main}
  thrown i /var/www/html/handelstore/wp-content/plugins/woocommerce/packages/action-scheduler/classes/data-stores/ActionScheduler_DBStore.php på rad 942

2024-01-25T09:11:12+00:00 CRITICAL Uncaught RuntimeException: Det gick inte att göra anspråk på åtgärder. Databasfel: Table 'handelstore.wp_actionscheduler_actions' doesn't exist. in /var/www/html/handelstore/wp-content/plugins/woocommerce/packages/action-scheduler/classes/data-stores/ActionScheduler_DBStore.php:942
Stack trace:
#0 /var/www/html/handelstore/wp-content/plugins/woocommerce/packages/action-scheduler/classes/data-stores/ActionScheduler_DBStore.php(799): ActionScheduler_DBStore->claim_actions()
#1 /var/www/html/handelstore/wp-content/plugins/woocommerce/packages/action-scheduler/classes/data-stores/ActionScheduler_HybridStore.php(221): ActionScheduler_DBStore->stake_claim()
#2 /var/www/html/handelstore/wp-content/plugins/woocommerce/packages/action-scheduler/classes/ActionScheduler_QueueRunner.php(160): ActionScheduler_HybridStore->stake_claim()
#3 /var/www/html/handelstore/wp-content/plugins/woocommerce/packages/action-scheduler/classes/ActionScheduler_QueueRunner.php(139): ActionScheduler_QueueRunner->do_batch()
#4 /var/www/html/handelstore/wp-includes/class-wp-hook.php(324): ActionScheduler_QueueRunner->run()
#5 /var/www/html/handelstore/wp-includes/class-wp-hook.php(348): WP_Hook->apply_filters()
#6 /var/www/html/handelstore/wp-includes/plugin.php(565): WP_Hook->do_action()
#7 /var/www/html/handelstore/wp-cron.php(191): do_action_ref_array()
#8 {main}
  thrown i /var/www/html/handelstore/wp-content/plugins/woocommerce/packages/action-scheduler/classes/data-stores/ActionScheduler_DBStore.php på rad 942

2024-01-25T09:13:12+00:00 CRITICAL Uncaught RuntimeException: Det gick inte att göra anspråk på åtgärder. Databasfel: Table 'handelstore.wp_actionscheduler_actions' doesn't exist. in /var/www/html/handelstore/wp-content/plugins/woocommerce/packages/action-scheduler/classes/data-stores/ActionScheduler_DBStore.php:942
Stack trace:
#0 /var/www/html/handelstore/wp-content/plugins/woocommerce/packages/action-scheduler/classes/data-stores/ActionScheduler_DBStore.php(799): ActionScheduler_DBStore->claim_actions()
#1 /var/www/html/handelstore/wp-content/plugins/woocommerce/packages/action-scheduler/classes/data-stores/ActionScheduler_HybridStore.php(221): ActionScheduler_DBStore->stake_claim()
#2 /var/www/html/handelstore/wp-content/plugins/woocommerce/packages/action-scheduler/classes/ActionScheduler_QueueRunner.php(160): ActionScheduler_HybridStore->stake_claim()
#3 /var/www/html/handelstore/wp-content/plugins/woocommerce/packages/action-scheduler/classes/ActionScheduler_QueueRunner.php(139): ActionScheduler_QueueRunner->do_batch()
#4 /var/www/html/handelstore/wp-includes/class-wp-hook.php(324): ActionScheduler_QueueRunner->run()
#5 /var/www/html/handelstore/wp-includes/class-wp-hook.php(348): WP_Hook->apply_filters()
#6 /var/www/html/handelstore/wp-includes/plugin.php(565): WP_Hook->do_action()
#7 /var/www/html/handelstore/wp-cron.php(191): do_action_ref_array()
#8 {main}
  thrown i /var/www/html/handelstore/wp-content/plugins/woocommerce/packages/action-scheduler/classes/data-stores/ActionScheduler_DBStore.php på rad 942

2024-01-25T09:15:13+00:00 CRITICAL Uncaught RuntimeException: Det gick inte att göra anspråk på åtgärder. Databasfel: Table 'handelstore.wp_actionscheduler_actions' doesn't exist. in /var/www/html/handelstore/wp-content/plugins/woocommerce/packages/action-scheduler/classes/data-stores/ActionScheduler_DBStore.php:942
Stack trace:
#0 /var/www/html/handelstore/wp-content/plugins/woocommerce/packages/action-scheduler/classes/data-stores/ActionScheduler_DBStore.php(799): ActionScheduler_DBStore->claim_actions()
#1 /var/www/html/handelstore/wp-content/plugins/woocommerce/packages/action-scheduler/classes/data-stores/ActionScheduler_HybridStore.php(221): ActionScheduler_DBStore->stake_claim()
#2 /var/www/html/handelstore/wp-content/plugins/woocommerce/packages/action-scheduler/classes/ActionScheduler_QueueRunner.php(160): ActionScheduler_HybridStore->stake_claim()
#3 /var/www/html/handelstore/wp-content/plugins/woocommerce/packages/action-scheduler/classes/ActionScheduler_QueueRunner.php(139): ActionScheduler_QueueRunner->do_batch()
#4 /var/www/html/handelstore/wp-includes/class-wp-hook.php(324): ActionScheduler_QueueRunner->run()
#5 /var/www/html/handelstore/wp-includes/class-wp-hook.php(348): WP_Hook->apply_filters()
#6 /var/www/html/handelstore/wp-includes/plugin.php(565): WP_Hook->do_action()
#7 /var/www/html/handelstore/wp-cron.php(191): do_action_ref_array()
#8 {main}
  thrown i /var/www/html/handelstore/wp-content/plugins/woocommerce/packages/action-scheduler/classes/data-stores/ActionScheduler_DBStore.php på rad 942

2024-01-25T09:18:06+00:00 CRITICAL Uncaught RuntimeException: Det gick inte att göra anspråk på åtgärder. Databasfel: Table 'handelstore.wp_actionscheduler_actions' doesn't exist. in /var/www/html/handelstore/wp-content/plugins/woocommerce/packages/action-scheduler/classes/data-stores/ActionScheduler_DBStore.php:942
Stack trace:
#0 /var/www/html/handelstore/wp-content/plugins/woocommerce/packages/action-scheduler/classes/data-stores/ActionScheduler_DBStore.php(799): ActionScheduler_DBStore->claim_actions()
#1 /var/www/html/handelstore/wp-content/plugins/woocommerce/packages/action-scheduler/classes/data-stores/ActionScheduler_HybridStore.php(221): ActionScheduler_DBStore->stake_claim()
#2 /var/www/html/handelstore/wp-content/plugins/woocommerce/packages/action-scheduler/classes/ActionScheduler_QueueRunner.php(160): ActionScheduler_HybridStore->stake_claim()
#3 /var/www/html/handelstore/wp-content/plugins/woocommerce/packages/action-scheduler/classes/ActionScheduler_QueueRunner.php(139): ActionScheduler_QueueRunner->do_batch()
#4 /var/www/html/handelstore/wp-includes/class-wp-hook.php(324): ActionScheduler_QueueRunner->run()
#5 /var/www/html/handelstore/wp-includes/class-wp-hook.php(348): WP_Hook->apply_filters()
#6 /var/www/html/handelstore/wp-includes/plugin.php(565): WP_Hook->do_action()
#7 /var/www/html/handelstore/wp-cron.php(191): do_action_ref_array()
#8 {main}
  thrown i /var/www/html/handelstore/wp-content/plugins/woocommerce/packages/action-scheduler/classes/data-stores/ActionScheduler_DBStore.php på rad 942

2024-01-25T09:19:19+00:00 CRITICAL Uncaught RuntimeException: Det gick inte att göra anspråk på åtgärder. Databasfel: Table 'handelstore.wp_actionscheduler_actions' doesn't exist. in /var/www/html/handelstore/wp-content/plugins/woocommerce/packages/action-scheduler/classes/data-stores/ActionScheduler_DBStore.php:942
Stack trace:
#0 /var/www/html/handelstore/wp-content/plugins/woocommerce/packages/action-scheduler/classes/data-stores/ActionScheduler_DBStore.php(799): ActionScheduler_DBStore->claim_actions()
#1 /var/www/html/handelstore/wp-content/plugins/woocommerce/packages/action-scheduler/classes/data-stores/ActionScheduler_HybridStore.php(221): ActionScheduler_DBStore->stake_claim()
#2 /var/www/html/handelstore/wp-content/plugins/woocommerce/packages/action-scheduler/classes/ActionScheduler_QueueRunner.php(160): ActionScheduler_HybridStore->stake_claim()
#3 /var/www/html/handelstore/wp-content/plugins/woocommerce/packages/action-scheduler/classes/ActionScheduler_QueueRunner.php(139): ActionScheduler_QueueRunner->do_batch()
#4 /var/www/html/handelstore/wp-includes/class-wp-hook.php(324): ActionScheduler_QueueRunner->run()
#5 /var/www/html/handelstore/wp-includes/class-wp-hook.php(348): WP_Hook->apply_filters()
#6 /var/www/html/handelstore/wp-includes/plugin.php(565): WP_Hook->do_action()
#7 /var/www/html/handelstore/wp-cron.php(191): do_action_ref_array()
#8 {main}
  thrown i /var/www/html/handelstore/wp-content/plugins/woocommerce/packages/action-scheduler/classes/data-stores/ActionScheduler_DBStore.php på rad 942

2024-01-25T09:20:19+00:00 CRITICAL Uncaught RuntimeException: Det gick inte att göra anspråk på åtgärder. Databasfel: Table 'handelstore.wp_actionscheduler_actions' doesn't exist. in /var/www/html/handelstore/wp-content/plugins/woocommerce/packages/action-scheduler/classes/data-stores/ActionScheduler_DBStore.php:942
Stack trace:
#0 /var/www/html/handelstore/wp-content/plugins/woocommerce/packages/action-scheduler/classes/data-stores/ActionScheduler_DBStore.php(799): ActionScheduler_DBStore->claim_actions()
#1 /var/www/html/handelstore/wp-content/plugins/woocommerce/packages/action-scheduler/classes/data-stores/ActionScheduler_HybridStore.php(221): ActionScheduler_DBStore->stake_claim()
#2 /var/www/html/handelstore/wp-content/plugins/woocommerce/packages/action-scheduler/classes/ActionScheduler_QueueRunner.php(160): ActionScheduler_HybridStore->stake_claim()
#3 /var/www/html/handelstore/wp-content/plugins/woocommerce/packages/action-scheduler/classes/ActionScheduler_QueueRunner.php(139): ActionScheduler_QueueRunner->do_batch()
#4 /var/www/html/handelstore/wp-includes/class-wp-hook.php(324): ActionScheduler_QueueRunner->run()
#5 /var/www/html/handelstore/wp-includes/class-wp-hook.php(348): WP_Hook->apply_filters()
#6 /var/www/html/handelstore/wp-includes/plugin.php(565): WP_Hook->do_action()
#7 /var/www/html/handelstore/wp-cron.php(191): do_action_ref_array()
#8 {main}
  thrown i /var/www/html/handelstore/wp-content/plugins/woocommerce/packages/action-scheduler/classes/data-stores/ActionScheduler_DBStore.php på rad 942

2024-01-25T09:21:20+00:00 CRITICAL Uncaught RuntimeException: Det gick inte att göra anspråk på åtgärder. Databasfel: Table 'handelstore.wp_actionscheduler_actions' doesn't exist. in /var/www/html/handelstore/wp-content/plugins/woocommerce/packages/action-scheduler/classes/data-stores/ActionScheduler_DBStore.php:942
Stack trace:
#0 /var/www/html/handelstore/wp-content/plugins/woocommerce/packages/action-scheduler/classes/data-stores/ActionScheduler_DBStore.php(799): ActionScheduler_DBStore->claim_actions()
#1 /var/www/html/handelstore/wp-content/plugins/woocommerce/packages/action-scheduler/classes/data-stores/ActionScheduler_HybridStore.php(221): ActionScheduler_DBStore->stake_claim()
#2 /var/www/html/handelstore/wp-content/plugins/woocommerce/packages/action-scheduler/classes/ActionScheduler_QueueRunner.php(160): ActionScheduler_HybridStore->stake_claim()
#3 /var/www/html/handelstore/wp-content/plugins/woocommerce/packages/action-scheduler/classes/ActionScheduler_QueueRunner.php(139): ActionScheduler_QueueRunner->do_batch()
#4 /var/www/html/handelstore/wp-includes/class-wp-hook.php(324): ActionScheduler_QueueRunner->run()
#5 /var/www/html/handelstore/wp-includes/class-wp-hook.php(348): WP_Hook->apply_filters()
#6 /var/www/html/handelstore/wp-includes/plugin.php(565): WP_Hook->do_action()
#7 /var/www/html/handelstore/wp-cron.php(191): do_action_ref_array()
#8 {main}
  thrown i /var/www/html/handelstore/wp-content/plugins/woocommerce/packages/action-scheduler/classes/data-stores/ActionScheduler_DBStore.php på rad 942

2024-01-25T09:23:21+00:00 CRITICAL Uncaught RuntimeException: Det gick inte att göra anspråk på åtgärder. Databasfel: Table 'handelstore.wp_actionscheduler_actions' doesn't exist. in /var/www/html/handelstore/wp-content/plugins/woocommerce/packages/action-scheduler/classes/data-stores/ActionScheduler_DBStore.php:942
Stack trace:
#0 /var/www/html/handelstore/wp-content/plugins/woocommerce/packages/action-scheduler/classes/data-stores/ActionScheduler_DBStore.php(799): ActionScheduler_DBStore->claim_actions()
#1 /var/www/html/handelstore/wp-content/plugins/woocommerce/packages/action-scheduler/classes/data-stores/ActionScheduler_HybridStore.php(221): ActionScheduler_DBStore->stake_claim()
#2 /var/www/html/handelstore/wp-content/plugins/woocommerce/packages/action-scheduler/classes/ActionScheduler_QueueRunner.php(160): ActionScheduler_HybridStore->stake_claim()
#3 /var/www/html/handelstore/wp-content/plugins/woocommerce/packages/action-scheduler/classes/ActionScheduler_QueueRunner.php(139): ActionScheduler_QueueRunner->do_batch()
#4 /var/www/html/handelstore/wp-includes/class-wp-hook.php(324): ActionScheduler_QueueRunner->run()
#5 /var/www/html/handelstore/wp-includes/class-wp-hook.php(348): WP_Hook->apply_filters()
#6 /var/www/html/handelstore/wp-includes/plugin.php(565): WP_Hook->do_action()
#7 /var/www/html/handelstore/wp-cron.php(191): do_action_ref_array()
#8 {main}
  thrown i /var/www/html/handelstore/wp-content/plugins/woocommerce/packages/action-scheduler/classes/data-stores/ActionScheduler_DBStore.php på rad 942

2024-01-25T09:25:21+00:00 CRITICAL Uncaught RuntimeException: Det gick inte att göra anspråk på åtgärder. Databasfel: Table 'handelstore.wp_actionscheduler_actions' doesn't exist. in /var/www/html/handelstore/wp-content/plugins/woocommerce/packages/action-scheduler/classes/data-stores/ActionScheduler_DBStore.php:942
Stack trace:
#0 /var/www/html/handelstore/wp-content/plugins/woocommerce/packages/action-scheduler/classes/data-stores/ActionScheduler_DBStore.php(799): ActionScheduler_DBStore->claim_actions()
#1 /var/www/html/handelstore/wp-content/plugins/woocommerce/packages/action-scheduler/classes/data-stores/ActionScheduler_HybridStore.php(221): ActionScheduler_DBStore->stake_claim()
#2 /var/www/html/handelstore/wp-content/plugins/woocommerce/packages/action-scheduler/classes/ActionScheduler_QueueRunner.php(160): ActionScheduler_HybridStore->stake_claim()
#3 /var/www/html/handelstore/wp-content/plugins/woocommerce/packages/action-scheduler/classes/ActionScheduler_QueueRunner.php(139): ActionScheduler_QueueRunner->do_batch()
#4 /var/www/html/handelstore/wp-includes/class-wp-hook.php(324): ActionScheduler_QueueRunner->run()
#5 /var/www/html/handelstore/wp-includes/class-wp-hook.php(348): WP_Hook->apply_filters()
#6 /var/www/html/handelstore/wp-includes/plugin.php(565): WP_Hook->do_action()
#7 /var/www/html/handelstore/wp-cron.php(191): do_action_ref_array()
#8 {main}
  thrown i /var/www/html/handelstore/wp-content/plugins/woocommerce/packages/action-scheduler/classes/data-stores/ActionScheduler_DBStore.php på rad 942

2024-01-25T09:27:22+00:00 CRITICAL Uncaught RuntimeException: Det gick inte att göra anspråk på åtgärder. Databasfel: Table 'handelstore.wp_actionscheduler_actions' doesn't exist. in /var/www/html/handelstore/wp-content/plugins/woocommerce/packages/action-scheduler/classes/data-stores/ActionScheduler_DBStore.php:942
Stack trace:
#0 /var/www/html/handelstore/wp-content/plugins/woocommerce/packages/action-scheduler/classes/data-stores/ActionScheduler_DBStore.php(799): ActionScheduler_DBStore->claim_actions()
#1 /var/www/html/handelstore/wp-content/plugins/woocommerce/packages/action-scheduler/classes/data-stores/ActionScheduler_HybridStore.php(221): ActionScheduler_DBStore->stake_claim()
#2 /var/www/html/handelstore/wp-content/plugins/woocommerce/packages/action-scheduler/classes/ActionScheduler_QueueRunner.php(160): ActionScheduler_HybridStore->stake_claim()
#3 /var/www/html/handelstore/wp-content/plugins/woocommerce/packages/action-scheduler/classes/ActionScheduler_QueueRunner.php(139): ActionScheduler_QueueRunner->do_batch()
#4 /var/www/html/handelstore/wp-includes/class-wp-hook.php(324): ActionScheduler_QueueRunner->run()
#5 /var/www/html/handelstore/wp-includes/class-wp-hook.php(348): WP_Hook->apply_filters()
#6 /var/www/html/handelstore/wp-includes/plugin.php(565): WP_Hook->do_action()
#7 /var/www/html/handelstore/wp-cron.php(191): do_action_ref_array()
#8 {main}
  thrown i /var/www/html/handelstore/wp-content/plugins/woocommerce/packages/action-scheduler/classes/data-stores/ActionScheduler_DBStore.php på rad 942

2024-01-25T09:29:22+00:00 CRITICAL Uncaught RuntimeException: Det gick inte att göra anspråk på åtgärder. Databasfel: Table 'handelstore.wp_actionscheduler_actions' doesn't exist. in /var/www/html/handelstore/wp-content/plugins/woocommerce/packages/action-scheduler/classes/data-stores/ActionScheduler_DBStore.php:942
Stack trace:
#0 /var/www/html/handelstore/wp-content/plugins/woocommerce/packages/action-scheduler/classes/data-stores/ActionScheduler_DBStore.php(799): ActionScheduler_DBStore->claim_actions()
#1 /var/www/html/handelstore/wp-content/plugins/woocommerce/packages/action-scheduler/classes/data-stores/ActionScheduler_HybridStore.php(221): ActionScheduler_DBStore->stake_claim()
#2 /var/www/html/handelstore/wp-content/plugins/woocommerce/packages/action-scheduler/classes/ActionScheduler_QueueRunner.php(160): ActionScheduler_HybridStore->stake_claim()
#3 /var/www/html/handelstore/wp-content/plugins/woocommerce/packages/action-scheduler/classes/ActionScheduler_QueueRunner.php(139): ActionScheduler_QueueRunner->do_batch()
#4 /var/www/html/handelstore/wp-includes/class-wp-hook.php(324): ActionScheduler_QueueRunner->run()
#5 /var/www/html/handelstore/wp-includes/class-wp-hook.php(348): WP_Hook->apply_filters()
#6 /var/www/html/handelstore/wp-includes/plugin.php(565): WP_Hook->do_action()
#7 /var/www/html/handelstore/wp-cron.php(191): do_action_ref_array()
#8 {main}
  thrown i /var/www/html/handelstore/wp-content/plugins/woocommerce/packages/action-scheduler/classes/data-stores/ActionScheduler_DBStore.php på rad 942

2024-01-25T09:55:32+00:00 CRITICAL Uncaught RuntimeException: Det gick inte att göra anspråk på åtgärder. Databasfel: Table 'handelstore.wp_actionscheduler_actions' doesn't exist. in /var/www/html/handelstore/wp-content/plugins/woocommerce/packages/action-scheduler/classes/data-stores/ActionScheduler_DBStore.php:942
Stack trace:
#0 /var/www/html/handelstore/wp-content/plugins/woocommerce/packages/action-scheduler/classes/data-stores/ActionScheduler_DBStore.php(799): ActionScheduler_DBStore->claim_actions()
#1 /var/www/html/handelstore/wp-content/plugins/woocommerce/packages/action-scheduler/classes/data-stores/ActionScheduler_HybridStore.php(221): ActionScheduler_DBStore->stake_claim()
#2 /var/www/html/handelstore/wp-content/plugins/woocommerce/packages/action-scheduler/classes/ActionScheduler_QueueRunner.php(160): ActionScheduler_HybridStore->stake_claim()
#3 /var/www/html/handelstore/wp-content/plugins/woocommerce/packages/action-scheduler/classes/ActionScheduler_QueueRunner.php(139): ActionScheduler_QueueRunner->do_batch()
#4 /var/www/html/handelstore/wp-includes/class-wp-hook.php(324): ActionScheduler_QueueRunner->run()
#5 /var/www/html/handelstore/wp-includes/class-wp-hook.php(348): WP_Hook->apply_filters()
#6 /var/www/html/handelstore/wp-includes/plugin.php(565): WP_Hook->do_action()
#7 /var/www/html/handelstore/wp-cron.php(191): do_action_ref_array()
#8 {main}
  thrown i /var/www/html/handelstore/wp-content/plugins/woocommerce/packages/action-scheduler/classes/data-stores/ActionScheduler_DBStore.php på rad 942

2024-01-25T09:56:32+00:00 CRITICAL Uncaught RuntimeException: Det gick inte att göra anspråk på åtgärder. Databasfel: Table 'handelstore.wp_actionscheduler_actions' doesn't exist. in /var/www/html/handelstore/wp-content/plugins/woocommerce/packages/action-scheduler/classes/data-stores/ActionScheduler_DBStore.php:942
Stack trace:
#0 /var/www/html/handelstore/wp-content/plugins/woocommerce/packages/action-scheduler/classes/data-stores/ActionScheduler_DBStore.php(799): ActionScheduler_DBStore->claim_actions()
#1 /var/www/html/handelstore/wp-content/plugins/woocommerce/packages/action-scheduler/classes/data-stores/ActionScheduler_HybridStore.php(221): ActionScheduler_DBStore->stake_claim()
#2 /var/www/html/handelstore/wp-content/plugins/woocommerce/packages/action-scheduler/classes/ActionScheduler_QueueRunner.php(160): ActionScheduler_HybridStore->stake_claim()
#3 /var/www/html/handelstore/wp-content/plugins/woocommerce/packages/action-scheduler/classes/ActionScheduler_QueueRunner.php(139): ActionScheduler_QueueRunner->do_batch()
#4 /var/www/html/handelstore/wp-includes/class-wp-hook.php(324): ActionScheduler_QueueRunner->run()
#5 /var/www/html/handelstore/wp-includes/class-wp-hook.php(348): WP_Hook->apply_filters()
#6 /var/www/html/handelstore/wp-includes/plugin.php(565): WP_Hook->do_action()
#7 /var/www/html/handelstore/wp-cron.php(191): do_action_ref_array()
#8 {main}
  thrown i /var/www/html/handelstore/wp-content/plugins/woocommerce/packages/action-scheduler/classes/data-stores/ActionScheduler_DBStore.php på rad 942

2024-01-25T09:57:33+00:00 CRITICAL Uncaught RuntimeException: Det gick inte att göra anspråk på åtgärder. Databasfel: Table 'handelstore.wp_actionscheduler_actions' doesn't exist. in /var/www/html/handelstore/wp-content/plugins/woocommerce/packages/action-scheduler/classes/data-stores/ActionScheduler_DBStore.php:942
Stack trace:
#0 /var/www/html/handelstore/wp-content/plugins/woocommerce/packages/action-scheduler/classes/data-stores/ActionScheduler_DBStore.php(799): ActionScheduler_DBStore->claim_actions()
#1 /var/www/html/handelstore/wp-content/plugins/woocommerce/packages/action-scheduler/classes/data-stores/ActionScheduler_HybridStore.php(221): ActionScheduler_DBStore->stake_claim()
#2 /var/www/html/handelstore/wp-content/plugins/woocommerce/packages/action-scheduler/classes/ActionScheduler_QueueRunner.php(160): ActionScheduler_HybridStore->stake_claim()
#3 /var/www/html/handelstore/wp-content/plugins/woocommerce/packages/action-scheduler/classes/ActionScheduler_QueueRunner.php(139): ActionScheduler_QueueRunner->do_batch()
#4 /var/www/html/handelstore/wp-includes/class-wp-hook.php(324): ActionScheduler_QueueRunner->run()
#5 /var/www/html/handelstore/wp-includes/class-wp-hook.php(348): WP_Hook->apply_filters()
#6 /var/www/html/handelstore/wp-includes/plugin.php(565): WP_Hook->do_action()
#7 /var/www/html/handelstore/wp-cron.php(191): do_action_ref_array()
#8 {main}
  thrown i /var/www/html/handelstore/wp-content/plugins/woocommerce/packages/action-scheduler/classes/data-stores/ActionScheduler_DBStore.php på rad 942

2024-01-25T09:59:34+00:00 CRITICAL Uncaught RuntimeException: Det gick inte att göra anspråk på åtgärder. Databasfel: Table 'handelstore.wp_actionscheduler_actions' doesn't exist. in /var/www/html/handelstore/wp-content/plugins/woocommerce/packages/action-scheduler/classes/data-stores/ActionScheduler_DBStore.php:942
Stack trace:
#0 /var/www/html/handelstore/wp-content/plugins/woocommerce/packages/action-scheduler/classes/data-stores/ActionScheduler_DBStore.php(799): ActionScheduler_DBStore->claim_actions()
#1 /var/www/html/handelstore/wp-content/plugins/woocommerce/packages/action-scheduler/classes/data-stores/ActionScheduler_HybridStore.php(221): ActionScheduler_DBStore->stake_claim()
#2 /var/www/html/handelstore/wp-content/plugins/woocommerce/packages/action-scheduler/classes/ActionScheduler_QueueRunner.php(160): ActionScheduler_HybridStore->stake_claim()
#3 /var/www/html/handelstore/wp-content/plugins/woocommerce/packages/action-scheduler/classes/ActionScheduler_QueueRunner.php(139): ActionScheduler_QueueRunner->do_batch()
#4 /var/www/html/handelstore/wp-includes/class-wp-hook.php(324): ActionScheduler_QueueRunner->run()
#5 /var/www/html/handelstore/wp-includes/class-wp-hook.php(348): WP_Hook->apply_filters()
#6 /var/www/html/handelstore/wp-includes/plugin.php(565): WP_Hook->do_action()
#7 /var/www/html/handelstore/wp-cron.php(191): do_action_ref_array()
#8 {main}
  thrown i /var/www/html/handelstore/wp-content/plugins/woocommerce/packages/action-scheduler/classes/data-stores/ActionScheduler_DBStore.php på rad 942

2024-01-25T10:01:34+00:00 CRITICAL Uncaught RuntimeException: Det gick inte att göra anspråk på åtgärder. Databasfel: Table 'handelstore.wp_actionscheduler_actions' doesn't exist. in /var/www/html/handelstore/wp-content/plugins/woocommerce/packages/action-scheduler/classes/data-stores/ActionScheduler_DBStore.php:942
Stack trace:
#0 /var/www/html/handelstore/wp-content/plugins/woocommerce/packages/action-scheduler/classes/data-stores/ActionScheduler_DBStore.php(799): ActionScheduler_DBStore->claim_actions()
#1 /var/www/html/handelstore/wp-content/plugins/woocommerce/packages/action-scheduler/classes/data-stores/ActionScheduler_HybridStore.php(221): ActionScheduler_DBStore->stake_claim()
#2 /var/www/html/handelstore/wp-content/plugins/woocommerce/packages/action-scheduler/classes/ActionScheduler_QueueRunner.php(160): ActionScheduler_HybridStore->stake_claim()
#3 /var/www/html/handelstore/wp-content/plugins/woocommerce/packages/action-scheduler/classes/ActionScheduler_QueueRunner.php(139): ActionScheduler_QueueRunner->do_batch()
#4 /var/www/html/handelstore/wp-includes/class-wp-hook.php(324): ActionScheduler_QueueRunner->run()
#5 /var/www/html/handelstore/wp-includes/class-wp-hook.php(348): WP_Hook->apply_filters()
#6 /var/www/html/handelstore/wp-includes/plugin.php(565): WP_Hook->do_action()
#7 /var/www/html/handelstore/wp-cron.php(191): do_action_ref_array()
#8 {main}
  thrown i /var/www/html/handelstore/wp-content/plugins/woocommerce/packages/action-scheduler/classes/data-stores/ActionScheduler_DBStore.php på rad 942

2024-01-25T10:03:34+00:00 CRITICAL Uncaught RuntimeException: Det gick inte att göra anspråk på åtgärder. Databasfel: Table 'handelstore.wp_actionscheduler_actions' doesn't exist. in /var/www/html/handelstore/wp-content/plugins/woocommerce/packages/action-scheduler/classes/data-stores/ActionScheduler_DBStore.php:942
Stack trace:
#0 /var/www/html/handelstore/wp-content/plugins/woocommerce/packages/action-scheduler/classes/data-stores/ActionScheduler_DBStore.php(799): ActionScheduler_DBStore->claim_actions()
#1 /var/www/html/handelstore/wp-content/plugins/woocommerce/packages/action-scheduler/classes/data-stores/ActionScheduler_HybridStore.php(221): ActionScheduler_DBStore->stake_claim()
#2 /var/www/html/handelstore/wp-content/plugins/woocommerce/packages/action-scheduler/classes/ActionScheduler_QueueRunner.php(160): ActionScheduler_HybridStore->stake_claim()
#3 /var/www/html/handelstore/wp-content/plugins/woocommerce/packages/action-scheduler/classes/ActionScheduler_QueueRunner.php(139): ActionScheduler_QueueRunner->do_batch()
#4 /var/www/html/handelstore/wp-includes/class-wp-hook.php(324): ActionScheduler_QueueRunner->run()
#5 /var/www/html/handelstore/wp-includes/class-wp-hook.php(348): WP_Hook->apply_filters()
#6 /var/www/html/handelstore/wp-includes/plugin.php(565): WP_Hook->do_action()
#7 /var/www/html/handelstore/wp-cron.php(191): do_action_ref_array()
#8 {main}
  thrown i /var/www/html/handelstore/wp-content/plugins/woocommerce/packages/action-scheduler/classes/data-stores/ActionScheduler_DBStore.php på rad 942

2024-01-25T10:05:35+00:00 CRITICAL Uncaught RuntimeException: Det gick inte att göra anspråk på åtgärder. Databasfel: Table 'handelstore.wp_actionscheduler_actions' doesn't exist. in /var/www/html/handelstore/wp-content/plugins/woocommerce/packages/action-scheduler/classes/data-stores/ActionScheduler_DBStore.php:942
Stack trace:
#0 /var/www/html/handelstore/wp-content/plugins/woocommerce/packages/action-scheduler/classes/data-stores/ActionScheduler_DBStore.php(799): ActionScheduler_DBStore->claim_actions()
#1 /var/www/html/handelstore/wp-content/plugins/woocommerce/packages/action-scheduler/classes/data-stores/ActionScheduler_HybridStore.php(221): ActionScheduler_DBStore->stake_claim()
#2 /var/www/html/handelstore/wp-content/plugins/woocommerce/packages/action-scheduler/classes/ActionScheduler_QueueRunner.php(160): ActionScheduler_HybridStore->stake_claim()
#3 /var/www/html/handelstore/wp-content/plugins/woocommerce/packages/action-scheduler/classes/ActionScheduler_QueueRunner.php(139): ActionScheduler_QueueRunner->do_batch()
#4 /var/www/html/handelstore/wp-includes/class-wp-hook.php(324): ActionScheduler_QueueRunner->run()
#5 /var/www/html/handelstore/wp-includes/class-wp-hook.php(348): WP_Hook->apply_filters()
#6 /var/www/html/handelstore/wp-includes/plugin.php(565): WP_Hook->do_action()
#7 /var/www/html/handelstore/wp-cron.php(191): do_action_ref_array()
#8 {main}
  thrown i /var/www/html/handelstore/wp-content/plugins/woocommerce/packages/action-scheduler/classes/data-stores/ActionScheduler_DBStore.php på rad 942

2024-01-25T10:07:35+00:00 CRITICAL Uncaught RuntimeException: Det gick inte att göra anspråk på åtgärder. Databasfel: Table 'handelstore.wp_actionscheduler_actions' doesn't exist. in /var/www/html/handelstore/wp-content/plugins/woocommerce/packages/action-scheduler/classes/data-stores/ActionScheduler_DBStore.php:942
Stack trace:
#0 /var/www/html/handelstore/wp-content/plugins/woocommerce/packages/action-scheduler/classes/data-stores/ActionScheduler_DBStore.php(799): ActionScheduler_DBStore->claim_actions()
#1 /var/www/html/handelstore/wp-content/plugins/woocommerce/packages/action-scheduler/classes/data-stores/ActionScheduler_HybridStore.php(221): ActionScheduler_DBStore->stake_claim()
#2 /var/www/html/handelstore/wp-content/plugins/woocommerce/packages/action-scheduler/classes/ActionScheduler_QueueRunner.php(160): ActionScheduler_HybridStore->stake_claim()
#3 /var/www/html/handelstore/wp-content/plugins/woocommerce/packages/action-scheduler/classes/ActionScheduler_QueueRunner.php(139): ActionScheduler_QueueRunner->do_batch()
#4 /var/www/html/handelstore/wp-includes/class-wp-hook.php(324): ActionScheduler_QueueRunner->run()
#5 /var/www/html/handelstore/wp-includes/class-wp-hook.php(348): WP_Hook->apply_filters()
#6 /var/www/html/handelstore/wp-includes/plugin.php(565): WP_Hook->do_action()
#7 /var/www/html/handelstore/wp-cron.php(191): do_action_ref_array()
#8 {main}
  thrown i /var/www/html/handelstore/wp-content/plugins/woocommerce/packages/action-scheduler/classes/data-stores/ActionScheduler_DBStore.php på rad 942

2024-01-25T10:08:47+00:00 CRITICAL Uncaught RuntimeException: Det gick inte att göra anspråk på åtgärder. Databasfel: Table 'handelstore.wp_actionscheduler_actions' doesn't exist. in /var/www/html/handelstore/wp-content/plugins/woocommerce/packages/action-scheduler/classes/data-stores/ActionScheduler_DBStore.php:942
Stack trace:
#0 /var/www/html/handelstore/wp-content/plugins/woocommerce/packages/action-scheduler/classes/data-stores/ActionScheduler_DBStore.php(799): ActionScheduler_DBStore->claim_actions()
#1 /var/www/html/handelstore/wp-content/plugins/woocommerce/packages/action-scheduler/classes/data-stores/ActionScheduler_HybridStore.php(221): ActionScheduler_DBStore->stake_claim()
#2 /var/www/html/handelstore/wp-content/plugins/woocommerce/packages/action-scheduler/classes/ActionScheduler_QueueRunner.php(160): ActionScheduler_HybridStore->stake_claim()
#3 /var/www/html/handelstore/wp-content/plugins/woocommerce/packages/action-scheduler/classes/ActionScheduler_QueueRunner.php(139): ActionScheduler_QueueRunner->do_batch()
#4 /var/www/html/handelstore/wp-includes/class-wp-hook.php(324): ActionScheduler_QueueRunner->run()
#5 /var/www/html/handelstore/wp-includes/class-wp-hook.php(348): WP_Hook->apply_filters()
#6 /var/www/html/handelstore/wp-includes/plugin.php(565): WP_Hook->do_action()
#7 /var/www/html/handelstore/wp-cron.php(191): do_action_ref_array()
#8 {main}
  thrown i /var/www/html/handelstore/wp-content/plugins/woocommerce/packages/action-scheduler/classes/data-stores/ActionScheduler_DBStore.php på rad 942

2024-01-25T10:10:33+00:00 CRITICAL Uncaught RuntimeException: Det gick inte att göra anspråk på åtgärder. Databasfel: Table 'handelstore.wp_actionscheduler_actions' doesn't exist. in /var/www/html/handelstore/wp-content/plugins/woocommerce/packages/action-scheduler/classes/data-stores/ActionScheduler_DBStore.php:942
Stack trace:
#0 /var/www/html/handelstore/wp-content/plugins/woocommerce/packages/action-scheduler/classes/data-stores/ActionScheduler_DBStore.php(799): ActionScheduler_DBStore->claim_actions()
#1 /var/www/html/handelstore/wp-content/plugins/woocommerce/packages/action-scheduler/classes/data-stores/ActionScheduler_HybridStore.php(221): ActionScheduler_DBStore->stake_claim()
#2 /var/www/html/handelstore/wp-content/plugins/woocommerce/packages/action-scheduler/classes/ActionScheduler_QueueRunner.php(160): ActionScheduler_HybridStore->stake_claim()
#3 /var/www/html/handelstore/wp-content/plugins/woocommerce/packages/action-scheduler/classes/ActionScheduler_QueueRunner.php(139): ActionScheduler_QueueRunner->do_batch()
#4 /var/www/html/handelstore/wp-includes/class-wp-hook.php(324): ActionScheduler_QueueRunner->run()
#5 /var/www/html/handelstore/wp-includes/class-wp-hook.php(348): WP_Hook->apply_filters()
#6 /var/www/html/handelstore/wp-includes/plugin.php(565): WP_Hook->do_action()
#7 /var/www/html/handelstore/wp-cron.php(191): do_action_ref_array()
#8 {main}
  thrown i /var/www/html/handelstore/wp-content/plugins/woocommerce/packages/action-scheduler/classes/data-stores/ActionScheduler_DBStore.php på rad 942

2024-01-25T10:12:34+00:00 CRITICAL Uncaught RuntimeException: Det gick inte att göra anspråk på åtgärder. Databasfel: Table 'handelstore.wp_actionscheduler_actions' doesn't exist. in /var/www/html/handelstore/wp-content/plugins/woocommerce/packages/action-scheduler/classes/data-stores/ActionScheduler_DBStore.php:942
Stack trace:
#0 /var/www/html/handelstore/wp-content/plugins/woocommerce/packages/action-scheduler/classes/data-stores/ActionScheduler_DBStore.php(799): ActionScheduler_DBStore->claim_actions()
#1 /var/www/html/handelstore/wp-content/plugins/woocommerce/packages/action-scheduler/classes/data-stores/ActionScheduler_HybridStore.php(221): ActionScheduler_DBStore->stake_claim()
#2 /var/www/html/handelstore/wp-content/plugins/woocommerce/packages/action-scheduler/classes/ActionScheduler_QueueRunner.php(160): ActionScheduler_HybridStore->stake_claim()
#3 /var/www/html/handelstore/wp-content/plugins/woocommerce/packages/action-scheduler/classes/ActionScheduler_QueueRunner.php(139): ActionScheduler_QueueRunner->do_batch()
#4 /var/www/html/handelstore/wp-includes/class-wp-hook.php(324): ActionScheduler_QueueRunner->run()
#5 /var/www/html/handelstore/wp-includes/class-wp-hook.php(348): WP_Hook->apply_filters()
#6 /var/www/html/handelstore/wp-includes/plugin.php(565): WP_Hook->do_action()
#7 /var/www/html/handelstore/wp-cron.php(191): do_action_ref_array()
#8 {main}
  thrown i /var/www/html/handelstore/wp-content/plugins/woocommerce/packages/action-scheduler/classes/data-stores/ActionScheduler_DBStore.php på rad 942

2024-01-25T10:14:35+00:00 CRITICAL Uncaught RuntimeException: Det gick inte att göra anspråk på åtgärder. Databasfel: Table 'handelstore.wp_actionscheduler_actions' doesn't exist. in /var/www/html/handelstore/wp-content/plugins/woocommerce/packages/action-scheduler/classes/data-stores/ActionScheduler_DBStore.php:942
Stack trace:
#0 /var/www/html/handelstore/wp-content/plugins/woocommerce/packages/action-scheduler/classes/data-stores/ActionScheduler_DBStore.php(799): ActionScheduler_DBStore->claim_actions()
#1 /var/www/html/handelstore/wp-content/plugins/woocommerce/packages/action-scheduler/classes/data-stores/ActionScheduler_HybridStore.php(221): ActionScheduler_DBStore->stake_claim()
#2 /var/www/html/handelstore/wp-content/plugins/woocommerce/packages/action-scheduler/classes/ActionScheduler_QueueRunner.php(160): ActionScheduler_HybridStore->stake_claim()
#3 /var/www/html/handelstore/wp-content/plugins/woocommerce/packages/action-scheduler/classes/ActionScheduler_QueueRunner.php(139): ActionScheduler_QueueRunner->do_batch()
#4 /var/www/html/handelstore/wp-includes/class-wp-hook.php(324): ActionScheduler_QueueRunner->run()
#5 /var/www/html/handelstore/wp-includes/class-wp-hook.php(348): WP_Hook->apply_filters()
#6 /var/www/html/handelstore/wp-includes/plugin.php(565): WP_Hook->do_action()
#7 /var/www/html/handelstore/wp-cron.php(191): do_action_ref_array()
#8 {main}
  thrown i /var/www/html/handelstore/wp-content/plugins/woocommerce/packages/action-scheduler/classes/data-stores/ActionScheduler_DBStore.php på rad 942

2024-01-25T10:16:35+00:00 CRITICAL Uncaught RuntimeException: Det gick inte att göra anspråk på åtgärder. Databasfel: Table 'handelstore.wp_actionscheduler_actions' doesn't exist. in /var/www/html/handelstore/wp-content/plugins/woocommerce/packages/action-scheduler/classes/data-stores/ActionScheduler_DBStore.php:942
Stack trace:
#0 /var/www/html/handelstore/wp-content/plugins/woocommerce/packages/action-scheduler/classes/data-stores/ActionScheduler_DBStore.php(799): ActionScheduler_DBStore->claim_actions()
#1 /var/www/html/handelstore/wp-content/plugins/woocommerce/packages/action-scheduler/classes/data-stores/ActionScheduler_HybridStore.php(221): ActionScheduler_DBStore->stake_claim()
#2 /var/www/html/handelstore/wp-content/plugins/woocommerce/packages/action-scheduler/classes/ActionScheduler_QueueRunner.php(160): ActionScheduler_HybridStore->stake_claim()
#3 /var/www/html/handelstore/wp-content/plugins/woocommerce/packages/action-scheduler/classes/ActionScheduler_QueueRunner.php(139): ActionScheduler_QueueRunner->do_batch()
#4 /var/www/html/handelstore/wp-includes/class-wp-hook.php(324): ActionScheduler_QueueRunner->run()
#5 /var/www/html/handelstore/wp-includes/class-wp-hook.php(348): WP_Hook->apply_filters()
#6 /var/www/html/handelstore/wp-includes/plugin.php(565): WP_Hook->do_action()
#7 /var/www/html/handelstore/wp-cron.php(191): do_action_ref_array()
#8 {main}
  thrown i /var/www/html/handelstore/wp-content/plugins/woocommerce/packages/action-scheduler/classes/data-stores/ActionScheduler_DBStore.php på rad 942

2024-01-25T10:18:36+00:00 CRITICAL Uncaught RuntimeException: Det gick inte att göra anspråk på åtgärder. Databasfel: Table 'handelstore.wp_actionscheduler_actions' doesn't exist. in /var/www/html/handelstore/wp-content/plugins/woocommerce/packages/action-scheduler/classes/data-stores/ActionScheduler_DBStore.php:942
Stack trace:
#0 /var/www/html/handelstore/wp-content/plugins/woocommerce/packages/action-scheduler/classes/data-stores/ActionScheduler_DBStore.php(799): ActionScheduler_DBStore->claim_actions()
#1 /var/www/html/handelstore/wp-content/plugins/woocommerce/packages/action-scheduler/classes/data-stores/ActionScheduler_HybridStore.php(221): ActionScheduler_DBStore->stake_claim()
#2 /var/www/html/handelstore/wp-content/plugins/woocommerce/packages/action-scheduler/classes/ActionScheduler_QueueRunner.php(160): ActionScheduler_HybridStore->stake_claim()
#3 /var/www/html/handelstore/wp-content/plugins/woocommerce/packages/action-scheduler/classes/ActionScheduler_QueueRunner.php(139): ActionScheduler_QueueRunner->do_batch()
#4 /var/www/html/handelstore/wp-includes/class-wp-hook.php(324): ActionScheduler_QueueRunner->run()
#5 /var/www/html/handelstore/wp-includes/class-wp-hook.php(348): WP_Hook->apply_filters()
#6 /var/www/html/handelstore/wp-includes/plugin.php(565): WP_Hook->do_action()
#7 /var/www/html/handelstore/wp-cron.php(191): do_action_ref_array()
#8 {main}
  thrown i /var/www/html/handelstore/wp-content/plugins/woocommerce/packages/action-scheduler/classes/data-stores/ActionScheduler_DBStore.php på rad 942

2024-01-25T12:04:17+00:00 CRITICAL Uncaught RuntimeException: Det gick inte att göra anspråk på åtgärder. Databasfel: Table 'handelstore.wp_actionscheduler_actions' doesn't exist. in /var/www/html/handelstore/wp-content/plugins/woocommerce/packages/action-scheduler/classes/data-stores/ActionScheduler_DBStore.php:942
Stack trace:
#0 /var/www/html/handelstore/wp-content/plugins/woocommerce/packages/action-scheduler/classes/data-stores/ActionScheduler_DBStore.php(799): ActionScheduler_DBStore->claim_actions()
#1 /var/www/html/handelstore/wp-content/plugins/woocommerce/packages/action-scheduler/classes/data-stores/ActionScheduler_HybridStore.php(221): ActionScheduler_DBStore->stake_claim()
#2 /var/www/html/handelstore/wp-content/plugins/woocommerce/packages/action-scheduler/classes/ActionScheduler_QueueRunner.php(160): ActionScheduler_HybridStore->stake_claim()
#3 /var/www/html/handelstore/wp-content/plugins/woocommerce/packages/action-scheduler/classes/ActionScheduler_QueueRunner.php(139): ActionScheduler_QueueRunner->do_batch()
#4 /var/www/html/handelstore/wp-includes/class-wp-hook.php(324): ActionScheduler_QueueRunner->run()
#5 /var/www/html/handelstore/wp-includes/class-wp-hook.php(348): WP_Hook->apply_filters()
#6 /var/www/html/handelstore/wp-includes/plugin.php(565): WP_Hook->do_action()
#7 /var/www/html/handelstore/wp-cron.php(191): do_action_ref_array()
#8 {main}
  thrown i /var/www/html/handelstore/wp-content/plugins/woocommerce/packages/action-scheduler/classes/data-stores/ActionScheduler_DBStore.php på rad 942

2024-01-25T12:06:14+00:00 CRITICAL Uncaught RuntimeException: Det gick inte att göra anspråk på åtgärder. Databasfel: Table 'handelstore.wp_actionscheduler_actions' doesn't exist. in /var/www/html/handelstore/wp-content/plugins/woocommerce/packages/action-scheduler/classes/data-stores/ActionScheduler_DBStore.php:942
Stack trace:
#0 /var/www/html/handelstore/wp-content/plugins/woocommerce/packages/action-scheduler/classes/data-stores/ActionScheduler_DBStore.php(799): ActionScheduler_DBStore->claim_actions()
#1 /var/www/html/handelstore/wp-content/plugins/woocommerce/packages/action-scheduler/classes/data-stores/ActionScheduler_HybridStore.php(221): ActionScheduler_DBStore->stake_claim()
#2 /var/www/html/handelstore/wp-content/plugins/woocommerce/packages/action-scheduler/classes/ActionScheduler_QueueRunner.php(160): ActionScheduler_HybridStore->stake_claim()
#3 /var/www/html/handelstore/wp-content/plugins/woocommerce/packages/action-scheduler/classes/ActionScheduler_QueueRunner.php(139): ActionScheduler_QueueRunner->do_batch()
#4 /var/www/html/handelstore/wp-includes/class-wp-hook.php(324): ActionScheduler_QueueRunner->run()
#5 /var/www/html/handelstore/wp-includes/class-wp-hook.php(348): WP_Hook->apply_filters()
#6 /var/www/html/handelstore/wp-includes/plugin.php(565): WP_Hook->do_action()
#7 /var/www/html/handelstore/wp-cron.php(191): do_action_ref_array()
#8 {main}
  thrown i /var/www/html/handelstore/wp-content/plugins/woocommerce/packages/action-scheduler/classes/data-stores/ActionScheduler_DBStore.php på rad 942

2024-01-25T12:08:15+00:00 CRITICAL Uncaught RuntimeException: Det gick inte att göra anspråk på åtgärder. Databasfel: Table 'handelstore.wp_actionscheduler_actions' doesn't exist. in /var/www/html/handelstore/wp-content/plugins/woocommerce/packages/action-scheduler/classes/data-stores/ActionScheduler_DBStore.php:942
Stack trace:
#0 /var/www/html/handelstore/wp-content/plugins/woocommerce/packages/action-scheduler/classes/data-stores/ActionScheduler_DBStore.php(799): ActionScheduler_DBStore->claim_actions()
#1 /var/www/html/handelstore/wp-content/plugins/woocommerce/packages/action-scheduler/classes/data-stores/ActionScheduler_HybridStore.php(221): ActionScheduler_DBStore->stake_claim()
#2 /var/www/html/handelstore/wp-content/plugins/woocommerce/packages/action-scheduler/classes/ActionScheduler_QueueRunner.php(160): ActionScheduler_HybridStore->stake_claim()
#3 /var/www/html/handelstore/wp-content/plugins/woocommerce/packages/action-scheduler/classes/ActionScheduler_QueueRunner.php(139): ActionScheduler_QueueRunner->do_batch()
#4 /var/www/html/handelstore/wp-includes/class-wp-hook.php(324): ActionScheduler_QueueRunner->run()
#5 /var/www/html/handelstore/wp-includes/class-wp-hook.php(348): WP_Hook->apply_filters()
#6 /var/www/html/handelstore/wp-includes/plugin.php(565): WP_Hook->do_action()
#7 /var/www/html/handelstore/wp-cron.php(191): do_action_ref_array()
#8 {main}
  thrown i /var/www/html/handelstore/wp-content/plugins/woocommerce/packages/action-scheduler/classes/data-stores/ActionScheduler_DBStore.php på rad 942

2024-01-25T12:10:16+00:00 CRITICAL Uncaught RuntimeException: Det gick inte att göra anspråk på åtgärder. Databasfel: Table 'handelstore.wp_actionscheduler_actions' doesn't exist. in /var/www/html/handelstore/wp-content/plugins/woocommerce/packages/action-scheduler/classes/data-stores/ActionScheduler_DBStore.php:942
Stack trace:
#0 /var/www/html/handelstore/wp-content/plugins/woocommerce/packages/action-scheduler/classes/data-stores/ActionScheduler_DBStore.php(799): ActionScheduler_DBStore->claim_actions()
#1 /var/www/html/handelstore/wp-content/plugins/woocommerce/packages/action-scheduler/classes/data-stores/ActionScheduler_HybridStore.php(221): ActionScheduler_DBStore->stake_claim()
#2 /var/www/html/handelstore/wp-content/plugins/woocommerce/packages/action-scheduler/classes/ActionScheduler_QueueRunner.php(160): ActionScheduler_HybridStore->stake_claim()
#3 /var/www/html/handelstore/wp-content/plugins/woocommerce/packages/action-scheduler/classes/ActionScheduler_QueueRunner.php(139): ActionScheduler_QueueRunner->do_batch()
#4 /var/www/html/handelstore/wp-includes/class-wp-hook.php(324): ActionScheduler_QueueRunner->run()
#5 /var/www/html/handelstore/wp-includes/class-wp-hook.php(348): WP_Hook->apply_filters()
#6 /var/www/html/handelstore/wp-includes/plugin.php(565): WP_Hook->do_action()
#7 /var/www/html/handelstore/wp-cron.php(191): do_action_ref_array()
#8 {main}
  thrown i /var/www/html/handelstore/wp-content/plugins/woocommerce/packages/action-scheduler/classes/data-stores/ActionScheduler_DBStore.php på rad 942

2024-01-25T12:12:17+00:00 CRITICAL Uncaught RuntimeException: Det gick inte att göra anspråk på åtgärder. Databasfel: Table 'handelstore.wp_actionscheduler_actions' doesn't exist. in /var/www/html/handelstore/wp-content/plugins/woocommerce/packages/action-scheduler/classes/data-stores/ActionScheduler_DBStore.php:942
Stack trace:
#0 /var/www/html/handelstore/wp-content/plugins/woocommerce/packages/action-scheduler/classes/data-stores/ActionScheduler_DBStore.php(799): ActionScheduler_DBStore->claim_actions()
#1 /var/www/html/handelstore/wp-content/plugins/woocommerce/packages/action-scheduler/classes/data-stores/ActionScheduler_HybridStore.php(221): ActionScheduler_DBStore->stake_claim()
#2 /var/www/html/handelstore/wp-content/plugins/woocommerce/packages/action-scheduler/classes/ActionScheduler_QueueRunner.php(160): ActionScheduler_HybridStore->stake_claim()
#3 /var/www/html/handelstore/wp-content/plugins/woocommerce/packages/action-scheduler/classes/ActionScheduler_QueueRunner.php(139): ActionScheduler_QueueRunner->do_batch()
#4 /var/www/html/handelstore/wp-includes/class-wp-hook.php(324): ActionScheduler_QueueRunner->run()
#5 /var/www/html/handelstore/wp-includes/class-wp-hook.php(348): WP_Hook->apply_filters()
#6 /var/www/html/handelstore/wp-includes/plugin.php(565): WP_Hook->do_action()
#7 /var/www/html/handelstore/wp-cron.php(191): do_action_ref_array()
#8 {main}
  thrown i /var/www/html/handelstore/wp-content/plugins/woocommerce/packages/action-scheduler/classes/data-stores/ActionScheduler_DBStore.php på rad 942

2024-01-25T12:14:18+00:00 CRITICAL Uncaught RuntimeException: Det gick inte att göra anspråk på åtgärder. Databasfel: Table 'handelstore.wp_actionscheduler_actions' doesn't exist. in /var/www/html/handelstore/wp-content/plugins/woocommerce/packages/action-scheduler/classes/data-stores/ActionScheduler_DBStore.php:942
Stack trace:
#0 /var/www/html/handelstore/wp-content/plugins/woocommerce/packages/action-scheduler/classes/data-stores/ActionScheduler_DBStore.php(799): ActionScheduler_DBStore->claim_actions()
#1 /var/www/html/handelstore/wp-content/plugins/woocommerce/packages/action-scheduler/classes/data-stores/ActionScheduler_HybridStore.php(221): ActionScheduler_DBStore->stake_claim()
#2 /var/www/html/handelstore/wp-content/plugins/woocommerce/packages/action-scheduler/classes/ActionScheduler_QueueRunner.php(160): ActionScheduler_HybridStore->stake_claim()
#3 /var/www/html/handelstore/wp-content/plugins/woocommerce/packages/action-scheduler/classes/ActionScheduler_QueueRunner.php(139): ActionScheduler_QueueRunner->do_batch()
#4 /var/www/html/handelstore/wp-includes/class-wp-hook.php(324): ActionScheduler_QueueRunner->run()
#5 /var/www/html/handelstore/wp-includes/class-wp-hook.php(348): WP_Hook->apply_filters()
#6 /var/www/html/handelstore/wp-includes/plugin.php(565): WP_Hook->do_action()
#7 /var/www/html/handelstore/wp-cron.php(191): do_action_ref_array()
#8 {main}
  thrown i /var/www/html/handelstore/wp-content/plugins/woocommerce/packages/action-scheduler/classes/data-stores/ActionScheduler_DBStore.php på rad 942

2024-01-25T12:18:06+00:00 CRITICAL Uncaught RuntimeException: Det gick inte att göra anspråk på åtgärder. Databasfel: Table 'handelstore.wp_actionscheduler_actions' doesn't exist. in /var/www/html/handelstore/wp-content/plugins/woocommerce/packages/action-scheduler/classes/data-stores/ActionScheduler_DBStore.php:942
Stack trace:
#0 /var/www/html/handelstore/wp-content/plugins/woocommerce/packages/action-scheduler/classes/data-stores/ActionScheduler_DBStore.php(799): ActionScheduler_DBStore->claim_actions()
#1 /var/www/html/handelstore/wp-content/plugins/woocommerce/packages/action-scheduler/classes/data-stores/ActionScheduler_HybridStore.php(221): ActionScheduler_DBStore->stake_claim()
#2 /var/www/html/handelstore/wp-content/plugins/woocommerce/packages/action-scheduler/classes/ActionScheduler_QueueRunner.php(160): ActionScheduler_HybridStore->stake_claim()
#3 /var/www/html/handelstore/wp-content/plugins/woocommerce/packages/action-scheduler/classes/ActionScheduler_QueueRunner.php(139): ActionScheduler_QueueRunner->do_batch()
#4 /var/www/html/handelstore/wp-includes/class-wp-hook.php(324): ActionScheduler_QueueRunner->run()
#5 /var/www/html/handelstore/wp-includes/class-wp-hook.php(348): WP_Hook->apply_filters()
#6 /var/www/html/handelstore/wp-includes/plugin.php(565): WP_Hook->do_action()
#7 /var/www/html/handelstore/wp-cron.php(191): do_action_ref_array()
#8 {main}
  thrown i /var/www/html/handelstore/wp-content/plugins/woocommerce/packages/action-scheduler/classes/data-stores/ActionScheduler_DBStore.php på rad 942

2024-01-25T12:19:06+00:00 CRITICAL Uncaught RuntimeException: Det gick inte att göra anspråk på åtgärder. Databasfel: Table 'handelstore.wp_actionscheduler_actions' doesn't exist. in /var/www/html/handelstore/wp-content/plugins/woocommerce/packages/action-scheduler/classes/data-stores/ActionScheduler_DBStore.php:942
Stack trace:
#0 /var/www/html/handelstore/wp-content/plugins/woocommerce/packages/action-scheduler/classes/data-stores/ActionScheduler_DBStore.php(799): ActionScheduler_DBStore->claim_actions()
#1 /var/www/html/handelstore/wp-content/plugins/woocommerce/packages/action-scheduler/classes/data-stores/ActionScheduler_HybridStore.php(221): ActionScheduler_DBStore->stake_claim()
#2 /var/www/html/handelstore/wp-content/plugins/woocommerce/packages/action-scheduler/classes/ActionScheduler_QueueRunner.php(160): ActionScheduler_HybridStore->stake_claim()
#3 /var/www/html/handelstore/wp-content/plugins/woocommerce/packages/action-scheduler/classes/ActionScheduler_QueueRunner.php(139): ActionScheduler_QueueRunner->do_batch()
#4 /var/www/html/handelstore/wp-includes/class-wp-hook.php(324): ActionScheduler_QueueRunner->run()
#5 /var/www/html/handelstore/wp-includes/class-wp-hook.php(348): WP_Hook->apply_filters()
#6 /var/www/html/handelstore/wp-includes/plugin.php(565): WP_Hook->do_action()
#7 /var/www/html/handelstore/wp-cron.php(191): do_action_ref_array()
#8 {main}
  thrown i /var/www/html/handelstore/wp-content/plugins/woocommerce/packages/action-scheduler/classes/data-stores/ActionScheduler_DBStore.php på rad 942

2024-01-25T12:21:07+00:00 CRITICAL Uncaught RuntimeException: Det gick inte att göra anspråk på åtgärder. Databasfel: Table 'handelstore.wp_actionscheduler_actions' doesn't exist. in /var/www/html/handelstore/wp-content/plugins/woocommerce/packages/action-scheduler/classes/data-stores/ActionScheduler_DBStore.php:942
Stack trace:
#0 /var/www/html/handelstore/wp-content/plugins/woocommerce/packages/action-scheduler/classes/data-stores/ActionScheduler_DBStore.php(799): ActionScheduler_DBStore->claim_actions()
#1 /var/www/html/handelstore/wp-content/plugins/woocommerce/packages/action-scheduler/classes/data-stores/ActionScheduler_HybridStore.php(221): ActionScheduler_DBStore->stake_claim()
#2 /var/www/html/handelstore/wp-content/plugins/woocommerce/packages/action-scheduler/classes/ActionScheduler_QueueRunner.php(160): ActionScheduler_HybridStore->stake_claim()
#3 /var/www/html/handelstore/wp-content/plugins/woocommerce/packages/action-scheduler/classes/ActionScheduler_QueueRunner.php(139): ActionScheduler_QueueRunner->do_batch()
#4 /var/www/html/handelstore/wp-includes/class-wp-hook.php(324): ActionScheduler_QueueRunner->run()
#5 /var/www/html/handelstore/wp-includes/class-wp-hook.php(348): WP_Hook->apply_filters()
#6 /var/www/html/handelstore/wp-includes/plugin.php(565): WP_Hook->do_action()
#7 /var/www/html/handelstore/wp-cron.php(191): do_action_ref_array()
#8 {main}
  thrown i /var/www/html/handelstore/wp-content/plugins/woocommerce/packages/action-scheduler/classes/data-stores/ActionScheduler_DBStore.php på rad 942

2024-01-25T12:23:08+00:00 CRITICAL Uncaught RuntimeException: Det gick inte att göra anspråk på åtgärder. Databasfel: Table 'handelstore.wp_actionscheduler_actions' doesn't exist. in /var/www/html/handelstore/wp-content/plugins/woocommerce/packages/action-scheduler/classes/data-stores/ActionScheduler_DBStore.php:942
Stack trace:
#0 /var/www/html/handelstore/wp-content/plugins/woocommerce/packages/action-scheduler/classes/data-stores/ActionScheduler_DBStore.php(799): ActionScheduler_DBStore->claim_actions()
#1 /var/www/html/handelstore/wp-content/plugins/woocommerce/packages/action-scheduler/classes/data-stores/ActionScheduler_HybridStore.php(221): ActionScheduler_DBStore->stake_claim()
#2 /var/www/html/handelstore/wp-content/plugins/woocommerce/packages/action-scheduler/classes/ActionScheduler_QueueRunner.php(160): ActionScheduler_HybridStore->stake_claim()
#3 /var/www/html/handelstore/wp-content/plugins/woocommerce/packages/action-scheduler/classes/ActionScheduler_QueueRunner.php(139): ActionScheduler_QueueRunner->do_batch()
#4 /var/www/html/handelstore/wp-includes/class-wp-hook.php(324): ActionScheduler_QueueRunner->run()
#5 /var/www/html/handelstore/wp-includes/class-wp-hook.php(348): WP_Hook->apply_filters()
#6 /var/www/html/handelstore/wp-includes/plugin.php(565): WP_Hook->do_action()
#7 /var/www/html/handelstore/wp-cron.php(191): do_action_ref_array()
#8 {main}
  thrown i /var/www/html/handelstore/wp-content/plugins/woocommerce/packages/action-scheduler/classes/data-stores/ActionScheduler_DBStore.php på rad 942

2024-01-25T12:25:09+00:00 CRITICAL Uncaught RuntimeException: Det gick inte att göra anspråk på åtgärder. Databasfel: Table 'handelstore.wp_actionscheduler_actions' doesn't exist. in /var/www/html/handelstore/wp-content/plugins/woocommerce/packages/action-scheduler/classes/data-stores/ActionScheduler_DBStore.php:942
Stack trace:
#0 /var/www/html/handelstore/wp-content/plugins/woocommerce/packages/action-scheduler/classes/data-stores/ActionScheduler_DBStore.php(799): ActionScheduler_DBStore->claim_actions()
#1 /var/www/html/handelstore/wp-content/plugins/woocommerce/packages/action-scheduler/classes/data-stores/ActionScheduler_HybridStore.php(221): ActionScheduler_DBStore->stake_claim()
#2 /var/www/html/handelstore/wp-content/plugins/woocommerce/packages/action-scheduler/classes/ActionScheduler_QueueRunner.php(160): ActionScheduler_HybridStore->stake_claim()
#3 /var/www/html/handelstore/wp-content/plugins/woocommerce/packages/action-scheduler/classes/ActionScheduler_QueueRunner.php(139): ActionScheduler_QueueRunner->do_batch()
#4 /var/www/html/handelstore/wp-includes/class-wp-hook.php(324): ActionScheduler_QueueRunner->run()
#5 /var/www/html/handelstore/wp-includes/class-wp-hook.php(348): WP_Hook->apply_filters()
#6 /var/www/html/handelstore/wp-includes/plugin.php(565): WP_Hook->do_action()
#7 /var/www/html/handelstore/wp-cron.php(191): do_action_ref_array()
#8 {main}
  thrown i /var/www/html/handelstore/wp-content/plugins/woocommerce/packages/action-scheduler/classes/data-stores/ActionScheduler_DBStore.php på rad 942

2024-01-25T12:27:10+00:00 CRITICAL Uncaught RuntimeException: Det gick inte att göra anspråk på åtgärder. Databasfel: Table 'handelstore.wp_actionscheduler_actions' doesn't exist. in /var/www/html/handelstore/wp-content/plugins/woocommerce/packages/action-scheduler/classes/data-stores/ActionScheduler_DBStore.php:942
Stack trace:
#0 /var/www/html/handelstore/wp-content/plugins/woocommerce/packages/action-scheduler/classes/data-stores/ActionScheduler_DBStore.php(799): ActionScheduler_DBStore->claim_actions()
#1 /var/www/html/handelstore/wp-content/plugins/woocommerce/packages/action-scheduler/classes/data-stores/ActionScheduler_HybridStore.php(221): ActionScheduler_DBStore->stake_claim()
#2 /var/www/html/handelstore/wp-content/plugins/woocommerce/packages/action-scheduler/classes/ActionScheduler_QueueRunner.php(160): ActionScheduler_HybridStore->stake_claim()
#3 /var/www/html/handelstore/wp-content/plugins/woocommerce/packages/action-scheduler/classes/ActionScheduler_QueueRunner.php(139): ActionScheduler_QueueRunner->do_batch()
#4 /var/www/html/handelstore/wp-includes/class-wp-hook.php(324): ActionScheduler_QueueRunner->run()
#5 /var/www/html/handelstore/wp-includes/class-wp-hook.php(348): WP_Hook->apply_filters()
#6 /var/www/html/handelstore/wp-includes/plugin.php(565): WP_Hook->do_action()
#7 /var/www/html/handelstore/wp-cron.php(191): do_action_ref_array()
#8 {main}
  thrown i /var/www/html/handelstore/wp-content/plugins/woocommerce/packages/action-scheduler/classes/data-stores/ActionScheduler_DBStore.php på rad 942

2024-01-25T13:40:34+00:00 CRITICAL Uncaught RuntimeException: Det gick inte att göra anspråk på åtgärder. Databasfel: Table 'handelstore.wp_actionscheduler_actions' doesn't exist. in /var/www/html/handelstore/wp-content/plugins/woocommerce/packages/action-scheduler/classes/data-stores/ActionScheduler_DBStore.php:942
Stack trace:
#0 /var/www/html/handelstore/wp-content/plugins/woocommerce/packages/action-scheduler/classes/data-stores/ActionScheduler_DBStore.php(799): ActionScheduler_DBStore->claim_actions()
#1 /var/www/html/handelstore/wp-content/plugins/woocommerce/packages/action-scheduler/classes/data-stores/ActionScheduler_HybridStore.php(221): ActionScheduler_DBStore->stake_claim()
#2 /var/www/html/handelstore/wp-content/plugins/woocommerce/packages/action-scheduler/classes/ActionScheduler_QueueRunner.php(160): ActionScheduler_HybridStore->stake_claim()
#3 /var/www/html/handelstore/wp-content/plugins/woocommerce/packages/action-scheduler/classes/ActionScheduler_QueueRunner.php(139): ActionScheduler_QueueRunner->do_batch()
#4 /var/www/html/handelstore/wp-includes/class-wp-hook.php(324): ActionScheduler_QueueRunner->run()
#5 /var/www/html/handelstore/wp-includes/class-wp-hook.php(348): WP_Hook->apply_filters()
#6 /var/www/html/handelstore/wp-includes/plugin.php(565): WP_Hook->do_action()
#7 /var/www/html/handelstore/wp-cron.php(191): do_action_ref_array()
#8 {main}
  thrown i /var/www/html/handelstore/wp-content/plugins/woocommerce/packages/action-scheduler/classes/data-stores/ActionScheduler_DBStore.php på rad 942

